<html>
<head>
<title>TestNG:  Surefire test</title>
<link href="../testng.css" rel="stylesheet" type="text/css" />
<link href="../my-testng.css" rel="stylesheet" type="text/css" />

<style type="text/css">
.log { display: none;} 
.stack-trace { display: none;} 
</style>
<script type="text/javascript">
<!--
function flip(e) {
  current = e.style.display;
  if (current == 'block') {
    e.style.display = 'none';
    return 0;
  }
  else {
    e.style.display = 'block';
    return 1;
  }
}

function toggleBox(szDivId, elem, msg1, msg2)
{
  var res = -1;  if (document.getElementById) {
    res = flip(document.getElementById(szDivId));
  }
  else if (document.all) {
    // this is the way old msie versions work
    res = flip(document.all[szDivId]);
  }
  if(elem) {
    if(res == 0) elem.innerHTML = msg1; else elem.innerHTML = msg2;
  }

}

function toggleAllBoxes() {
  if (document.getElementsByTagName) {
    d = document.getElementsByTagName('div');
    for (i = 0; i < d.length; i++) {
      if (d[i].className == 'log') {
        flip(d[i]);
      }
    }
  }
}

// -->
</script>

</head>
<body>
<h2 align='center'>Surefire test</h2><table border='1' align="center">
<tr>
<td>Tests passed/Failed/Skipped:</td><td>104/0/0</td>
</tr><tr>
<td>Started on:</td><td>Tue Oct 07 14:59:05 IST 2025</td>
</tr>
<tr><td>Total time:</td><td>0 seconds (217 ms)</td>
</tr><tr>
<td>Included groups:</td><td></td>
</tr><tr>
<td>Excluded groups:</td><td></td>
</tr>
</table><p/>
<small><i>(Hover the method name to see the test class name)</i></small><p/>
<table width='100%' border='1' class='invocation-passed'>
<tr><td colspan='4' align='center'><b>PASSED TESTS</b></td></tr>
<tr><td><b>Test method</b></td>
<td><b>Attribute(s)</b></td>
<td width="30%"><b>Exception</b></td>
<td width="10%"><b>Time (seconds)</b></td>
<td><b>Instance</b></td>
</tr>
<tr>
<td title='com.city.service.ComplaintServiceTest.testRegisterComplaintWithNonExistentCitizen()'><b>testRegisterComplaintWithNonExistentCitizen</b><br>Test class: com.city.service.ComplaintServiceTest</td>
<td><div><pre>com.city.exception.ServiceUnavailableException: Citizen with ID NON_EXISTENT not found
	at com.city.service.ComplaintService.registerComplaint(ComplaintService.java:48)
	at com.city.service.ComplaintServiceTest.testRegisterComplaintWithNonExistentCitizen(ComplaintServiceTest.java:156)
	at java.base/java.util.ArrayList.forEach(ArrayList.java:1604)
... Removed 30 stack frames</pre></div><a href='#' onClick='toggleBox("stack-trace461160828", this, "Click to show all stack frames", "Click to hide stack frames")'>Click to show all stack frames</a>
<div class='stack-trace' id='stack-trace461160828'><pre>com.city.exception.ServiceUnavailableException: Citizen with ID NON_EXISTENT not found
	at com.city.service.ComplaintService.registerComplaint(ComplaintService.java:48)
	at com.city.service.ComplaintServiceTest.testRegisterComplaintWithNonExistentCitizen(ComplaintServiceTest.java:156)
	at java.base/jdk.internal.reflect.DirectMethodHandleAccessor.invoke(DirectMethodHandleAccessor.java:104)
	at java.base/java.lang.reflect.Method.invoke(Method.java:565)
	at org.testng.internal.invokers.MethodInvocationHelper.invokeMethod(MethodInvocationHelper.java:141)
	at org.testng.internal.invokers.TestInvoker.invokeMethod(TestInvoker.java:687)
	at org.testng.internal.invokers.TestInvoker.invokeTestMethod(TestInvoker.java:230)
	at org.testng.internal.invokers.MethodRunner.runInSequence(MethodRunner.java:63)
	at org.testng.internal.invokers.TestInvoker$MethodInvocationAgent.invoke(TestInvoker.java:995)
	at org.testng.internal.invokers.TestInvoker.invokeTestMethods(TestInvoker.java:203)
	at org.testng.internal.invokers.TestMethodWorker.invokeTestMethods(TestMethodWorker.java:154)
	at org.testng.internal.invokers.TestMethodWorker.run(TestMethodWorker.java:134)
	at java.base/java.util.ArrayList.forEach(ArrayList.java:1604)
	at org.testng.TestRunner.privateRun(TestRunner.java:741)
	at org.testng.TestRunner.run(TestRunner.java:616)
	at org.testng.SuiteRunner.runTest(SuiteRunner.java:421)
	at org.testng.SuiteRunner.runSequentially(SuiteRunner.java:413)
	at org.testng.SuiteRunner.privateRun(SuiteRunner.java:373)
	at org.testng.SuiteRunner.run(SuiteRunner.java:312)
	at org.testng.SuiteRunnerWorker.runSuite(SuiteRunnerWorker.java:52)
	at org.testng.SuiteRunnerWorker.run(SuiteRunnerWorker.java:95)
	at org.testng.TestNG.runSuitesSequentially(TestNG.java:1274)
	at org.testng.TestNG.runSuitesLocally(TestNG.java:1208)
	at org.testng.TestNG.runSuites(TestNG.java:1112)
	at org.testng.TestNG.run(TestNG.java:1079)
	at org.apache.maven.surefire.testng.TestNGExecutor.run(TestNGExecutor.java:155)
	at org.apache.maven.surefire.testng.TestNGDirectoryTestSuite.executeMulti(TestNGDirectoryTestSuite.java:169)
	at org.apache.maven.surefire.testng.TestNGDirectoryTestSuite.execute(TestNGDirectoryTestSuite.java:88)
	at org.apache.maven.surefire.testng.TestNGProvider.invoke(TestNGProvider.java:137)
	at org.apache.maven.surefire.booter.ForkedBooter.runSuitesInProcess(ForkedBooter.java:385)
	at org.apache.maven.surefire.booter.ForkedBooter.execute(ForkedBooter.java:162)
	at org.apache.maven.surefire.booter.ForkedBooter.run(ForkedBooter.java:507)
	at org.apache.maven.surefire.booter.ForkedBooter.main(ForkedBooter.java:495)
</pre></div></td>
<td>0</td>
<td>com.city.service.ComplaintServiceTest@7fc229ab</td></tr>
<tr>
<td title='com.city.service.ComplaintServiceTest.testRegisterComplaintWithInvalidData()'><b>testRegisterComplaintWithInvalidData</b><br>Test class: com.city.service.ComplaintServiceTest<br>Parameters: C001, ROAD, , HIGH</td>
<td><div><pre>com.city.exception.InvalidInputException: Complaint Description cannot be null or empty
	at com.city.service.ComplaintService.registerComplaint(ComplaintService.java:40)
	at com.city.service.ComplaintServiceTest.testRegisterComplaintWithInvalidData(ComplaintServiceTest.java:108)
	at java.base/java.util.ArrayList.forEach(ArrayList.java:1604)
... Removed 30 stack frames</pre></div><a href='#' onClick='toggleBox("stack-trace1162918744", this, "Click to show all stack frames", "Click to hide stack frames")'>Click to show all stack frames</a>
<div class='stack-trace' id='stack-trace1162918744'><pre>com.city.exception.InvalidInputException: Complaint Description cannot be null or empty
	at com.city.service.ComplaintService.registerComplaint(ComplaintService.java:40)
	at com.city.service.ComplaintServiceTest.testRegisterComplaintWithInvalidData(ComplaintServiceTest.java:108)
	at java.base/jdk.internal.reflect.DirectMethodHandleAccessor.invoke(DirectMethodHandleAccessor.java:104)
	at java.base/java.lang.reflect.Method.invoke(Method.java:565)
	at org.testng.internal.invokers.MethodInvocationHelper.invokeMethod(MethodInvocationHelper.java:141)
	at org.testng.internal.invokers.TestInvoker.invokeMethod(TestInvoker.java:687)
	at org.testng.internal.invokers.TestInvoker.invokeTestMethod(TestInvoker.java:230)
	at org.testng.internal.invokers.MethodRunner.runInSequence(MethodRunner.java:63)
	at org.testng.internal.invokers.TestInvoker$MethodInvocationAgent.invoke(TestInvoker.java:995)
	at org.testng.internal.invokers.TestInvoker.invokeTestMethods(TestInvoker.java:203)
	at org.testng.internal.invokers.TestMethodWorker.invokeTestMethods(TestMethodWorker.java:154)
	at org.testng.internal.invokers.TestMethodWorker.run(TestMethodWorker.java:134)
	at java.base/java.util.ArrayList.forEach(ArrayList.java:1604)
	at org.testng.TestRunner.privateRun(TestRunner.java:741)
	at org.testng.TestRunner.run(TestRunner.java:616)
	at org.testng.SuiteRunner.runTest(SuiteRunner.java:421)
	at org.testng.SuiteRunner.runSequentially(SuiteRunner.java:413)
	at org.testng.SuiteRunner.privateRun(SuiteRunner.java:373)
	at org.testng.SuiteRunner.run(SuiteRunner.java:312)
	at org.testng.SuiteRunnerWorker.runSuite(SuiteRunnerWorker.java:52)
	at org.testng.SuiteRunnerWorker.run(SuiteRunnerWorker.java:95)
	at org.testng.TestNG.runSuitesSequentially(TestNG.java:1274)
	at org.testng.TestNG.runSuitesLocally(TestNG.java:1208)
	at org.testng.TestNG.runSuites(TestNG.java:1112)
	at org.testng.TestNG.run(TestNG.java:1079)
	at org.apache.maven.surefire.testng.TestNGExecutor.run(TestNGExecutor.java:155)
	at org.apache.maven.surefire.testng.TestNGDirectoryTestSuite.executeMulti(TestNGDirectoryTestSuite.java:169)
	at org.apache.maven.surefire.testng.TestNGDirectoryTestSuite.execute(TestNGDirectoryTestSuite.java:88)
	at org.apache.maven.surefire.testng.TestNGProvider.invoke(TestNGProvider.java:137)
	at org.apache.maven.surefire.booter.ForkedBooter.runSuitesInProcess(ForkedBooter.java:385)
	at org.apache.maven.surefire.booter.ForkedBooter.execute(ForkedBooter.java:162)
	at org.apache.maven.surefire.booter.ForkedBooter.run(ForkedBooter.java:507)
	at org.apache.maven.surefire.booter.ForkedBooter.main(ForkedBooter.java:495)
</pre></div></td>
<td>0</td>
<td>com.city.service.ComplaintServiceTest@7fc229ab</td></tr>
<tr>
<td title='com.city.service.AnalyticsServiceTest.testGetComplaintStatisticsWithNoData()'><b>testGetComplaintStatisticsWithNoData</b><br>Test class: com.city.service.AnalyticsServiceTest</td>
<td></td>
<td>0</td>
<td>com.city.service.AnalyticsServiceTest@3ee0fea4</td></tr>
<tr>
<td title='com.city.service.EmergencyServiceTest.testDispatchEmergencyServiceWithNullAlertId()'><b>testDispatchEmergencyServiceWithNullAlertId</b><br>Test class: com.city.service.EmergencyServiceTest</td>
<td><div><pre>com.city.exception.InvalidInputException: Alert ID cannot be null or empty
	at com.city.service.EmergencyService.dispatchEmergencyService(EmergencyService.java:51)
	at com.city.service.EmergencyServiceTest.testDispatchEmergencyServiceWithNullAlertId(EmergencyServiceTest.java:137)
	at java.base/java.util.ArrayList.forEach(ArrayList.java:1604)
... Removed 30 stack frames</pre></div><a href='#' onClick='toggleBox("stack-trace311239812", this, "Click to show all stack frames", "Click to hide stack frames")'>Click to show all stack frames</a>
<div class='stack-trace' id='stack-trace311239812'><pre>com.city.exception.InvalidInputException: Alert ID cannot be null or empty
	at com.city.service.EmergencyService.dispatchEmergencyService(EmergencyService.java:51)
	at com.city.service.EmergencyServiceTest.testDispatchEmergencyServiceWithNullAlertId(EmergencyServiceTest.java:137)
	at java.base/jdk.internal.reflect.DirectMethodHandleAccessor.invoke(DirectMethodHandleAccessor.java:104)
	at java.base/java.lang.reflect.Method.invoke(Method.java:565)
	at org.testng.internal.invokers.MethodInvocationHelper.invokeMethod(MethodInvocationHelper.java:141)
	at org.testng.internal.invokers.TestInvoker.invokeMethod(TestInvoker.java:687)
	at org.testng.internal.invokers.TestInvoker.invokeTestMethod(TestInvoker.java:230)
	at org.testng.internal.invokers.MethodRunner.runInSequence(MethodRunner.java:63)
	at org.testng.internal.invokers.TestInvoker$MethodInvocationAgent.invoke(TestInvoker.java:995)
	at org.testng.internal.invokers.TestInvoker.invokeTestMethods(TestInvoker.java:203)
	at org.testng.internal.invokers.TestMethodWorker.invokeTestMethods(TestMethodWorker.java:154)
	at org.testng.internal.invokers.TestMethodWorker.run(TestMethodWorker.java:134)
	at java.base/java.util.ArrayList.forEach(ArrayList.java:1604)
	at org.testng.TestRunner.privateRun(TestRunner.java:741)
	at org.testng.TestRunner.run(TestRunner.java:616)
	at org.testng.SuiteRunner.runTest(SuiteRunner.java:421)
	at org.testng.SuiteRunner.runSequentially(SuiteRunner.java:413)
	at org.testng.SuiteRunner.privateRun(SuiteRunner.java:373)
	at org.testng.SuiteRunner.run(SuiteRunner.java:312)
	at org.testng.SuiteRunnerWorker.runSuite(SuiteRunnerWorker.java:52)
	at org.testng.SuiteRunnerWorker.run(SuiteRunnerWorker.java:95)
	at org.testng.TestNG.runSuitesSequentially(TestNG.java:1274)
	at org.testng.TestNG.runSuitesLocally(TestNG.java:1208)
	at org.testng.TestNG.runSuites(TestNG.java:1112)
	at org.testng.TestNG.run(TestNG.java:1079)
	at org.apache.maven.surefire.testng.TestNGExecutor.run(TestNGExecutor.java:155)
	at org.apache.maven.surefire.testng.TestNGDirectoryTestSuite.executeMulti(TestNGDirectoryTestSuite.java:169)
	at org.apache.maven.surefire.testng.TestNGDirectoryTestSuite.execute(TestNGDirectoryTestSuite.java:88)
	at org.apache.maven.surefire.testng.TestNGProvider.invoke(TestNGProvider.java:137)
	at org.apache.maven.surefire.booter.ForkedBooter.runSuitesInProcess(ForkedBooter.java:385)
	at org.apache.maven.surefire.booter.ForkedBooter.execute(ForkedBooter.java:162)
	at org.apache.maven.surefire.booter.ForkedBooter.run(ForkedBooter.java:507)
	at org.apache.maven.surefire.booter.ForkedBooter.main(ForkedBooter.java:495)
</pre></div></td>
<td>0</td>
<td>com.city.service.EmergencyServiceTest@2cbb3d47</td></tr>
<tr>
<td title='com.city.service.TrafficManagementServiceTest.testUpdateTrafficDensityWithNonExistingSensor()'><b>testUpdateTrafficDensityWithNonExistingSensor</b><br>Test class: com.city.service.TrafficManagementServiceTest</td>
<td><div><pre>com.city.exception.ServiceUnavailableException: Sensor with ID WRONG_SENSOR not found
	at com.city.service.TrafficManagementService.updateTrafficDensity(TrafficManagementService.java:33)
	at com.city.service.TrafficManagementServiceTest.testUpdateTrafficDensityWithNonExistingSensor(TrafficManagementServiceTest.java:97)
	at java.base/java.util.ArrayList.forEach(ArrayList.java:1604)
... Removed 30 stack frames</pre></div><a href='#' onClick='toggleBox("stack-trace1276261147", this, "Click to show all stack frames", "Click to hide stack frames")'>Click to show all stack frames</a>
<div class='stack-trace' id='stack-trace1276261147'><pre>com.city.exception.ServiceUnavailableException: Sensor with ID WRONG_SENSOR not found
	at com.city.service.TrafficManagementService.updateTrafficDensity(TrafficManagementService.java:33)
	at com.city.service.TrafficManagementServiceTest.testUpdateTrafficDensityWithNonExistingSensor(TrafficManagementServiceTest.java:97)
	at java.base/jdk.internal.reflect.DirectMethodHandleAccessor.invoke(DirectMethodHandleAccessor.java:104)
	at java.base/java.lang.reflect.Method.invoke(Method.java:565)
	at org.testng.internal.invokers.MethodInvocationHelper.invokeMethod(MethodInvocationHelper.java:141)
	at org.testng.internal.invokers.TestInvoker.invokeMethod(TestInvoker.java:687)
	at org.testng.internal.invokers.TestInvoker.invokeTestMethod(TestInvoker.java:230)
	at org.testng.internal.invokers.MethodRunner.runInSequence(MethodRunner.java:63)
	at org.testng.internal.invokers.TestInvoker$MethodInvocationAgent.invoke(TestInvoker.java:995)
	at org.testng.internal.invokers.TestInvoker.invokeTestMethods(TestInvoker.java:203)
	at org.testng.internal.invokers.TestMethodWorker.invokeTestMethods(TestMethodWorker.java:154)
	at org.testng.internal.invokers.TestMethodWorker.run(TestMethodWorker.java:134)
	at java.base/java.util.ArrayList.forEach(ArrayList.java:1604)
	at org.testng.TestRunner.privateRun(TestRunner.java:741)
	at org.testng.TestRunner.run(TestRunner.java:616)
	at org.testng.SuiteRunner.runTest(SuiteRunner.java:421)
	at org.testng.SuiteRunner.runSequentially(SuiteRunner.java:413)
	at org.testng.SuiteRunner.privateRun(SuiteRunner.java:373)
	at org.testng.SuiteRunner.run(SuiteRunner.java:312)
	at org.testng.SuiteRunnerWorker.runSuite(SuiteRunnerWorker.java:52)
	at org.testng.SuiteRunnerWorker.run(SuiteRunnerWorker.java:95)
	at org.testng.TestNG.runSuitesSequentially(TestNG.java:1274)
	at org.testng.TestNG.runSuitesLocally(TestNG.java:1208)
	at org.testng.TestNG.runSuites(TestNG.java:1112)
	at org.testng.TestNG.run(TestNG.java:1079)
	at org.apache.maven.surefire.testng.TestNGExecutor.run(TestNGExecutor.java:155)
	at org.apache.maven.surefire.testng.TestNGDirectoryTestSuite.executeMulti(TestNGDirectoryTestSuite.java:169)
	at org.apache.maven.surefire.testng.TestNGDirectoryTestSuite.execute(TestNGDirectoryTestSuite.java:88)
	at org.apache.maven.surefire.testng.TestNGProvider.invoke(TestNGProvider.java:137)
	at org.apache.maven.surefire.booter.ForkedBooter.runSuitesInProcess(ForkedBooter.java:385)
	at org.apache.maven.surefire.booter.ForkedBooter.execute(ForkedBooter.java:162)
	at org.apache.maven.surefire.booter.ForkedBooter.run(ForkedBooter.java:507)
	at org.apache.maven.surefire.booter.ForkedBooter.main(ForkedBooter.java:495)
</pre></div></td>
<td>0</td>
<td>com.city.service.TrafficManagementServiceTest@527e5409</td></tr>
<tr>
<td title='com.city.service.EmergencyServiceTest.testRaiseEmergencyAlert_InvalidData_ThrowsException()'><b>testRaiseEmergencyAlert_InvalidData_ThrowsException</b><br>Test class: com.city.service.EmergencyServiceTest<br>Parameters: FIRE, , HIGH</td>
<td><div><pre>com.city.exception.InvalidInputException: Emergency Location cannot be null or empty
	at com.city.service.EmergencyService.raiseEmergencyAlert(EmergencyService.java:29)
	at com.city.service.EmergencyServiceTest.testRaiseEmergencyAlert_InvalidData_ThrowsException(EmergencyServiceTest.java:81)
	at java.base/java.util.ArrayList.forEach(ArrayList.java:1604)
... Removed 30 stack frames</pre></div><a href='#' onClick='toggleBox("stack-trace2020152163", this, "Click to show all stack frames", "Click to hide stack frames")'>Click to show all stack frames</a>
<div class='stack-trace' id='stack-trace2020152163'><pre>com.city.exception.InvalidInputException: Emergency Location cannot be null or empty
	at com.city.service.EmergencyService.raiseEmergencyAlert(EmergencyService.java:29)
	at com.city.service.EmergencyServiceTest.testRaiseEmergencyAlert_InvalidData_ThrowsException(EmergencyServiceTest.java:81)
	at java.base/jdk.internal.reflect.DirectMethodHandleAccessor.invoke(DirectMethodHandleAccessor.java:104)
	at java.base/java.lang.reflect.Method.invoke(Method.java:565)
	at org.testng.internal.invokers.MethodInvocationHelper.invokeMethod(MethodInvocationHelper.java:141)
	at org.testng.internal.invokers.TestInvoker.invokeMethod(TestInvoker.java:687)
	at org.testng.internal.invokers.TestInvoker.invokeTestMethod(TestInvoker.java:230)
	at org.testng.internal.invokers.MethodRunner.runInSequence(MethodRunner.java:63)
	at org.testng.internal.invokers.TestInvoker$MethodInvocationAgent.invoke(TestInvoker.java:995)
	at org.testng.internal.invokers.TestInvoker.invokeTestMethods(TestInvoker.java:203)
	at org.testng.internal.invokers.TestMethodWorker.invokeTestMethods(TestMethodWorker.java:154)
	at org.testng.internal.invokers.TestMethodWorker.run(TestMethodWorker.java:134)
	at java.base/java.util.ArrayList.forEach(ArrayList.java:1604)
	at org.testng.TestRunner.privateRun(TestRunner.java:741)
	at org.testng.TestRunner.run(TestRunner.java:616)
	at org.testng.SuiteRunner.runTest(SuiteRunner.java:421)
	at org.testng.SuiteRunner.runSequentially(SuiteRunner.java:413)
	at org.testng.SuiteRunner.privateRun(SuiteRunner.java:373)
	at org.testng.SuiteRunner.run(SuiteRunner.java:312)
	at org.testng.SuiteRunnerWorker.runSuite(SuiteRunnerWorker.java:52)
	at org.testng.SuiteRunnerWorker.run(SuiteRunnerWorker.java:95)
	at org.testng.TestNG.runSuitesSequentially(TestNG.java:1274)
	at org.testng.TestNG.runSuitesLocally(TestNG.java:1208)
	at org.testng.TestNG.runSuites(TestNG.java:1112)
	at org.testng.TestNG.run(TestNG.java:1079)
	at org.apache.maven.surefire.testng.TestNGExecutor.run(TestNGExecutor.java:155)
	at org.apache.maven.surefire.testng.TestNGDirectoryTestSuite.executeMulti(TestNGDirectoryTestSuite.java:169)
	at org.apache.maven.surefire.testng.TestNGDirectoryTestSuite.execute(TestNGDirectoryTestSuite.java:88)
	at org.apache.maven.surefire.testng.TestNGProvider.invoke(TestNGProvider.java:137)
	at org.apache.maven.surefire.booter.ForkedBooter.runSuitesInProcess(ForkedBooter.java:385)
	at org.apache.maven.surefire.booter.ForkedBooter.execute(ForkedBooter.java:162)
	at org.apache.maven.surefire.booter.ForkedBooter.run(ForkedBooter.java:507)
	at org.apache.maven.surefire.booter.ForkedBooter.main(ForkedBooter.java:495)
</pre></div></td>
<td>0</td>
<td>com.city.service.EmergencyServiceTest@2cbb3d47</td></tr>
<tr>
<td title='com.city.service.TrafficManagementServiceTest.testUpdateTrafficDensityWithNull()'><b>testUpdateTrafficDensityWithNull</b><br>Test class: com.city.service.TrafficManagementServiceTest</td>
<td><div><pre>com.city.exception.InvalidInputException: Sensor ID cannot be null or empty
	at com.city.service.TrafficManagementService.updateTrafficDensity(TrafficManagementService.java:25)
	at com.city.service.TrafficManagementServiceTest.testUpdateTrafficDensityWithNull(TrafficManagementServiceTest.java:82)
	at java.base/java.util.ArrayList.forEach(ArrayList.java:1604)
... Removed 30 stack frames</pre></div><a href='#' onClick='toggleBox("stack-trace135640095", this, "Click to show all stack frames", "Click to hide stack frames")'>Click to show all stack frames</a>
<div class='stack-trace' id='stack-trace135640095'><pre>com.city.exception.InvalidInputException: Sensor ID cannot be null or empty
	at com.city.service.TrafficManagementService.updateTrafficDensity(TrafficManagementService.java:25)
	at com.city.service.TrafficManagementServiceTest.testUpdateTrafficDensityWithNull(TrafficManagementServiceTest.java:82)
	at java.base/jdk.internal.reflect.DirectMethodHandleAccessor.invoke(DirectMethodHandleAccessor.java:104)
	at java.base/java.lang.reflect.Method.invoke(Method.java:565)
	at org.testng.internal.invokers.MethodInvocationHelper.invokeMethod(MethodInvocationHelper.java:141)
	at org.testng.internal.invokers.TestInvoker.invokeMethod(TestInvoker.java:687)
	at org.testng.internal.invokers.TestInvoker.invokeTestMethod(TestInvoker.java:230)
	at org.testng.internal.invokers.MethodRunner.runInSequence(MethodRunner.java:63)
	at org.testng.internal.invokers.TestInvoker$MethodInvocationAgent.invoke(TestInvoker.java:995)
	at org.testng.internal.invokers.TestInvoker.invokeTestMethods(TestInvoker.java:203)
	at org.testng.internal.invokers.TestMethodWorker.invokeTestMethods(TestMethodWorker.java:154)
	at org.testng.internal.invokers.TestMethodWorker.run(TestMethodWorker.java:134)
	at java.base/java.util.ArrayList.forEach(ArrayList.java:1604)
	at org.testng.TestRunner.privateRun(TestRunner.java:741)
	at org.testng.TestRunner.run(TestRunner.java:616)
	at org.testng.SuiteRunner.runTest(SuiteRunner.java:421)
	at org.testng.SuiteRunner.runSequentially(SuiteRunner.java:413)
	at org.testng.SuiteRunner.privateRun(SuiteRunner.java:373)
	at org.testng.SuiteRunner.run(SuiteRunner.java:312)
	at org.testng.SuiteRunnerWorker.runSuite(SuiteRunnerWorker.java:52)
	at org.testng.SuiteRunnerWorker.run(SuiteRunnerWorker.java:95)
	at org.testng.TestNG.runSuitesSequentially(TestNG.java:1274)
	at org.testng.TestNG.runSuitesLocally(TestNG.java:1208)
	at org.testng.TestNG.runSuites(TestNG.java:1112)
	at org.testng.TestNG.run(TestNG.java:1079)
	at org.apache.maven.surefire.testng.TestNGExecutor.run(TestNGExecutor.java:155)
	at org.apache.maven.surefire.testng.TestNGDirectoryTestSuite.executeMulti(TestNGDirectoryTestSuite.java:169)
	at org.apache.maven.surefire.testng.TestNGDirectoryTestSuite.execute(TestNGDirectoryTestSuite.java:88)
	at org.apache.maven.surefire.testng.TestNGProvider.invoke(TestNGProvider.java:137)
	at org.apache.maven.surefire.booter.ForkedBooter.runSuitesInProcess(ForkedBooter.java:385)
	at org.apache.maven.surefire.booter.ForkedBooter.execute(ForkedBooter.java:162)
	at org.apache.maven.surefire.booter.ForkedBooter.run(ForkedBooter.java:507)
	at org.apache.maven.surefire.booter.ForkedBooter.main(ForkedBooter.java:495)
</pre></div></td>
<td>0</td>
<td>com.city.service.TrafficManagementServiceTest@527e5409</td></tr>
<tr>
<td title='com.city.service.UtilityMonitoringServiceTest.testRecordUtilityConsumptionForInvalidData()'><b>testRecordUtilityConsumptionForInvalidData</b><br>Test class: com.city.service.UtilityMonitoringServiceTest<br>Parameters: , 1000.0</td>
<td><div><pre>com.city.exception.InvalidInputException: Meter ID cannot be null or empty
	at com.city.service.UtilityMonitoringService.recordUtilityConsumption(UtilityMonitoringService.java:27)
	at com.city.service.UtilityMonitoringServiceTest.testRecordUtilityConsumptionForInvalidData(UtilityMonitoringServiceTest.java:170)
	at java.base/java.util.ArrayList.forEach(ArrayList.java:1604)
... Removed 30 stack frames</pre></div><a href='#' onClick='toggleBox("stack-trace914356853", this, "Click to show all stack frames", "Click to hide stack frames")'>Click to show all stack frames</a>
<div class='stack-trace' id='stack-trace914356853'><pre>com.city.exception.InvalidInputException: Meter ID cannot be null or empty
	at com.city.service.UtilityMonitoringService.recordUtilityConsumption(UtilityMonitoringService.java:27)
	at com.city.service.UtilityMonitoringServiceTest.testRecordUtilityConsumptionForInvalidData(UtilityMonitoringServiceTest.java:170)
	at java.base/jdk.internal.reflect.DirectMethodHandleAccessor.invoke(DirectMethodHandleAccessor.java:104)
	at java.base/java.lang.reflect.Method.invoke(Method.java:565)
	at org.testng.internal.invokers.MethodInvocationHelper.invokeMethod(MethodInvocationHelper.java:141)
	at org.testng.internal.invokers.TestInvoker.invokeMethod(TestInvoker.java:687)
	at org.testng.internal.invokers.TestInvoker.invokeTestMethod(TestInvoker.java:230)
	at org.testng.internal.invokers.MethodRunner.runInSequence(MethodRunner.java:63)
	at org.testng.internal.invokers.TestInvoker$MethodInvocationAgent.invoke(TestInvoker.java:995)
	at org.testng.internal.invokers.TestInvoker.invokeTestMethods(TestInvoker.java:203)
	at org.testng.internal.invokers.TestMethodWorker.invokeTestMethods(TestMethodWorker.java:154)
	at org.testng.internal.invokers.TestMethodWorker.run(TestMethodWorker.java:134)
	at java.base/java.util.ArrayList.forEach(ArrayList.java:1604)
	at org.testng.TestRunner.privateRun(TestRunner.java:741)
	at org.testng.TestRunner.run(TestRunner.java:616)
	at org.testng.SuiteRunner.runTest(SuiteRunner.java:421)
	at org.testng.SuiteRunner.runSequentially(SuiteRunner.java:413)
	at org.testng.SuiteRunner.privateRun(SuiteRunner.java:373)
	at org.testng.SuiteRunner.run(SuiteRunner.java:312)
	at org.testng.SuiteRunnerWorker.runSuite(SuiteRunnerWorker.java:52)
	at org.testng.SuiteRunnerWorker.run(SuiteRunnerWorker.java:95)
	at org.testng.TestNG.runSuitesSequentially(TestNG.java:1274)
	at org.testng.TestNG.runSuitesLocally(TestNG.java:1208)
	at org.testng.TestNG.runSuites(TestNG.java:1112)
	at org.testng.TestNG.run(TestNG.java:1079)
	at org.apache.maven.surefire.testng.TestNGExecutor.run(TestNGExecutor.java:155)
	at org.apache.maven.surefire.testng.TestNGDirectoryTestSuite.executeMulti(TestNGDirectoryTestSuite.java:169)
	at org.apache.maven.surefire.testng.TestNGDirectoryTestSuite.execute(TestNGDirectoryTestSuite.java:88)
	at org.apache.maven.surefire.testng.TestNGProvider.invoke(TestNGProvider.java:137)
	at org.apache.maven.surefire.booter.ForkedBooter.runSuitesInProcess(ForkedBooter.java:385)
	at org.apache.maven.surefire.booter.ForkedBooter.execute(ForkedBooter.java:162)
	at org.apache.maven.surefire.booter.ForkedBooter.run(ForkedBooter.java:507)
	at org.apache.maven.surefire.booter.ForkedBooter.main(ForkedBooter.java:495)
</pre></div></td>
<td>0</td>
<td>com.city.service.UtilityMonitoringServiceTest@1198b989</td></tr>
<tr>
<td title='com.city.service.UtilityMonitoringServiceTest.testGenerateBillNoMeterForUtilityType()'><b>testGenerateBillNoMeterForUtilityType</b><br>Test class: com.city.service.UtilityMonitoringServiceTest</td>
<td><div><pre>com.city.exception.ServiceUnavailableException: Utility meter for GAS not found for property PROP001
	at com.city.service.UtilityMonitoringService.generateBill(UtilityMonitoringService.java:70)
	at com.city.service.UtilityMonitoringServiceTest.testGenerateBillNoMeterForUtilityType(UtilityMonitoringServiceTest.java:146)
	at java.base/java.util.ArrayList.forEach(ArrayList.java:1604)
... Removed 30 stack frames</pre></div><a href='#' onClick='toggleBox("stack-trace1052195003", this, "Click to show all stack frames", "Click to hide stack frames")'>Click to show all stack frames</a>
<div class='stack-trace' id='stack-trace1052195003'><pre>com.city.exception.ServiceUnavailableException: Utility meter for GAS not found for property PROP001
	at com.city.service.UtilityMonitoringService.generateBill(UtilityMonitoringService.java:70)
	at com.city.service.UtilityMonitoringServiceTest.testGenerateBillNoMeterForUtilityType(UtilityMonitoringServiceTest.java:146)
	at java.base/jdk.internal.reflect.DirectMethodHandleAccessor.invoke(DirectMethodHandleAccessor.java:104)
	at java.base/java.lang.reflect.Method.invoke(Method.java:565)
	at org.testng.internal.invokers.MethodInvocationHelper.invokeMethod(MethodInvocationHelper.java:141)
	at org.testng.internal.invokers.TestInvoker.invokeMethod(TestInvoker.java:687)
	at org.testng.internal.invokers.TestInvoker.invokeTestMethod(TestInvoker.java:230)
	at org.testng.internal.invokers.MethodRunner.runInSequence(MethodRunner.java:63)
	at org.testng.internal.invokers.TestInvoker$MethodInvocationAgent.invoke(TestInvoker.java:995)
	at org.testng.internal.invokers.TestInvoker.invokeTestMethods(TestInvoker.java:203)
	at org.testng.internal.invokers.TestMethodWorker.invokeTestMethods(TestMethodWorker.java:154)
	at org.testng.internal.invokers.TestMethodWorker.run(TestMethodWorker.java:134)
	at java.base/java.util.ArrayList.forEach(ArrayList.java:1604)
	at org.testng.TestRunner.privateRun(TestRunner.java:741)
	at org.testng.TestRunner.run(TestRunner.java:616)
	at org.testng.SuiteRunner.runTest(SuiteRunner.java:421)
	at org.testng.SuiteRunner.runSequentially(SuiteRunner.java:413)
	at org.testng.SuiteRunner.privateRun(SuiteRunner.java:373)
	at org.testng.SuiteRunner.run(SuiteRunner.java:312)
	at org.testng.SuiteRunnerWorker.runSuite(SuiteRunnerWorker.java:52)
	at org.testng.SuiteRunnerWorker.run(SuiteRunnerWorker.java:95)
	at org.testng.TestNG.runSuitesSequentially(TestNG.java:1274)
	at org.testng.TestNG.runSuitesLocally(TestNG.java:1208)
	at org.testng.TestNG.runSuites(TestNG.java:1112)
	at org.testng.TestNG.run(TestNG.java:1079)
	at org.apache.maven.surefire.testng.TestNGExecutor.run(TestNGExecutor.java:155)
	at org.apache.maven.surefire.testng.TestNGDirectoryTestSuite.executeMulti(TestNGDirectoryTestSuite.java:169)
	at org.apache.maven.surefire.testng.TestNGDirectoryTestSuite.execute(TestNGDirectoryTestSuite.java:88)
	at org.apache.maven.surefire.testng.TestNGProvider.invoke(TestNGProvider.java:137)
	at org.apache.maven.surefire.booter.ForkedBooter.runSuitesInProcess(ForkedBooter.java:385)
	at org.apache.maven.surefire.booter.ForkedBooter.execute(ForkedBooter.java:162)
	at org.apache.maven.surefire.booter.ForkedBooter.run(ForkedBooter.java:507)
	at org.apache.maven.surefire.booter.ForkedBooter.main(ForkedBooter.java:495)
</pre></div></td>
<td>0</td>
<td>com.city.service.UtilityMonitoringServiceTest@1198b989</td></tr>
<tr>
<td title='com.city.service.ComplaintServiceTest.testRegisterComplaintWithEmptyDescription()'><b>testRegisterComplaintWithEmptyDescription</b><br>Test class: com.city.service.ComplaintServiceTest</td>
<td><div><pre>com.city.exception.InvalidInputException: Complaint Description cannot be null or empty
	at com.city.service.ComplaintService.registerComplaint(ComplaintService.java:40)
	at com.city.service.ComplaintServiceTest.testRegisterComplaintWithEmptyDescription(ComplaintServiceTest.java:146)
	at java.base/java.util.ArrayList.forEach(ArrayList.java:1604)
... Removed 30 stack frames</pre></div><a href='#' onClick='toggleBox("stack-trace361571968", this, "Click to show all stack frames", "Click to hide stack frames")'>Click to show all stack frames</a>
<div class='stack-trace' id='stack-trace361571968'><pre>com.city.exception.InvalidInputException: Complaint Description cannot be null or empty
	at com.city.service.ComplaintService.registerComplaint(ComplaintService.java:40)
	at com.city.service.ComplaintServiceTest.testRegisterComplaintWithEmptyDescription(ComplaintServiceTest.java:146)
	at java.base/jdk.internal.reflect.DirectMethodHandleAccessor.invoke(DirectMethodHandleAccessor.java:104)
	at java.base/java.lang.reflect.Method.invoke(Method.java:565)
	at org.testng.internal.invokers.MethodInvocationHelper.invokeMethod(MethodInvocationHelper.java:141)
	at org.testng.internal.invokers.TestInvoker.invokeMethod(TestInvoker.java:687)
	at org.testng.internal.invokers.TestInvoker.invokeTestMethod(TestInvoker.java:230)
	at org.testng.internal.invokers.MethodRunner.runInSequence(MethodRunner.java:63)
	at org.testng.internal.invokers.TestInvoker$MethodInvocationAgent.invoke(TestInvoker.java:995)
	at org.testng.internal.invokers.TestInvoker.invokeTestMethods(TestInvoker.java:203)
	at org.testng.internal.invokers.TestMethodWorker.invokeTestMethods(TestMethodWorker.java:154)
	at org.testng.internal.invokers.TestMethodWorker.run(TestMethodWorker.java:134)
	at java.base/java.util.ArrayList.forEach(ArrayList.java:1604)
	at org.testng.TestRunner.privateRun(TestRunner.java:741)
	at org.testng.TestRunner.run(TestRunner.java:616)
	at org.testng.SuiteRunner.runTest(SuiteRunner.java:421)
	at org.testng.SuiteRunner.runSequentially(SuiteRunner.java:413)
	at org.testng.SuiteRunner.privateRun(SuiteRunner.java:373)
	at org.testng.SuiteRunner.run(SuiteRunner.java:312)
	at org.testng.SuiteRunnerWorker.runSuite(SuiteRunnerWorker.java:52)
	at org.testng.SuiteRunnerWorker.run(SuiteRunnerWorker.java:95)
	at org.testng.TestNG.runSuitesSequentially(TestNG.java:1274)
	at org.testng.TestNG.runSuitesLocally(TestNG.java:1208)
	at org.testng.TestNG.runSuites(TestNG.java:1112)
	at org.testng.TestNG.run(TestNG.java:1079)
	at org.apache.maven.surefire.testng.TestNGExecutor.run(TestNGExecutor.java:155)
	at org.apache.maven.surefire.testng.TestNGDirectoryTestSuite.executeMulti(TestNGDirectoryTestSuite.java:169)
	at org.apache.maven.surefire.testng.TestNGDirectoryTestSuite.execute(TestNGDirectoryTestSuite.java:88)
	at org.apache.maven.surefire.testng.TestNGProvider.invoke(TestNGProvider.java:137)
	at org.apache.maven.surefire.booter.ForkedBooter.runSuitesInProcess(ForkedBooter.java:385)
	at org.apache.maven.surefire.booter.ForkedBooter.execute(ForkedBooter.java:162)
	at org.apache.maven.surefire.booter.ForkedBooter.run(ForkedBooter.java:507)
	at org.apache.maven.surefire.booter.ForkedBooter.main(ForkedBooter.java:495)
</pre></div></td>
<td>0</td>
<td>com.city.service.ComplaintServiceTest@7fc229ab</td></tr>
<tr>
<td title='com.city.service.ComplaintServiceTest.testUpdateComplaintStatus()'><b>testUpdateComplaintStatus</b><br>Test class: com.city.service.ComplaintServiceTest<br>Parameters: 4</td>
<td></td>
<td>0</td>
<td>com.city.service.ComplaintServiceTest@7fc229ab</td></tr>
<tr>
<td title='com.city.service.EmergencyServiceTest.testRaiseEmergencyAlert()'><b>testRaiseEmergencyAlert</b><br>Test class: com.city.service.EmergencyServiceTest</td>
<td></td>
<td>0</td>
<td>com.city.service.EmergencyServiceTest@2cbb3d47</td></tr>
<tr>
<td title='com.city.service.ComplaintServiceTest.testRegisterComplaintWithInvalidData()'><b>testRegisterComplaintWithInvalidData</b><br>Test class: com.city.service.ComplaintServiceTest<br>Parameters: , ROAD, Description, HIGH</td>
<td><div><pre>com.city.exception.InvalidInputException: Citizen ID cannot be null or empty
	at com.city.service.ComplaintService.registerComplaint(ComplaintService.java:34)
	at com.city.service.ComplaintServiceTest.testRegisterComplaintWithInvalidData(ComplaintServiceTest.java:108)
	at java.base/java.util.ArrayList.forEach(ArrayList.java:1604)
... Removed 30 stack frames</pre></div><a href='#' onClick='toggleBox("stack-trace728115831", this, "Click to show all stack frames", "Click to hide stack frames")'>Click to show all stack frames</a>
<div class='stack-trace' id='stack-trace728115831'><pre>com.city.exception.InvalidInputException: Citizen ID cannot be null or empty
	at com.city.service.ComplaintService.registerComplaint(ComplaintService.java:34)
	at com.city.service.ComplaintServiceTest.testRegisterComplaintWithInvalidData(ComplaintServiceTest.java:108)
	at java.base/jdk.internal.reflect.DirectMethodHandleAccessor.invoke(DirectMethodHandleAccessor.java:104)
	at java.base/java.lang.reflect.Method.invoke(Method.java:565)
	at org.testng.internal.invokers.MethodInvocationHelper.invokeMethod(MethodInvocationHelper.java:141)
	at org.testng.internal.invokers.TestInvoker.invokeMethod(TestInvoker.java:687)
	at org.testng.internal.invokers.TestInvoker.invokeTestMethod(TestInvoker.java:230)
	at org.testng.internal.invokers.MethodRunner.runInSequence(MethodRunner.java:63)
	at org.testng.internal.invokers.TestInvoker$MethodInvocationAgent.invoke(TestInvoker.java:995)
	at org.testng.internal.invokers.TestInvoker.invokeTestMethods(TestInvoker.java:203)
	at org.testng.internal.invokers.TestMethodWorker.invokeTestMethods(TestMethodWorker.java:154)
	at org.testng.internal.invokers.TestMethodWorker.run(TestMethodWorker.java:134)
	at java.base/java.util.ArrayList.forEach(ArrayList.java:1604)
	at org.testng.TestRunner.privateRun(TestRunner.java:741)
	at org.testng.TestRunner.run(TestRunner.java:616)
	at org.testng.SuiteRunner.runTest(SuiteRunner.java:421)
	at org.testng.SuiteRunner.runSequentially(SuiteRunner.java:413)
	at org.testng.SuiteRunner.privateRun(SuiteRunner.java:373)
	at org.testng.SuiteRunner.run(SuiteRunner.java:312)
	at org.testng.SuiteRunnerWorker.runSuite(SuiteRunnerWorker.java:52)
	at org.testng.SuiteRunnerWorker.run(SuiteRunnerWorker.java:95)
	at org.testng.TestNG.runSuitesSequentially(TestNG.java:1274)
	at org.testng.TestNG.runSuitesLocally(TestNG.java:1208)
	at org.testng.TestNG.runSuites(TestNG.java:1112)
	at org.testng.TestNG.run(TestNG.java:1079)
	at org.apache.maven.surefire.testng.TestNGExecutor.run(TestNGExecutor.java:155)
	at org.apache.maven.surefire.testng.TestNGDirectoryTestSuite.executeMulti(TestNGDirectoryTestSuite.java:169)
	at org.apache.maven.surefire.testng.TestNGDirectoryTestSuite.execute(TestNGDirectoryTestSuite.java:88)
	at org.apache.maven.surefire.testng.TestNGProvider.invoke(TestNGProvider.java:137)
	at org.apache.maven.surefire.booter.ForkedBooter.runSuitesInProcess(ForkedBooter.java:385)
	at org.apache.maven.surefire.booter.ForkedBooter.execute(ForkedBooter.java:162)
	at org.apache.maven.surefire.booter.ForkedBooter.run(ForkedBooter.java:507)
	at org.apache.maven.surefire.booter.ForkedBooter.main(ForkedBooter.java:495)
</pre></div></td>
<td>0</td>
<td>com.city.service.ComplaintServiceTest@7fc229ab</td></tr>
<tr>
<td title='com.city.service.UtilityMonitoringServiceTest.testRecordUtilityConsumptionWithSameReading()'><b>testRecordUtilityConsumptionWithSameReading</b><br>Test class: com.city.service.UtilityMonitoringServiceTest<br>Test method: Testing for Edge Cases</td>
<td></td>
<td>0</td>
<td>com.city.service.UtilityMonitoringServiceTest@1198b989</td></tr>
<tr>
<td title='com.city.service.ComplaintServiceTest.testRegisterComplaint()'><b>testRegisterComplaint</b><br>Test class: com.city.service.ComplaintServiceTest<br>Parameters: C009, ELECTRICITY, Flickering lights in building, LOW</td>
<td></td>
<td>0</td>
<td>com.city.service.ComplaintServiceTest@7fc229ab</td></tr>
<tr>
<td title='com.city.service.UtilityMonitoringServiceTest.testRecordUtilityConsumption()'><b>testRecordUtilityConsumption</b><br>Test class: com.city.service.UtilityMonitoringServiceTest<br>Parameters: UM004, 407.55</td>
<td></td>
<td>0</td>
<td>com.city.service.UtilityMonitoringServiceTest@1198b989</td></tr>
<tr>
<td title='com.city.service.UtilityMonitoringServiceTest.testRecordUtilityConsumptionForInvalidData()'><b>testRecordUtilityConsumptionForInvalidData</b><br>Test class: com.city.service.UtilityMonitoringServiceTest<br>Parameters: UM001, 1000.0</td>
<td><div><pre>com.city.exception.InvalidInputException: New reading cannot be less than current reading
	at com.city.service.UtilityMonitoringService.recordUtilityConsumption(UtilityMonitoringService.java:41)
	at com.city.service.UtilityMonitoringServiceTest.testRecordUtilityConsumptionForInvalidData(UtilityMonitoringServiceTest.java:170)
	at java.base/java.util.ArrayList.forEach(ArrayList.java:1604)
... Removed 30 stack frames</pre></div><a href='#' onClick='toggleBox("stack-trace1442726378", this, "Click to show all stack frames", "Click to hide stack frames")'>Click to show all stack frames</a>
<div class='stack-trace' id='stack-trace1442726378'><pre>com.city.exception.InvalidInputException: New reading cannot be less than current reading
	at com.city.service.UtilityMonitoringService.recordUtilityConsumption(UtilityMonitoringService.java:41)
	at com.city.service.UtilityMonitoringServiceTest.testRecordUtilityConsumptionForInvalidData(UtilityMonitoringServiceTest.java:170)
	at java.base/jdk.internal.reflect.DirectMethodHandleAccessor.invoke(DirectMethodHandleAccessor.java:104)
	at java.base/java.lang.reflect.Method.invoke(Method.java:565)
	at org.testng.internal.invokers.MethodInvocationHelper.invokeMethod(MethodInvocationHelper.java:141)
	at org.testng.internal.invokers.TestInvoker.invokeMethod(TestInvoker.java:687)
	at org.testng.internal.invokers.TestInvoker.invokeTestMethod(TestInvoker.java:230)
	at org.testng.internal.invokers.MethodRunner.runInSequence(MethodRunner.java:63)
	at org.testng.internal.invokers.TestInvoker$MethodInvocationAgent.invoke(TestInvoker.java:995)
	at org.testng.internal.invokers.TestInvoker.invokeTestMethods(TestInvoker.java:203)
	at org.testng.internal.invokers.TestMethodWorker.invokeTestMethods(TestMethodWorker.java:154)
	at org.testng.internal.invokers.TestMethodWorker.run(TestMethodWorker.java:134)
	at java.base/java.util.ArrayList.forEach(ArrayList.java:1604)
	at org.testng.TestRunner.privateRun(TestRunner.java:741)
	at org.testng.TestRunner.run(TestRunner.java:616)
	at org.testng.SuiteRunner.runTest(SuiteRunner.java:421)
	at org.testng.SuiteRunner.runSequentially(SuiteRunner.java:413)
	at org.testng.SuiteRunner.privateRun(SuiteRunner.java:373)
	at org.testng.SuiteRunner.run(SuiteRunner.java:312)
	at org.testng.SuiteRunnerWorker.runSuite(SuiteRunnerWorker.java:52)
	at org.testng.SuiteRunnerWorker.run(SuiteRunnerWorker.java:95)
	at org.testng.TestNG.runSuitesSequentially(TestNG.java:1274)
	at org.testng.TestNG.runSuitesLocally(TestNG.java:1208)
	at org.testng.TestNG.runSuites(TestNG.java:1112)
	at org.testng.TestNG.run(TestNG.java:1079)
	at org.apache.maven.surefire.testng.TestNGExecutor.run(TestNGExecutor.java:155)
	at org.apache.maven.surefire.testng.TestNGDirectoryTestSuite.executeMulti(TestNGDirectoryTestSuite.java:169)
	at org.apache.maven.surefire.testng.TestNGDirectoryTestSuite.execute(TestNGDirectoryTestSuite.java:88)
	at org.apache.maven.surefire.testng.TestNGProvider.invoke(TestNGProvider.java:137)
	at org.apache.maven.surefire.booter.ForkedBooter.runSuitesInProcess(ForkedBooter.java:385)
	at org.apache.maven.surefire.booter.ForkedBooter.execute(ForkedBooter.java:162)
	at org.apache.maven.surefire.booter.ForkedBooter.run(ForkedBooter.java:507)
	at org.apache.maven.surefire.booter.ForkedBooter.main(ForkedBooter.java:495)
</pre></div></td>
<td>0</td>
<td>com.city.service.UtilityMonitoringServiceTest@1198b989</td></tr>
<tr>
<td title='com.city.service.TrafficManagementServiceTest.testHighTrafficAreas()'><b>testHighTrafficAreas</b><br>Test class: com.city.service.TrafficManagementServiceTest</td>
<td></td>
<td>0</td>
<td>com.city.service.TrafficManagementServiceTest@527e5409</td></tr>
<tr>
<td title='com.city.service.TrafficManagementServiceTest.testUpdateTrafficDensityForInactiveSensor()'><b>testUpdateTrafficDensityForInactiveSensor</b><br>Test class: com.city.service.TrafficManagementServiceTest</td>
<td><div><pre>com.city.exception.ServiceUnavailableException: Sensor with ID TS006 is not active
	at com.city.service.TrafficManagementService.updateTrafficDensity(TrafficManagementService.java:38)
	at com.city.service.TrafficManagementServiceTest.testUpdateTrafficDensityForInactiveSensor(TrafficManagementServiceTest.java:102)
	at java.base/java.util.ArrayList.forEach(ArrayList.java:1604)
... Removed 30 stack frames</pre></div><a href='#' onClick='toggleBox("stack-trace1976870338", this, "Click to show all stack frames", "Click to hide stack frames")'>Click to show all stack frames</a>
<div class='stack-trace' id='stack-trace1976870338'><pre>com.city.exception.ServiceUnavailableException: Sensor with ID TS006 is not active
	at com.city.service.TrafficManagementService.updateTrafficDensity(TrafficManagementService.java:38)
	at com.city.service.TrafficManagementServiceTest.testUpdateTrafficDensityForInactiveSensor(TrafficManagementServiceTest.java:102)
	at java.base/jdk.internal.reflect.DirectMethodHandleAccessor.invoke(DirectMethodHandleAccessor.java:104)
	at java.base/java.lang.reflect.Method.invoke(Method.java:565)
	at org.testng.internal.invokers.MethodInvocationHelper.invokeMethod(MethodInvocationHelper.java:141)
	at org.testng.internal.invokers.TestInvoker.invokeMethod(TestInvoker.java:687)
	at org.testng.internal.invokers.TestInvoker.invokeTestMethod(TestInvoker.java:230)
	at org.testng.internal.invokers.MethodRunner.runInSequence(MethodRunner.java:63)
	at org.testng.internal.invokers.TestInvoker$MethodInvocationAgent.invoke(TestInvoker.java:995)
	at org.testng.internal.invokers.TestInvoker.invokeTestMethods(TestInvoker.java:203)
	at org.testng.internal.invokers.TestMethodWorker.invokeTestMethods(TestMethodWorker.java:154)
	at org.testng.internal.invokers.TestMethodWorker.run(TestMethodWorker.java:134)
	at java.base/java.util.ArrayList.forEach(ArrayList.java:1604)
	at org.testng.TestRunner.privateRun(TestRunner.java:741)
	at org.testng.TestRunner.run(TestRunner.java:616)
	at org.testng.SuiteRunner.runTest(SuiteRunner.java:421)
	at org.testng.SuiteRunner.runSequentially(SuiteRunner.java:413)
	at org.testng.SuiteRunner.privateRun(SuiteRunner.java:373)
	at org.testng.SuiteRunner.run(SuiteRunner.java:312)
	at org.testng.SuiteRunnerWorker.runSuite(SuiteRunnerWorker.java:52)
	at org.testng.SuiteRunnerWorker.run(SuiteRunnerWorker.java:95)
	at org.testng.TestNG.runSuitesSequentially(TestNG.java:1274)
	at org.testng.TestNG.runSuitesLocally(TestNG.java:1208)
	at org.testng.TestNG.runSuites(TestNG.java:1112)
	at org.testng.TestNG.run(TestNG.java:1079)
	at org.apache.maven.surefire.testng.TestNGExecutor.run(TestNGExecutor.java:155)
	at org.apache.maven.surefire.testng.TestNGDirectoryTestSuite.executeMulti(TestNGDirectoryTestSuite.java:169)
	at org.apache.maven.surefire.testng.TestNGDirectoryTestSuite.execute(TestNGDirectoryTestSuite.java:88)
	at org.apache.maven.surefire.testng.TestNGProvider.invoke(TestNGProvider.java:137)
	at org.apache.maven.surefire.booter.ForkedBooter.runSuitesInProcess(ForkedBooter.java:385)
	at org.apache.maven.surefire.booter.ForkedBooter.execute(ForkedBooter.java:162)
	at org.apache.maven.surefire.booter.ForkedBooter.run(ForkedBooter.java:507)
	at org.apache.maven.surefire.booter.ForkedBooter.main(ForkedBooter.java:495)
</pre></div></td>
<td>0</td>
<td>com.city.service.TrafficManagementServiceTest@527e5409</td></tr>
<tr>
<td title='com.city.service.EmergencyServiceTest.testDispatchEmergencyService()'><b>testDispatchEmergencyService</b><br>Test class: com.city.service.EmergencyServiceTest</td>
<td></td>
<td>0</td>
<td>com.city.service.EmergencyServiceTest@2cbb3d47</td></tr>
<tr>
<td title='com.city.service.UtilityMonitoringServiceTest.testRecordUtilityConsumptionWithLessReading()'><b>testRecordUtilityConsumptionWithLessReading</b><br>Test class: com.city.service.UtilityMonitoringServiceTest</td>
<td><div><pre>com.city.exception.InvalidInputException: New reading cannot be less than current reading
	at com.city.service.UtilityMonitoringService.recordUtilityConsumption(UtilityMonitoringService.java:41)
	at com.city.service.UtilityMonitoringServiceTest.testRecordUtilityConsumptionWithLessReading(UtilityMonitoringServiceTest.java:102)
	at java.base/java.util.ArrayList.forEach(ArrayList.java:1604)
... Removed 30 stack frames</pre></div><a href='#' onClick='toggleBox("stack-trace718187988", this, "Click to show all stack frames", "Click to hide stack frames")'>Click to show all stack frames</a>
<div class='stack-trace' id='stack-trace718187988'><pre>com.city.exception.InvalidInputException: New reading cannot be less than current reading
	at com.city.service.UtilityMonitoringService.recordUtilityConsumption(UtilityMonitoringService.java:41)
	at com.city.service.UtilityMonitoringServiceTest.testRecordUtilityConsumptionWithLessReading(UtilityMonitoringServiceTest.java:102)
	at java.base/jdk.internal.reflect.DirectMethodHandleAccessor.invoke(DirectMethodHandleAccessor.java:104)
	at java.base/java.lang.reflect.Method.invoke(Method.java:565)
	at org.testng.internal.invokers.MethodInvocationHelper.invokeMethod(MethodInvocationHelper.java:141)
	at org.testng.internal.invokers.TestInvoker.invokeMethod(TestInvoker.java:687)
	at org.testng.internal.invokers.TestInvoker.invokeTestMethod(TestInvoker.java:230)
	at org.testng.internal.invokers.MethodRunner.runInSequence(MethodRunner.java:63)
	at org.testng.internal.invokers.TestInvoker$MethodInvocationAgent.invoke(TestInvoker.java:995)
	at org.testng.internal.invokers.TestInvoker.invokeTestMethods(TestInvoker.java:203)
	at org.testng.internal.invokers.TestMethodWorker.invokeTestMethods(TestMethodWorker.java:154)
	at org.testng.internal.invokers.TestMethodWorker.run(TestMethodWorker.java:134)
	at java.base/java.util.ArrayList.forEach(ArrayList.java:1604)
	at org.testng.TestRunner.privateRun(TestRunner.java:741)
	at org.testng.TestRunner.run(TestRunner.java:616)
	at org.testng.SuiteRunner.runTest(SuiteRunner.java:421)
	at org.testng.SuiteRunner.runSequentially(SuiteRunner.java:413)
	at org.testng.SuiteRunner.privateRun(SuiteRunner.java:373)
	at org.testng.SuiteRunner.run(SuiteRunner.java:312)
	at org.testng.SuiteRunnerWorker.runSuite(SuiteRunnerWorker.java:52)
	at org.testng.SuiteRunnerWorker.run(SuiteRunnerWorker.java:95)
	at org.testng.TestNG.runSuitesSequentially(TestNG.java:1274)
	at org.testng.TestNG.runSuitesLocally(TestNG.java:1208)
	at org.testng.TestNG.runSuites(TestNG.java:1112)
	at org.testng.TestNG.run(TestNG.java:1079)
	at org.apache.maven.surefire.testng.TestNGExecutor.run(TestNGExecutor.java:155)
	at org.apache.maven.surefire.testng.TestNGDirectoryTestSuite.executeMulti(TestNGDirectoryTestSuite.java:169)
	at org.apache.maven.surefire.testng.TestNGDirectoryTestSuite.execute(TestNGDirectoryTestSuite.java:88)
	at org.apache.maven.surefire.testng.TestNGProvider.invoke(TestNGProvider.java:137)
	at org.apache.maven.surefire.booter.ForkedBooter.runSuitesInProcess(ForkedBooter.java:385)
	at org.apache.maven.surefire.booter.ForkedBooter.execute(ForkedBooter.java:162)
	at org.apache.maven.surefire.booter.ForkedBooter.run(ForkedBooter.java:507)
	at org.apache.maven.surefire.booter.ForkedBooter.main(ForkedBooter.java:495)
</pre></div></td>
<td>0</td>
<td>com.city.service.UtilityMonitoringServiceTest@1198b989</td></tr>
<tr>
<td title='com.city.service.TrafficManagementServiceTest.testOptimizeTrafficSignalWithWrongArea()'><b>testOptimizeTrafficSignalWithWrongArea</b><br>Test class: com.city.service.TrafficManagementServiceTest</td>
<td><div><pre>com.city.exception.ServiceUnavailableException: No Sensor found in area: WRONG_AREA
	at com.city.service.TrafficManagementService.optimizeTrafficSignals(TrafficManagementService.java:72)
	at com.city.service.TrafficManagementServiceTest.testOptimizeTrafficSignalWithWrongArea(TrafficManagementServiceTest.java:149)
	at java.base/java.util.ArrayList.forEach(ArrayList.java:1604)
... Removed 30 stack frames</pre></div><a href='#' onClick='toggleBox("stack-trace391914049", this, "Click to show all stack frames", "Click to hide stack frames")'>Click to show all stack frames</a>
<div class='stack-trace' id='stack-trace391914049'><pre>com.city.exception.ServiceUnavailableException: No Sensor found in area: WRONG_AREA
	at com.city.service.TrafficManagementService.optimizeTrafficSignals(TrafficManagementService.java:72)
	at com.city.service.TrafficManagementServiceTest.testOptimizeTrafficSignalWithWrongArea(TrafficManagementServiceTest.java:149)
	at java.base/jdk.internal.reflect.DirectMethodHandleAccessor.invoke(DirectMethodHandleAccessor.java:104)
	at java.base/java.lang.reflect.Method.invoke(Method.java:565)
	at org.testng.internal.invokers.MethodInvocationHelper.invokeMethod(MethodInvocationHelper.java:141)
	at org.testng.internal.invokers.TestInvoker.invokeMethod(TestInvoker.java:687)
	at org.testng.internal.invokers.TestInvoker.invokeTestMethod(TestInvoker.java:230)
	at org.testng.internal.invokers.MethodRunner.runInSequence(MethodRunner.java:63)
	at org.testng.internal.invokers.TestInvoker$MethodInvocationAgent.invoke(TestInvoker.java:995)
	at org.testng.internal.invokers.TestInvoker.invokeTestMethods(TestInvoker.java:203)
	at org.testng.internal.invokers.TestMethodWorker.invokeTestMethods(TestMethodWorker.java:154)
	at org.testng.internal.invokers.TestMethodWorker.run(TestMethodWorker.java:134)
	at java.base/java.util.ArrayList.forEach(ArrayList.java:1604)
	at org.testng.TestRunner.privateRun(TestRunner.java:741)
	at org.testng.TestRunner.run(TestRunner.java:616)
	at org.testng.SuiteRunner.runTest(SuiteRunner.java:421)
	at org.testng.SuiteRunner.runSequentially(SuiteRunner.java:413)
	at org.testng.SuiteRunner.privateRun(SuiteRunner.java:373)
	at org.testng.SuiteRunner.run(SuiteRunner.java:312)
	at org.testng.SuiteRunnerWorker.runSuite(SuiteRunnerWorker.java:52)
	at org.testng.SuiteRunnerWorker.run(SuiteRunnerWorker.java:95)
	at org.testng.TestNG.runSuitesSequentially(TestNG.java:1274)
	at org.testng.TestNG.runSuitesLocally(TestNG.java:1208)
	at org.testng.TestNG.runSuites(TestNG.java:1112)
	at org.testng.TestNG.run(TestNG.java:1079)
	at org.apache.maven.surefire.testng.TestNGExecutor.run(TestNGExecutor.java:155)
	at org.apache.maven.surefire.testng.TestNGDirectoryTestSuite.executeMulti(TestNGDirectoryTestSuite.java:169)
	at org.apache.maven.surefire.testng.TestNGDirectoryTestSuite.execute(TestNGDirectoryTestSuite.java:88)
	at org.apache.maven.surefire.testng.TestNGProvider.invoke(TestNGProvider.java:137)
	at org.apache.maven.surefire.booter.ForkedBooter.runSuitesInProcess(ForkedBooter.java:385)
	at org.apache.maven.surefire.booter.ForkedBooter.execute(ForkedBooter.java:162)
	at org.apache.maven.surefire.booter.ForkedBooter.run(ForkedBooter.java:507)
	at org.apache.maven.surefire.booter.ForkedBooter.main(ForkedBooter.java:495)
</pre></div></td>
<td>0</td>
<td>com.city.service.TrafficManagementServiceTest@527e5409</td></tr>
<tr>
<td title='com.city.service.ComplaintServiceTest.testRegisterComplaintWithInvalidData()'><b>testRegisterComplaintWithInvalidData</b><br>Test class: com.city.service.ComplaintServiceTest<br>Parameters: C001, ROAD, null, HIGH</td>
<td><div><pre>com.city.exception.InvalidInputException: Complaint Description cannot be null or empty
	at com.city.service.ComplaintService.registerComplaint(ComplaintService.java:40)
	at com.city.service.ComplaintServiceTest.testRegisterComplaintWithInvalidData(ComplaintServiceTest.java:108)
	at java.base/java.util.ArrayList.forEach(ArrayList.java:1604)
... Removed 30 stack frames</pre></div><a href='#' onClick='toggleBox("stack-trace210506412", this, "Click to show all stack frames", "Click to hide stack frames")'>Click to show all stack frames</a>
<div class='stack-trace' id='stack-trace210506412'><pre>com.city.exception.InvalidInputException: Complaint Description cannot be null or empty
	at com.city.service.ComplaintService.registerComplaint(ComplaintService.java:40)
	at com.city.service.ComplaintServiceTest.testRegisterComplaintWithInvalidData(ComplaintServiceTest.java:108)
	at java.base/jdk.internal.reflect.DirectMethodHandleAccessor.invoke(DirectMethodHandleAccessor.java:104)
	at java.base/java.lang.reflect.Method.invoke(Method.java:565)
	at org.testng.internal.invokers.MethodInvocationHelper.invokeMethod(MethodInvocationHelper.java:141)
	at org.testng.internal.invokers.TestInvoker.invokeMethod(TestInvoker.java:687)
	at org.testng.internal.invokers.TestInvoker.invokeTestMethod(TestInvoker.java:230)
	at org.testng.internal.invokers.MethodRunner.runInSequence(MethodRunner.java:63)
	at org.testng.internal.invokers.TestInvoker$MethodInvocationAgent.invoke(TestInvoker.java:995)
	at org.testng.internal.invokers.TestInvoker.invokeTestMethods(TestInvoker.java:203)
	at org.testng.internal.invokers.TestMethodWorker.invokeTestMethods(TestMethodWorker.java:154)
	at org.testng.internal.invokers.TestMethodWorker.run(TestMethodWorker.java:134)
	at java.base/java.util.ArrayList.forEach(ArrayList.java:1604)
	at org.testng.TestRunner.privateRun(TestRunner.java:741)
	at org.testng.TestRunner.run(TestRunner.java:616)
	at org.testng.SuiteRunner.runTest(SuiteRunner.java:421)
	at org.testng.SuiteRunner.runSequentially(SuiteRunner.java:413)
	at org.testng.SuiteRunner.privateRun(SuiteRunner.java:373)
	at org.testng.SuiteRunner.run(SuiteRunner.java:312)
	at org.testng.SuiteRunnerWorker.runSuite(SuiteRunnerWorker.java:52)
	at org.testng.SuiteRunnerWorker.run(SuiteRunnerWorker.java:95)
	at org.testng.TestNG.runSuitesSequentially(TestNG.java:1274)
	at org.testng.TestNG.runSuitesLocally(TestNG.java:1208)
	at org.testng.TestNG.runSuites(TestNG.java:1112)
	at org.testng.TestNG.run(TestNG.java:1079)
	at org.apache.maven.surefire.testng.TestNGExecutor.run(TestNGExecutor.java:155)
	at org.apache.maven.surefire.testng.TestNGDirectoryTestSuite.executeMulti(TestNGDirectoryTestSuite.java:169)
	at org.apache.maven.surefire.testng.TestNGDirectoryTestSuite.execute(TestNGDirectoryTestSuite.java:88)
	at org.apache.maven.surefire.testng.TestNGProvider.invoke(TestNGProvider.java:137)
	at org.apache.maven.surefire.booter.ForkedBooter.runSuitesInProcess(ForkedBooter.java:385)
	at org.apache.maven.surefire.booter.ForkedBooter.execute(ForkedBooter.java:162)
	at org.apache.maven.surefire.booter.ForkedBooter.run(ForkedBooter.java:507)
	at org.apache.maven.surefire.booter.ForkedBooter.main(ForkedBooter.java:495)
</pre></div></td>
<td>0</td>
<td>com.city.service.ComplaintServiceTest@7fc229ab</td></tr>
<tr>
<td title='com.city.service.EmergencyServiceTest.testDispatchEmergencyServiceForAlreadyResolvedAlert()'><b>testDispatchEmergencyServiceForAlreadyResolvedAlert</b><br>Test class: com.city.service.EmergencyServiceTest</td>
<td><div><pre>com.city.exception.EmergencyPriorityException: Emergency alert FIR1 is already resolved or closed
	at com.city.service.EmergencyService.dispatchEmergencyService(EmergencyService.java:61)
	at com.city.service.EmergencyServiceTest.testDispatchEmergencyServiceForAlreadyResolvedAlert(EmergencyServiceTest.java:161)
	at java.base/java.util.ArrayList.forEach(ArrayList.java:1604)
... Removed 30 stack frames</pre></div><a href='#' onClick='toggleBox("stack-trace825249556", this, "Click to show all stack frames", "Click to hide stack frames")'>Click to show all stack frames</a>
<div class='stack-trace' id='stack-trace825249556'><pre>com.city.exception.EmergencyPriorityException: Emergency alert FIR1 is already resolved or closed
	at com.city.service.EmergencyService.dispatchEmergencyService(EmergencyService.java:61)
	at com.city.service.EmergencyServiceTest.testDispatchEmergencyServiceForAlreadyResolvedAlert(EmergencyServiceTest.java:161)
	at java.base/jdk.internal.reflect.DirectMethodHandleAccessor.invoke(DirectMethodHandleAccessor.java:104)
	at java.base/java.lang.reflect.Method.invoke(Method.java:565)
	at org.testng.internal.invokers.MethodInvocationHelper.invokeMethod(MethodInvocationHelper.java:141)
	at org.testng.internal.invokers.TestInvoker.invokeMethod(TestInvoker.java:687)
	at org.testng.internal.invokers.TestInvoker.invokeTestMethod(TestInvoker.java:230)
	at org.testng.internal.invokers.MethodRunner.runInSequence(MethodRunner.java:63)
	at org.testng.internal.invokers.TestInvoker$MethodInvocationAgent.invoke(TestInvoker.java:995)
	at org.testng.internal.invokers.TestInvoker.invokeTestMethods(TestInvoker.java:203)
	at org.testng.internal.invokers.TestMethodWorker.invokeTestMethods(TestMethodWorker.java:154)
	at org.testng.internal.invokers.TestMethodWorker.run(TestMethodWorker.java:134)
	at java.base/java.util.ArrayList.forEach(ArrayList.java:1604)
	at org.testng.TestRunner.privateRun(TestRunner.java:741)
	at org.testng.TestRunner.run(TestRunner.java:616)
	at org.testng.SuiteRunner.runTest(SuiteRunner.java:421)
	at org.testng.SuiteRunner.runSequentially(SuiteRunner.java:413)
	at org.testng.SuiteRunner.privateRun(SuiteRunner.java:373)
	at org.testng.SuiteRunner.run(SuiteRunner.java:312)
	at org.testng.SuiteRunnerWorker.runSuite(SuiteRunnerWorker.java:52)
	at org.testng.SuiteRunnerWorker.run(SuiteRunnerWorker.java:95)
	at org.testng.TestNG.runSuitesSequentially(TestNG.java:1274)
	at org.testng.TestNG.runSuitesLocally(TestNG.java:1208)
	at org.testng.TestNG.runSuites(TestNG.java:1112)
	at org.testng.TestNG.run(TestNG.java:1079)
	at org.apache.maven.surefire.testng.TestNGExecutor.run(TestNGExecutor.java:155)
	at org.apache.maven.surefire.testng.TestNGDirectoryTestSuite.executeMulti(TestNGDirectoryTestSuite.java:169)
	at org.apache.maven.surefire.testng.TestNGDirectoryTestSuite.execute(TestNGDirectoryTestSuite.java:88)
	at org.apache.maven.surefire.testng.TestNGProvider.invoke(TestNGProvider.java:137)
	at org.apache.maven.surefire.booter.ForkedBooter.runSuitesInProcess(ForkedBooter.java:385)
	at org.apache.maven.surefire.booter.ForkedBooter.execute(ForkedBooter.java:162)
	at org.apache.maven.surefire.booter.ForkedBooter.run(ForkedBooter.java:507)
	at org.apache.maven.surefire.booter.ForkedBooter.main(ForkedBooter.java:495)
</pre></div></td>
<td>0</td>
<td>com.city.service.EmergencyServiceTest@2cbb3d47</td></tr>
<tr>
<td title='com.city.service.TrafficManagementServiceTest.testHighTrafficAreasWithNegativeThreshold()'><b>testHighTrafficAreasWithNegativeThreshold</b><br>Test class: com.city.service.TrafficManagementServiceTest</td>
<td><div><pre>com.city.exception.InvalidInputException: Threshold cannot be negative
	at com.city.service.TrafficManagementService.getHighTrafficAreas(TrafficManagementService.java:51)
	at com.city.service.TrafficManagementServiceTest.testHighTrafficAreasWithNegativeThreshold(TrafficManagementServiceTest.java:117)
	at java.base/java.util.ArrayList.forEach(ArrayList.java:1604)
... Removed 30 stack frames</pre></div><a href='#' onClick='toggleBox("stack-trace1636506029", this, "Click to show all stack frames", "Click to hide stack frames")'>Click to show all stack frames</a>
<div class='stack-trace' id='stack-trace1636506029'><pre>com.city.exception.InvalidInputException: Threshold cannot be negative
	at com.city.service.TrafficManagementService.getHighTrafficAreas(TrafficManagementService.java:51)
	at com.city.service.TrafficManagementServiceTest.testHighTrafficAreasWithNegativeThreshold(TrafficManagementServiceTest.java:117)
	at java.base/jdk.internal.reflect.DirectMethodHandleAccessor.invoke(DirectMethodHandleAccessor.java:104)
	at java.base/java.lang.reflect.Method.invoke(Method.java:565)
	at org.testng.internal.invokers.MethodInvocationHelper.invokeMethod(MethodInvocationHelper.java:141)
	at org.testng.internal.invokers.TestInvoker.invokeMethod(TestInvoker.java:687)
	at org.testng.internal.invokers.TestInvoker.invokeTestMethod(TestInvoker.java:230)
	at org.testng.internal.invokers.MethodRunner.runInSequence(MethodRunner.java:63)
	at org.testng.internal.invokers.TestInvoker$MethodInvocationAgent.invoke(TestInvoker.java:995)
	at org.testng.internal.invokers.TestInvoker.invokeTestMethods(TestInvoker.java:203)
	at org.testng.internal.invokers.TestMethodWorker.invokeTestMethods(TestMethodWorker.java:154)
	at org.testng.internal.invokers.TestMethodWorker.run(TestMethodWorker.java:134)
	at java.base/java.util.ArrayList.forEach(ArrayList.java:1604)
	at org.testng.TestRunner.privateRun(TestRunner.java:741)
	at org.testng.TestRunner.run(TestRunner.java:616)
	at org.testng.SuiteRunner.runTest(SuiteRunner.java:421)
	at org.testng.SuiteRunner.runSequentially(SuiteRunner.java:413)
	at org.testng.SuiteRunner.privateRun(SuiteRunner.java:373)
	at org.testng.SuiteRunner.run(SuiteRunner.java:312)
	at org.testng.SuiteRunnerWorker.runSuite(SuiteRunnerWorker.java:52)
	at org.testng.SuiteRunnerWorker.run(SuiteRunnerWorker.java:95)
	at org.testng.TestNG.runSuitesSequentially(TestNG.java:1274)
	at org.testng.TestNG.runSuitesLocally(TestNG.java:1208)
	at org.testng.TestNG.runSuites(TestNG.java:1112)
	at org.testng.TestNG.run(TestNG.java:1079)
	at org.apache.maven.surefire.testng.TestNGExecutor.run(TestNGExecutor.java:155)
	at org.apache.maven.surefire.testng.TestNGDirectoryTestSuite.executeMulti(TestNGDirectoryTestSuite.java:169)
	at org.apache.maven.surefire.testng.TestNGDirectoryTestSuite.execute(TestNGDirectoryTestSuite.java:88)
	at org.apache.maven.surefire.testng.TestNGProvider.invoke(TestNGProvider.java:137)
	at org.apache.maven.surefire.booter.ForkedBooter.runSuitesInProcess(ForkedBooter.java:385)
	at org.apache.maven.surefire.booter.ForkedBooter.execute(ForkedBooter.java:162)
	at org.apache.maven.surefire.booter.ForkedBooter.run(ForkedBooter.java:507)
	at org.apache.maven.surefire.booter.ForkedBooter.main(ForkedBooter.java:495)
</pre></div></td>
<td>0</td>
<td>com.city.service.TrafficManagementServiceTest@527e5409</td></tr>
<tr>
<td title='com.city.service.AnalyticsServiceTest.testGenerateTrafficReport()'><b>testGenerateTrafficReport</b><br>Test class: com.city.service.AnalyticsServiceTest</td>
<td></td>
<td>0</td>
<td>com.city.service.AnalyticsServiceTest@3ee0fea4</td></tr>
<tr>
<td title='com.city.service.UtilityMonitoringServiceTest.testGenerateBillWithEmptyPropertyId()'><b>testGenerateBillWithEmptyPropertyId</b><br>Test class: com.city.service.UtilityMonitoringServiceTest</td>
<td><div><pre>com.city.exception.InvalidInputException: Property ID cannot be null or empty
	at com.city.service.UtilityMonitoringService.generateBill(UtilityMonitoringService.java:50)
	at com.city.service.UtilityMonitoringServiceTest.testGenerateBillWithEmptyPropertyId(UtilityMonitoringServiceTest.java:131)
	at java.base/java.util.ArrayList.forEach(ArrayList.java:1604)
... Removed 30 stack frames</pre></div><a href='#' onClick='toggleBox("stack-trace511707818", this, "Click to show all stack frames", "Click to hide stack frames")'>Click to show all stack frames</a>
<div class='stack-trace' id='stack-trace511707818'><pre>com.city.exception.InvalidInputException: Property ID cannot be null or empty
	at com.city.service.UtilityMonitoringService.generateBill(UtilityMonitoringService.java:50)
	at com.city.service.UtilityMonitoringServiceTest.testGenerateBillWithEmptyPropertyId(UtilityMonitoringServiceTest.java:131)
	at java.base/jdk.internal.reflect.DirectMethodHandleAccessor.invoke(DirectMethodHandleAccessor.java:104)
	at java.base/java.lang.reflect.Method.invoke(Method.java:565)
	at org.testng.internal.invokers.MethodInvocationHelper.invokeMethod(MethodInvocationHelper.java:141)
	at org.testng.internal.invokers.TestInvoker.invokeMethod(TestInvoker.java:687)
	at org.testng.internal.invokers.TestInvoker.invokeTestMethod(TestInvoker.java:230)
	at org.testng.internal.invokers.MethodRunner.runInSequence(MethodRunner.java:63)
	at org.testng.internal.invokers.TestInvoker$MethodInvocationAgent.invoke(TestInvoker.java:995)
	at org.testng.internal.invokers.TestInvoker.invokeTestMethods(TestInvoker.java:203)
	at org.testng.internal.invokers.TestMethodWorker.invokeTestMethods(TestMethodWorker.java:154)
	at org.testng.internal.invokers.TestMethodWorker.run(TestMethodWorker.java:134)
	at java.base/java.util.ArrayList.forEach(ArrayList.java:1604)
	at org.testng.TestRunner.privateRun(TestRunner.java:741)
	at org.testng.TestRunner.run(TestRunner.java:616)
	at org.testng.SuiteRunner.runTest(SuiteRunner.java:421)
	at org.testng.SuiteRunner.runSequentially(SuiteRunner.java:413)
	at org.testng.SuiteRunner.privateRun(SuiteRunner.java:373)
	at org.testng.SuiteRunner.run(SuiteRunner.java:312)
	at org.testng.SuiteRunnerWorker.runSuite(SuiteRunnerWorker.java:52)
	at org.testng.SuiteRunnerWorker.run(SuiteRunnerWorker.java:95)
	at org.testng.TestNG.runSuitesSequentially(TestNG.java:1274)
	at org.testng.TestNG.runSuitesLocally(TestNG.java:1208)
	at org.testng.TestNG.runSuites(TestNG.java:1112)
	at org.testng.TestNG.run(TestNG.java:1079)
	at org.apache.maven.surefire.testng.TestNGExecutor.run(TestNGExecutor.java:155)
	at org.apache.maven.surefire.testng.TestNGDirectoryTestSuite.executeMulti(TestNGDirectoryTestSuite.java:169)
	at org.apache.maven.surefire.testng.TestNGDirectoryTestSuite.execute(TestNGDirectoryTestSuite.java:88)
	at org.apache.maven.surefire.testng.TestNGProvider.invoke(TestNGProvider.java:137)
	at org.apache.maven.surefire.booter.ForkedBooter.runSuitesInProcess(ForkedBooter.java:385)
	at org.apache.maven.surefire.booter.ForkedBooter.execute(ForkedBooter.java:162)
	at org.apache.maven.surefire.booter.ForkedBooter.run(ForkedBooter.java:507)
	at org.apache.maven.surefire.booter.ForkedBooter.main(ForkedBooter.java:495)
</pre></div></td>
<td>0</td>
<td>com.city.service.UtilityMonitoringServiceTest@1198b989</td></tr>
<tr>
<td title='com.city.service.TrafficManagementServiceTest.testUpdateTrafficDensityWithDataProvider()'><b>testUpdateTrafficDensityWithDataProvider</b><br>Test class: com.city.service.TrafficManagementServiceTest<br>Parameters: TS010, 20</td>
<td></td>
<td>0</td>
<td>com.city.service.TrafficManagementServiceTest@527e5409</td></tr>
<tr>
<td title='com.city.service.ComplaintServiceTest.testComplaintIdAutoGeneration()'><b>testComplaintIdAutoGeneration</b><br>Test class: com.city.service.ComplaintServiceTest</td>
<td></td>
<td>0</td>
<td>com.city.service.ComplaintServiceTest@7fc229ab</td></tr>
<tr>
<td title='com.city.service.EmergencyServiceTest.testDispatchEmergencyServiceForNonExistentAlert()'><b>testDispatchEmergencyServiceForNonExistentAlert</b><br>Test class: com.city.service.EmergencyServiceTest</td>
<td><div><pre>com.city.exception.ServiceUnavailableException: Emergency alert with ID NON_EXISTENT not found
	at com.city.service.EmergencyService.dispatchEmergencyService(EmergencyService.java:56)
	at com.city.service.EmergencyServiceTest.testDispatchEmergencyServiceForNonExistentAlert(EmergencyServiceTest.java:147)
	at java.base/java.util.ArrayList.forEach(ArrayList.java:1604)
... Removed 30 stack frames</pre></div><a href='#' onClick='toggleBox("stack-trace709865851", this, "Click to show all stack frames", "Click to hide stack frames")'>Click to show all stack frames</a>
<div class='stack-trace' id='stack-trace709865851'><pre>com.city.exception.ServiceUnavailableException: Emergency alert with ID NON_EXISTENT not found
	at com.city.service.EmergencyService.dispatchEmergencyService(EmergencyService.java:56)
	at com.city.service.EmergencyServiceTest.testDispatchEmergencyServiceForNonExistentAlert(EmergencyServiceTest.java:147)
	at java.base/jdk.internal.reflect.DirectMethodHandleAccessor.invoke(DirectMethodHandleAccessor.java:104)
	at java.base/java.lang.reflect.Method.invoke(Method.java:565)
	at org.testng.internal.invokers.MethodInvocationHelper.invokeMethod(MethodInvocationHelper.java:141)
	at org.testng.internal.invokers.TestInvoker.invokeMethod(TestInvoker.java:687)
	at org.testng.internal.invokers.TestInvoker.invokeTestMethod(TestInvoker.java:230)
	at org.testng.internal.invokers.MethodRunner.runInSequence(MethodRunner.java:63)
	at org.testng.internal.invokers.TestInvoker$MethodInvocationAgent.invoke(TestInvoker.java:995)
	at org.testng.internal.invokers.TestInvoker.invokeTestMethods(TestInvoker.java:203)
	at org.testng.internal.invokers.TestMethodWorker.invokeTestMethods(TestMethodWorker.java:154)
	at org.testng.internal.invokers.TestMethodWorker.run(TestMethodWorker.java:134)
	at java.base/java.util.ArrayList.forEach(ArrayList.java:1604)
	at org.testng.TestRunner.privateRun(TestRunner.java:741)
	at org.testng.TestRunner.run(TestRunner.java:616)
	at org.testng.SuiteRunner.runTest(SuiteRunner.java:421)
	at org.testng.SuiteRunner.runSequentially(SuiteRunner.java:413)
	at org.testng.SuiteRunner.privateRun(SuiteRunner.java:373)
	at org.testng.SuiteRunner.run(SuiteRunner.java:312)
	at org.testng.SuiteRunnerWorker.runSuite(SuiteRunnerWorker.java:52)
	at org.testng.SuiteRunnerWorker.run(SuiteRunnerWorker.java:95)
	at org.testng.TestNG.runSuitesSequentially(TestNG.java:1274)
	at org.testng.TestNG.runSuitesLocally(TestNG.java:1208)
	at org.testng.TestNG.runSuites(TestNG.java:1112)
	at org.testng.TestNG.run(TestNG.java:1079)
	at org.apache.maven.surefire.testng.TestNGExecutor.run(TestNGExecutor.java:155)
	at org.apache.maven.surefire.testng.TestNGDirectoryTestSuite.executeMulti(TestNGDirectoryTestSuite.java:169)
	at org.apache.maven.surefire.testng.TestNGDirectoryTestSuite.execute(TestNGDirectoryTestSuite.java:88)
	at org.apache.maven.surefire.testng.TestNGProvider.invoke(TestNGProvider.java:137)
	at org.apache.maven.surefire.booter.ForkedBooter.runSuitesInProcess(ForkedBooter.java:385)
	at org.apache.maven.surefire.booter.ForkedBooter.execute(ForkedBooter.java:162)
	at org.apache.maven.surefire.booter.ForkedBooter.run(ForkedBooter.java:507)
	at org.apache.maven.surefire.booter.ForkedBooter.main(ForkedBooter.java:495)
</pre></div></td>
<td>0</td>
<td>com.city.service.EmergencyServiceTest@2cbb3d47</td></tr>
<tr>
<td title='com.city.service.TrafficManagementServiceTest.testUpdateTrafficDensity()'><b>testUpdateTrafficDensity</b><br>Test class: com.city.service.TrafficManagementServiceTest</td>
<td></td>
<td>0</td>
<td>com.city.service.TrafficManagementServiceTest@527e5409</td></tr>
<tr>
<td title='com.city.service.ComplaintServiceTest.testRegisterComplaintWithInvalidData()'><b>testRegisterComplaintWithInvalidData</b><br>Test class: com.city.service.ComplaintServiceTest<br>Parameters: NON_EXISTENT, ROAD, Description, HIGH</td>
<td><div><pre>com.city.exception.ServiceUnavailableException: Citizen with ID NON_EXISTENT not found
	at com.city.service.ComplaintService.registerComplaint(ComplaintService.java:48)
	at com.city.service.ComplaintServiceTest.testRegisterComplaintWithInvalidData(ComplaintServiceTest.java:108)
	at java.base/java.util.ArrayList.forEach(ArrayList.java:1604)
... Removed 30 stack frames</pre></div><a href='#' onClick='toggleBox("stack-trace1617550160", this, "Click to show all stack frames", "Click to hide stack frames")'>Click to show all stack frames</a>
<div class='stack-trace' id='stack-trace1617550160'><pre>com.city.exception.ServiceUnavailableException: Citizen with ID NON_EXISTENT not found
	at com.city.service.ComplaintService.registerComplaint(ComplaintService.java:48)
	at com.city.service.ComplaintServiceTest.testRegisterComplaintWithInvalidData(ComplaintServiceTest.java:108)
	at java.base/jdk.internal.reflect.DirectMethodHandleAccessor.invoke(DirectMethodHandleAccessor.java:104)
	at java.base/java.lang.reflect.Method.invoke(Method.java:565)
	at org.testng.internal.invokers.MethodInvocationHelper.invokeMethod(MethodInvocationHelper.java:141)
	at org.testng.internal.invokers.TestInvoker.invokeMethod(TestInvoker.java:687)
	at org.testng.internal.invokers.TestInvoker.invokeTestMethod(TestInvoker.java:230)
	at org.testng.internal.invokers.MethodRunner.runInSequence(MethodRunner.java:63)
	at org.testng.internal.invokers.TestInvoker$MethodInvocationAgent.invoke(TestInvoker.java:995)
	at org.testng.internal.invokers.TestInvoker.invokeTestMethods(TestInvoker.java:203)
	at org.testng.internal.invokers.TestMethodWorker.invokeTestMethods(TestMethodWorker.java:154)
	at org.testng.internal.invokers.TestMethodWorker.run(TestMethodWorker.java:134)
	at java.base/java.util.ArrayList.forEach(ArrayList.java:1604)
	at org.testng.TestRunner.privateRun(TestRunner.java:741)
	at org.testng.TestRunner.run(TestRunner.java:616)
	at org.testng.SuiteRunner.runTest(SuiteRunner.java:421)
	at org.testng.SuiteRunner.runSequentially(SuiteRunner.java:413)
	at org.testng.SuiteRunner.privateRun(SuiteRunner.java:373)
	at org.testng.SuiteRunner.run(SuiteRunner.java:312)
	at org.testng.SuiteRunnerWorker.runSuite(SuiteRunnerWorker.java:52)
	at org.testng.SuiteRunnerWorker.run(SuiteRunnerWorker.java:95)
	at org.testng.TestNG.runSuitesSequentially(TestNG.java:1274)
	at org.testng.TestNG.runSuitesLocally(TestNG.java:1208)
	at org.testng.TestNG.runSuites(TestNG.java:1112)
	at org.testng.TestNG.run(TestNG.java:1079)
	at org.apache.maven.surefire.testng.TestNGExecutor.run(TestNGExecutor.java:155)
	at org.apache.maven.surefire.testng.TestNGDirectoryTestSuite.executeMulti(TestNGDirectoryTestSuite.java:169)
	at org.apache.maven.surefire.testng.TestNGDirectoryTestSuite.execute(TestNGDirectoryTestSuite.java:88)
	at org.apache.maven.surefire.testng.TestNGProvider.invoke(TestNGProvider.java:137)
	at org.apache.maven.surefire.booter.ForkedBooter.runSuitesInProcess(ForkedBooter.java:385)
	at org.apache.maven.surefire.booter.ForkedBooter.execute(ForkedBooter.java:162)
	at org.apache.maven.surefire.booter.ForkedBooter.run(ForkedBooter.java:507)
	at org.apache.maven.surefire.booter.ForkedBooter.main(ForkedBooter.java:495)
</pre></div></td>
<td>0</td>
<td>com.city.service.ComplaintServiceTest@7fc229ab</td></tr>
<tr>
<td title='com.city.service.AnalyticsServiceTest.testGetComplaintStatistics()'><b>testGetComplaintStatistics</b><br>Test class: com.city.service.AnalyticsServiceTest</td>
<td></td>
<td>0</td>
<td>com.city.service.AnalyticsServiceTest@3ee0fea4</td></tr>
<tr>
<td title='com.city.service.AnalyticsServiceTest.testGenerateEmergencyReport()'><b>testGenerateEmergencyReport</b><br>Test class: com.city.service.AnalyticsServiceTest</td>
<td></td>
<td>0</td>
<td>com.city.service.AnalyticsServiceTest@3ee0fea4</td></tr>
<tr>
<td title='com.city.service.UtilityMonitoringServiceTest.testGenerateBill()'><b>testGenerateBill</b><br>Test class: com.city.service.UtilityMonitoringServiceTest<br>Parameters: PROP002, ELECTRICITY</td>
<td></td>
<td>0</td>
<td>com.city.service.UtilityMonitoringServiceTest@1198b989</td></tr>
<tr>
<td title='com.city.service.UtilityMonitoringServiceTest.testRecordUtilityConsumptionWithEmptyString()'><b>testRecordUtilityConsumptionWithEmptyString</b><br>Test class: com.city.service.UtilityMonitoringServiceTest</td>
<td><div><pre>com.city.exception.InvalidInputException: Meter ID cannot be null or empty
	at com.city.service.UtilityMonitoringService.recordUtilityConsumption(UtilityMonitoringService.java:27)
	at com.city.service.UtilityMonitoringServiceTest.testRecordUtilityConsumptionWithEmptyString(UtilityMonitoringServiceTest.java:87)
	at java.base/java.util.ArrayList.forEach(ArrayList.java:1604)
... Removed 30 stack frames</pre></div><a href='#' onClick='toggleBox("stack-trace2056031695", this, "Click to show all stack frames", "Click to hide stack frames")'>Click to show all stack frames</a>
<div class='stack-trace' id='stack-trace2056031695'><pre>com.city.exception.InvalidInputException: Meter ID cannot be null or empty
	at com.city.service.UtilityMonitoringService.recordUtilityConsumption(UtilityMonitoringService.java:27)
	at com.city.service.UtilityMonitoringServiceTest.testRecordUtilityConsumptionWithEmptyString(UtilityMonitoringServiceTest.java:87)
	at java.base/jdk.internal.reflect.DirectMethodHandleAccessor.invoke(DirectMethodHandleAccessor.java:104)
	at java.base/java.lang.reflect.Method.invoke(Method.java:565)
	at org.testng.internal.invokers.MethodInvocationHelper.invokeMethod(MethodInvocationHelper.java:141)
	at org.testng.internal.invokers.TestInvoker.invokeMethod(TestInvoker.java:687)
	at org.testng.internal.invokers.TestInvoker.invokeTestMethod(TestInvoker.java:230)
	at org.testng.internal.invokers.MethodRunner.runInSequence(MethodRunner.java:63)
	at org.testng.internal.invokers.TestInvoker$MethodInvocationAgent.invoke(TestInvoker.java:995)
	at org.testng.internal.invokers.TestInvoker.invokeTestMethods(TestInvoker.java:203)
	at org.testng.internal.invokers.TestMethodWorker.invokeTestMethods(TestMethodWorker.java:154)
	at org.testng.internal.invokers.TestMethodWorker.run(TestMethodWorker.java:134)
	at java.base/java.util.ArrayList.forEach(ArrayList.java:1604)
	at org.testng.TestRunner.privateRun(TestRunner.java:741)
	at org.testng.TestRunner.run(TestRunner.java:616)
	at org.testng.SuiteRunner.runTest(SuiteRunner.java:421)
	at org.testng.SuiteRunner.runSequentially(SuiteRunner.java:413)
	at org.testng.SuiteRunner.privateRun(SuiteRunner.java:373)
	at org.testng.SuiteRunner.run(SuiteRunner.java:312)
	at org.testng.SuiteRunnerWorker.runSuite(SuiteRunnerWorker.java:52)
	at org.testng.SuiteRunnerWorker.run(SuiteRunnerWorker.java:95)
	at org.testng.TestNG.runSuitesSequentially(TestNG.java:1274)
	at org.testng.TestNG.runSuitesLocally(TestNG.java:1208)
	at org.testng.TestNG.runSuites(TestNG.java:1112)
	at org.testng.TestNG.run(TestNG.java:1079)
	at org.apache.maven.surefire.testng.TestNGExecutor.run(TestNGExecutor.java:155)
	at org.apache.maven.surefire.testng.TestNGDirectoryTestSuite.executeMulti(TestNGDirectoryTestSuite.java:169)
	at org.apache.maven.surefire.testng.TestNGDirectoryTestSuite.execute(TestNGDirectoryTestSuite.java:88)
	at org.apache.maven.surefire.testng.TestNGProvider.invoke(TestNGProvider.java:137)
	at org.apache.maven.surefire.booter.ForkedBooter.runSuitesInProcess(ForkedBooter.java:385)
	at org.apache.maven.surefire.booter.ForkedBooter.execute(ForkedBooter.java:162)
	at org.apache.maven.surefire.booter.ForkedBooter.run(ForkedBooter.java:507)
	at org.apache.maven.surefire.booter.ForkedBooter.main(ForkedBooter.java:495)
</pre></div></td>
<td>0</td>
<td>com.city.service.UtilityMonitoringServiceTest@1198b989</td></tr>
<tr>
<td title='com.city.service.EmergencyServiceTest.testRaiseEmergencyAlertWithNullType()'><b>testRaiseEmergencyAlertWithNullType</b><br>Test class: com.city.service.EmergencyServiceTest</td>
<td><div><pre>com.city.exception.InvalidInputException: Emergency Alert Type cannot be null
	at com.city.service.EmergencyService.raiseEmergencyAlert(EmergencyService.java:26)
	at com.city.service.EmergencyServiceTest.testRaiseEmergencyAlertWithNullType(EmergencyServiceTest.java:96)
	at java.base/java.util.ArrayList.forEach(ArrayList.java:1604)
... Removed 30 stack frames</pre></div><a href='#' onClick='toggleBox("stack-trace1448525331", this, "Click to show all stack frames", "Click to hide stack frames")'>Click to show all stack frames</a>
<div class='stack-trace' id='stack-trace1448525331'><pre>com.city.exception.InvalidInputException: Emergency Alert Type cannot be null
	at com.city.service.EmergencyService.raiseEmergencyAlert(EmergencyService.java:26)
	at com.city.service.EmergencyServiceTest.testRaiseEmergencyAlertWithNullType(EmergencyServiceTest.java:96)
	at java.base/jdk.internal.reflect.DirectMethodHandleAccessor.invoke(DirectMethodHandleAccessor.java:104)
	at java.base/java.lang.reflect.Method.invoke(Method.java:565)
	at org.testng.internal.invokers.MethodInvocationHelper.invokeMethod(MethodInvocationHelper.java:141)
	at org.testng.internal.invokers.TestInvoker.invokeMethod(TestInvoker.java:687)
	at org.testng.internal.invokers.TestInvoker.invokeTestMethod(TestInvoker.java:230)
	at org.testng.internal.invokers.MethodRunner.runInSequence(MethodRunner.java:63)
	at org.testng.internal.invokers.TestInvoker$MethodInvocationAgent.invoke(TestInvoker.java:995)
	at org.testng.internal.invokers.TestInvoker.invokeTestMethods(TestInvoker.java:203)
	at org.testng.internal.invokers.TestMethodWorker.invokeTestMethods(TestMethodWorker.java:154)
	at org.testng.internal.invokers.TestMethodWorker.run(TestMethodWorker.java:134)
	at java.base/java.util.ArrayList.forEach(ArrayList.java:1604)
	at org.testng.TestRunner.privateRun(TestRunner.java:741)
	at org.testng.TestRunner.run(TestRunner.java:616)
	at org.testng.SuiteRunner.runTest(SuiteRunner.java:421)
	at org.testng.SuiteRunner.runSequentially(SuiteRunner.java:413)
	at org.testng.SuiteRunner.privateRun(SuiteRunner.java:373)
	at org.testng.SuiteRunner.run(SuiteRunner.java:312)
	at org.testng.SuiteRunnerWorker.runSuite(SuiteRunnerWorker.java:52)
	at org.testng.SuiteRunnerWorker.run(SuiteRunnerWorker.java:95)
	at org.testng.TestNG.runSuitesSequentially(TestNG.java:1274)
	at org.testng.TestNG.runSuitesLocally(TestNG.java:1208)
	at org.testng.TestNG.runSuites(TestNG.java:1112)
	at org.testng.TestNG.run(TestNG.java:1079)
	at org.apache.maven.surefire.testng.TestNGExecutor.run(TestNGExecutor.java:155)
	at org.apache.maven.surefire.testng.TestNGDirectoryTestSuite.executeMulti(TestNGDirectoryTestSuite.java:169)
	at org.apache.maven.surefire.testng.TestNGDirectoryTestSuite.execute(TestNGDirectoryTestSuite.java:88)
	at org.apache.maven.surefire.testng.TestNGProvider.invoke(TestNGProvider.java:137)
	at org.apache.maven.surefire.booter.ForkedBooter.runSuitesInProcess(ForkedBooter.java:385)
	at org.apache.maven.surefire.booter.ForkedBooter.execute(ForkedBooter.java:162)
	at org.apache.maven.surefire.booter.ForkedBooter.run(ForkedBooter.java:507)
	at org.apache.maven.surefire.booter.ForkedBooter.main(ForkedBooter.java:495)
</pre></div></td>
<td>0</td>
<td>com.city.service.EmergencyServiceTest@2cbb3d47</td></tr>
<tr>
<td title='com.city.service.TrafficManagementServiceTest.testUpdateTrafficDensityWithDataProvider()'><b>testUpdateTrafficDensityWithDataProvider</b><br>Test class: com.city.service.TrafficManagementServiceTest<br>Parameters: TS008, 80</td>
<td></td>
<td>0</td>
<td>com.city.service.TrafficManagementServiceTest@527e5409</td></tr>
<tr>
<td title='com.city.service.ComplaintServiceTest.testUpdateComplaintStatusWithNullStatus()'><b>testUpdateComplaintStatusWithNullStatus</b><br>Test class: com.city.service.ComplaintServiceTest</td>
<td><div><pre>com.city.exception.InvalidInputException: Status cannot be null
	at com.city.service.ComplaintService.updateComplaintStatus(ComplaintService.java:64)
	at com.city.service.ComplaintServiceTest.testUpdateComplaintStatusWithNullStatus(ComplaintServiceTest.java:192)
	at java.base/java.util.ArrayList.forEach(ArrayList.java:1604)
... Removed 30 stack frames</pre></div><a href='#' onClick='toggleBox("stack-trace1278677872", this, "Click to show all stack frames", "Click to hide stack frames")'>Click to show all stack frames</a>
<div class='stack-trace' id='stack-trace1278677872'><pre>com.city.exception.InvalidInputException: Status cannot be null
	at com.city.service.ComplaintService.updateComplaintStatus(ComplaintService.java:64)
	at com.city.service.ComplaintServiceTest.testUpdateComplaintStatusWithNullStatus(ComplaintServiceTest.java:192)
	at java.base/jdk.internal.reflect.DirectMethodHandleAccessor.invoke(DirectMethodHandleAccessor.java:104)
	at java.base/java.lang.reflect.Method.invoke(Method.java:565)
	at org.testng.internal.invokers.MethodInvocationHelper.invokeMethod(MethodInvocationHelper.java:141)
	at org.testng.internal.invokers.TestInvoker.invokeMethod(TestInvoker.java:687)
	at org.testng.internal.invokers.TestInvoker.invokeTestMethod(TestInvoker.java:230)
	at org.testng.internal.invokers.MethodRunner.runInSequence(MethodRunner.java:63)
	at org.testng.internal.invokers.TestInvoker$MethodInvocationAgent.invoke(TestInvoker.java:995)
	at org.testng.internal.invokers.TestInvoker.invokeTestMethods(TestInvoker.java:203)
	at org.testng.internal.invokers.TestMethodWorker.invokeTestMethods(TestMethodWorker.java:154)
	at org.testng.internal.invokers.TestMethodWorker.run(TestMethodWorker.java:134)
	at java.base/java.util.ArrayList.forEach(ArrayList.java:1604)
	at org.testng.TestRunner.privateRun(TestRunner.java:741)
	at org.testng.TestRunner.run(TestRunner.java:616)
	at org.testng.SuiteRunner.runTest(SuiteRunner.java:421)
	at org.testng.SuiteRunner.runSequentially(SuiteRunner.java:413)
	at org.testng.SuiteRunner.privateRun(SuiteRunner.java:373)
	at org.testng.SuiteRunner.run(SuiteRunner.java:312)
	at org.testng.SuiteRunnerWorker.runSuite(SuiteRunnerWorker.java:52)
	at org.testng.SuiteRunnerWorker.run(SuiteRunnerWorker.java:95)
	at org.testng.TestNG.runSuitesSequentially(TestNG.java:1274)
	at org.testng.TestNG.runSuitesLocally(TestNG.java:1208)
	at org.testng.TestNG.runSuites(TestNG.java:1112)
	at org.testng.TestNG.run(TestNG.java:1079)
	at org.apache.maven.surefire.testng.TestNGExecutor.run(TestNGExecutor.java:155)
	at org.apache.maven.surefire.testng.TestNGDirectoryTestSuite.executeMulti(TestNGDirectoryTestSuite.java:169)
	at org.apache.maven.surefire.testng.TestNGDirectoryTestSuite.execute(TestNGDirectoryTestSuite.java:88)
	at org.apache.maven.surefire.testng.TestNGProvider.invoke(TestNGProvider.java:137)
	at org.apache.maven.surefire.booter.ForkedBooter.runSuitesInProcess(ForkedBooter.java:385)
	at org.apache.maven.surefire.booter.ForkedBooter.execute(ForkedBooter.java:162)
	at org.apache.maven.surefire.booter.ForkedBooter.run(ForkedBooter.java:507)
	at org.apache.maven.surefire.booter.ForkedBooter.main(ForkedBooter.java:495)
</pre></div></td>
<td>0</td>
<td>com.city.service.ComplaintServiceTest@7fc229ab</td></tr>
<tr>
<td title='com.city.service.ComplaintServiceTest.testRegisterComplaintWithNullDescription()'><b>testRegisterComplaintWithNullDescription</b><br>Test class: com.city.service.ComplaintServiceTest</td>
<td><div><pre>com.city.exception.InvalidInputException: Complaint Description cannot be null or empty
	at com.city.service.ComplaintService.registerComplaint(ComplaintService.java:40)
	at com.city.service.ComplaintServiceTest.testRegisterComplaintWithNullDescription(ComplaintServiceTest.java:141)
	at java.base/java.util.ArrayList.forEach(ArrayList.java:1604)
... Removed 30 stack frames</pre></div><a href='#' onClick='toggleBox("stack-trace1536031937", this, "Click to show all stack frames", "Click to hide stack frames")'>Click to show all stack frames</a>
<div class='stack-trace' id='stack-trace1536031937'><pre>com.city.exception.InvalidInputException: Complaint Description cannot be null or empty
	at com.city.service.ComplaintService.registerComplaint(ComplaintService.java:40)
	at com.city.service.ComplaintServiceTest.testRegisterComplaintWithNullDescription(ComplaintServiceTest.java:141)
	at java.base/jdk.internal.reflect.DirectMethodHandleAccessor.invoke(DirectMethodHandleAccessor.java:104)
	at java.base/java.lang.reflect.Method.invoke(Method.java:565)
	at org.testng.internal.invokers.MethodInvocationHelper.invokeMethod(MethodInvocationHelper.java:141)
	at org.testng.internal.invokers.TestInvoker.invokeMethod(TestInvoker.java:687)
	at org.testng.internal.invokers.TestInvoker.invokeTestMethod(TestInvoker.java:230)
	at org.testng.internal.invokers.MethodRunner.runInSequence(MethodRunner.java:63)
	at org.testng.internal.invokers.TestInvoker$MethodInvocationAgent.invoke(TestInvoker.java:995)
	at org.testng.internal.invokers.TestInvoker.invokeTestMethods(TestInvoker.java:203)
	at org.testng.internal.invokers.TestMethodWorker.invokeTestMethods(TestMethodWorker.java:154)
	at org.testng.internal.invokers.TestMethodWorker.run(TestMethodWorker.java:134)
	at java.base/java.util.ArrayList.forEach(ArrayList.java:1604)
	at org.testng.TestRunner.privateRun(TestRunner.java:741)
	at org.testng.TestRunner.run(TestRunner.java:616)
	at org.testng.SuiteRunner.runTest(SuiteRunner.java:421)
	at org.testng.SuiteRunner.runSequentially(SuiteRunner.java:413)
	at org.testng.SuiteRunner.privateRun(SuiteRunner.java:373)
	at org.testng.SuiteRunner.run(SuiteRunner.java:312)
	at org.testng.SuiteRunnerWorker.runSuite(SuiteRunnerWorker.java:52)
	at org.testng.SuiteRunnerWorker.run(SuiteRunnerWorker.java:95)
	at org.testng.TestNG.runSuitesSequentially(TestNG.java:1274)
	at org.testng.TestNG.runSuitesLocally(TestNG.java:1208)
	at org.testng.TestNG.runSuites(TestNG.java:1112)
	at org.testng.TestNG.run(TestNG.java:1079)
	at org.apache.maven.surefire.testng.TestNGExecutor.run(TestNGExecutor.java:155)
	at org.apache.maven.surefire.testng.TestNGDirectoryTestSuite.executeMulti(TestNGDirectoryTestSuite.java:169)
	at org.apache.maven.surefire.testng.TestNGDirectoryTestSuite.execute(TestNGDirectoryTestSuite.java:88)
	at org.apache.maven.surefire.testng.TestNGProvider.invoke(TestNGProvider.java:137)
	at org.apache.maven.surefire.booter.ForkedBooter.runSuitesInProcess(ForkedBooter.java:385)
	at org.apache.maven.surefire.booter.ForkedBooter.execute(ForkedBooter.java:162)
	at org.apache.maven.surefire.booter.ForkedBooter.run(ForkedBooter.java:507)
	at org.apache.maven.surefire.booter.ForkedBooter.main(ForkedBooter.java:495)
</pre></div></td>
<td>0</td>
<td>com.city.service.ComplaintServiceTest@7fc229ab</td></tr>
<tr>
<td title='com.city.service.ComplaintServiceTest.testGetComplaintsByPriority()'><b>testGetComplaintsByPriority</b><br>Test class: com.city.service.ComplaintServiceTest</td>
<td></td>
<td>0</td>
<td>com.city.service.ComplaintServiceTest@7fc229ab</td></tr>
<tr>
<td title='com.city.service.UtilityMonitoringServiceTest.testRecordUtilityConsumptionForInvalidData()'><b>testRecordUtilityConsumptionForInvalidData</b><br>Test class: com.city.service.UtilityMonitoringServiceTest<br>Parameters: UM001, -100.0</td>
<td><div><pre>com.city.exception.InvalidInputException: Meter Reading cannot be negative
	at com.city.service.UtilityMonitoringService.recordUtilityConsumption(UtilityMonitoringService.java:31)
	at com.city.service.UtilityMonitoringServiceTest.testRecordUtilityConsumptionForInvalidData(UtilityMonitoringServiceTest.java:170)
	at java.base/java.util.ArrayList.forEach(ArrayList.java:1604)
... Removed 30 stack frames</pre></div><a href='#' onClick='toggleBox("stack-trace195228908", this, "Click to show all stack frames", "Click to hide stack frames")'>Click to show all stack frames</a>
<div class='stack-trace' id='stack-trace195228908'><pre>com.city.exception.InvalidInputException: Meter Reading cannot be negative
	at com.city.service.UtilityMonitoringService.recordUtilityConsumption(UtilityMonitoringService.java:31)
	at com.city.service.UtilityMonitoringServiceTest.testRecordUtilityConsumptionForInvalidData(UtilityMonitoringServiceTest.java:170)
	at java.base/jdk.internal.reflect.DirectMethodHandleAccessor.invoke(DirectMethodHandleAccessor.java:104)
	at java.base/java.lang.reflect.Method.invoke(Method.java:565)
	at org.testng.internal.invokers.MethodInvocationHelper.invokeMethod(MethodInvocationHelper.java:141)
	at org.testng.internal.invokers.TestInvoker.invokeMethod(TestInvoker.java:687)
	at org.testng.internal.invokers.TestInvoker.invokeTestMethod(TestInvoker.java:230)
	at org.testng.internal.invokers.MethodRunner.runInSequence(MethodRunner.java:63)
	at org.testng.internal.invokers.TestInvoker$MethodInvocationAgent.invoke(TestInvoker.java:995)
	at org.testng.internal.invokers.TestInvoker.invokeTestMethods(TestInvoker.java:203)
	at org.testng.internal.invokers.TestMethodWorker.invokeTestMethods(TestMethodWorker.java:154)
	at org.testng.internal.invokers.TestMethodWorker.run(TestMethodWorker.java:134)
	at java.base/java.util.ArrayList.forEach(ArrayList.java:1604)
	at org.testng.TestRunner.privateRun(TestRunner.java:741)
	at org.testng.TestRunner.run(TestRunner.java:616)
	at org.testng.SuiteRunner.runTest(SuiteRunner.java:421)
	at org.testng.SuiteRunner.runSequentially(SuiteRunner.java:413)
	at org.testng.SuiteRunner.privateRun(SuiteRunner.java:373)
	at org.testng.SuiteRunner.run(SuiteRunner.java:312)
	at org.testng.SuiteRunnerWorker.runSuite(SuiteRunnerWorker.java:52)
	at org.testng.SuiteRunnerWorker.run(SuiteRunnerWorker.java:95)
	at org.testng.TestNG.runSuitesSequentially(TestNG.java:1274)
	at org.testng.TestNG.runSuitesLocally(TestNG.java:1208)
	at org.testng.TestNG.runSuites(TestNG.java:1112)
	at org.testng.TestNG.run(TestNG.java:1079)
	at org.apache.maven.surefire.testng.TestNGExecutor.run(TestNGExecutor.java:155)
	at org.apache.maven.surefire.testng.TestNGDirectoryTestSuite.executeMulti(TestNGDirectoryTestSuite.java:169)
	at org.apache.maven.surefire.testng.TestNGDirectoryTestSuite.execute(TestNGDirectoryTestSuite.java:88)
	at org.apache.maven.surefire.testng.TestNGProvider.invoke(TestNGProvider.java:137)
	at org.apache.maven.surefire.booter.ForkedBooter.runSuitesInProcess(ForkedBooter.java:385)
	at org.apache.maven.surefire.booter.ForkedBooter.execute(ForkedBooter.java:162)
	at org.apache.maven.surefire.booter.ForkedBooter.run(ForkedBooter.java:507)
	at org.apache.maven.surefire.booter.ForkedBooter.main(ForkedBooter.java:495)
</pre></div></td>
<td>0</td>
<td>com.city.service.UtilityMonitoringServiceTest@1198b989</td></tr>
<tr>
<td title='com.city.service.UtilityMonitoringServiceTest.testGenerateBill()'><b>testGenerateBill</b><br>Test class: com.city.service.UtilityMonitoringServiceTest<br>Parameters: PROP002, GAS</td>
<td></td>
<td>0</td>
<td>com.city.service.UtilityMonitoringServiceTest@1198b989</td></tr>
<tr>
<td title='com.city.service.EmergencyServiceTest.testGetActiveEmergencies()'><b>testGetActiveEmergencies</b><br>Test class: com.city.service.EmergencyServiceTest</td>
<td></td>
<td>0</td>
<td>com.city.service.EmergencyServiceTest@2cbb3d47</td></tr>
<tr>
<td title='com.city.service.EmergencyServiceTest.testRaiseEmergencyAlert_InvalidData_ThrowsException()'><b>testRaiseEmergencyAlert_InvalidData_ThrowsException</b><br>Test class: com.city.service.EmergencyServiceTest<br>Parameters: FIRE, null, HIGH</td>
<td><div><pre>com.city.exception.InvalidInputException: Emergency Location cannot be null or empty
	at com.city.service.EmergencyService.raiseEmergencyAlert(EmergencyService.java:29)
	at com.city.service.EmergencyServiceTest.testRaiseEmergencyAlert_InvalidData_ThrowsException(EmergencyServiceTest.java:81)
	at java.base/java.util.ArrayList.forEach(ArrayList.java:1604)
... Removed 30 stack frames</pre></div><a href='#' onClick='toggleBox("stack-trace1047087935", this, "Click to show all stack frames", "Click to hide stack frames")'>Click to show all stack frames</a>
<div class='stack-trace' id='stack-trace1047087935'><pre>com.city.exception.InvalidInputException: Emergency Location cannot be null or empty
	at com.city.service.EmergencyService.raiseEmergencyAlert(EmergencyService.java:29)
	at com.city.service.EmergencyServiceTest.testRaiseEmergencyAlert_InvalidData_ThrowsException(EmergencyServiceTest.java:81)
	at java.base/jdk.internal.reflect.DirectMethodHandleAccessor.invoke(DirectMethodHandleAccessor.java:104)
	at java.base/java.lang.reflect.Method.invoke(Method.java:565)
	at org.testng.internal.invokers.MethodInvocationHelper.invokeMethod(MethodInvocationHelper.java:141)
	at org.testng.internal.invokers.TestInvoker.invokeMethod(TestInvoker.java:687)
	at org.testng.internal.invokers.TestInvoker.invokeTestMethod(TestInvoker.java:230)
	at org.testng.internal.invokers.MethodRunner.runInSequence(MethodRunner.java:63)
	at org.testng.internal.invokers.TestInvoker$MethodInvocationAgent.invoke(TestInvoker.java:995)
	at org.testng.internal.invokers.TestInvoker.invokeTestMethods(TestInvoker.java:203)
	at org.testng.internal.invokers.TestMethodWorker.invokeTestMethods(TestMethodWorker.java:154)
	at org.testng.internal.invokers.TestMethodWorker.run(TestMethodWorker.java:134)
	at java.base/java.util.ArrayList.forEach(ArrayList.java:1604)
	at org.testng.TestRunner.privateRun(TestRunner.java:741)
	at org.testng.TestRunner.run(TestRunner.java:616)
	at org.testng.SuiteRunner.runTest(SuiteRunner.java:421)
	at org.testng.SuiteRunner.runSequentially(SuiteRunner.java:413)
	at org.testng.SuiteRunner.privateRun(SuiteRunner.java:373)
	at org.testng.SuiteRunner.run(SuiteRunner.java:312)
	at org.testng.SuiteRunnerWorker.runSuite(SuiteRunnerWorker.java:52)
	at org.testng.SuiteRunnerWorker.run(SuiteRunnerWorker.java:95)
	at org.testng.TestNG.runSuitesSequentially(TestNG.java:1274)
	at org.testng.TestNG.runSuitesLocally(TestNG.java:1208)
	at org.testng.TestNG.runSuites(TestNG.java:1112)
	at org.testng.TestNG.run(TestNG.java:1079)
	at org.apache.maven.surefire.testng.TestNGExecutor.run(TestNGExecutor.java:155)
	at org.apache.maven.surefire.testng.TestNGDirectoryTestSuite.executeMulti(TestNGDirectoryTestSuite.java:169)
	at org.apache.maven.surefire.testng.TestNGDirectoryTestSuite.execute(TestNGDirectoryTestSuite.java:88)
	at org.apache.maven.surefire.testng.TestNGProvider.invoke(TestNGProvider.java:137)
	at org.apache.maven.surefire.booter.ForkedBooter.runSuitesInProcess(ForkedBooter.java:385)
	at org.apache.maven.surefire.booter.ForkedBooter.execute(ForkedBooter.java:162)
	at org.apache.maven.surefire.booter.ForkedBooter.run(ForkedBooter.java:507)
	at org.apache.maven.surefire.booter.ForkedBooter.main(ForkedBooter.java:495)
</pre></div></td>
<td>0</td>
<td>com.city.service.EmergencyServiceTest@2cbb3d47</td></tr>
<tr>
<td title='com.city.service.ComplaintServiceTest.testUpdateComplaintStatus_NullComplaintId_ThrowsException()'><b>testUpdateComplaintStatus_NullComplaintId_ThrowsException</b><br>Test class: com.city.service.ComplaintServiceTest</td>
<td><div><pre>com.city.exception.InvalidInputException: Complaint ID cannot be null or empty
	at com.city.service.ComplaintService.updateComplaintStatus(ComplaintService.java:61)
	at com.city.service.ComplaintServiceTest.testUpdateComplaintStatus_NullComplaintId_ThrowsException(ComplaintServiceTest.java:182)
	at java.base/java.util.ArrayList.forEach(ArrayList.java:1604)
... Removed 30 stack frames</pre></div><a href='#' onClick='toggleBox("stack-trace807657332", this, "Click to show all stack frames", "Click to hide stack frames")'>Click to show all stack frames</a>
<div class='stack-trace' id='stack-trace807657332'><pre>com.city.exception.InvalidInputException: Complaint ID cannot be null or empty
	at com.city.service.ComplaintService.updateComplaintStatus(ComplaintService.java:61)
	at com.city.service.ComplaintServiceTest.testUpdateComplaintStatus_NullComplaintId_ThrowsException(ComplaintServiceTest.java:182)
	at java.base/jdk.internal.reflect.DirectMethodHandleAccessor.invoke(DirectMethodHandleAccessor.java:104)
	at java.base/java.lang.reflect.Method.invoke(Method.java:565)
	at org.testng.internal.invokers.MethodInvocationHelper.invokeMethod(MethodInvocationHelper.java:141)
	at org.testng.internal.invokers.TestInvoker.invokeMethod(TestInvoker.java:687)
	at org.testng.internal.invokers.TestInvoker.invokeTestMethod(TestInvoker.java:230)
	at org.testng.internal.invokers.MethodRunner.runInSequence(MethodRunner.java:63)
	at org.testng.internal.invokers.TestInvoker$MethodInvocationAgent.invoke(TestInvoker.java:995)
	at org.testng.internal.invokers.TestInvoker.invokeTestMethods(TestInvoker.java:203)
	at org.testng.internal.invokers.TestMethodWorker.invokeTestMethods(TestMethodWorker.java:154)
	at org.testng.internal.invokers.TestMethodWorker.run(TestMethodWorker.java:134)
	at java.base/java.util.ArrayList.forEach(ArrayList.java:1604)
	at org.testng.TestRunner.privateRun(TestRunner.java:741)
	at org.testng.TestRunner.run(TestRunner.java:616)
	at org.testng.SuiteRunner.runTest(SuiteRunner.java:421)
	at org.testng.SuiteRunner.runSequentially(SuiteRunner.java:413)
	at org.testng.SuiteRunner.privateRun(SuiteRunner.java:373)
	at org.testng.SuiteRunner.run(SuiteRunner.java:312)
	at org.testng.SuiteRunnerWorker.runSuite(SuiteRunnerWorker.java:52)
	at org.testng.SuiteRunnerWorker.run(SuiteRunnerWorker.java:95)
	at org.testng.TestNG.runSuitesSequentially(TestNG.java:1274)
	at org.testng.TestNG.runSuitesLocally(TestNG.java:1208)
	at org.testng.TestNG.runSuites(TestNG.java:1112)
	at org.testng.TestNG.run(TestNG.java:1079)
	at org.apache.maven.surefire.testng.TestNGExecutor.run(TestNGExecutor.java:155)
	at org.apache.maven.surefire.testng.TestNGDirectoryTestSuite.executeMulti(TestNGDirectoryTestSuite.java:169)
	at org.apache.maven.surefire.testng.TestNGDirectoryTestSuite.execute(TestNGDirectoryTestSuite.java:88)
	at org.apache.maven.surefire.testng.TestNGProvider.invoke(TestNGProvider.java:137)
	at org.apache.maven.surefire.booter.ForkedBooter.runSuitesInProcess(ForkedBooter.java:385)
	at org.apache.maven.surefire.booter.ForkedBooter.execute(ForkedBooter.java:162)
	at org.apache.maven.surefire.booter.ForkedBooter.run(ForkedBooter.java:507)
	at org.apache.maven.surefire.booter.ForkedBooter.main(ForkedBooter.java:495)
</pre></div></td>
<td>0</td>
<td>com.city.service.ComplaintServiceTest@7fc229ab</td></tr>
<tr>
<td title='com.city.service.UtilityMonitoringServiceTest.testDetectAnomaliesWithNegativeThreshold()'><b>testDetectAnomaliesWithNegativeThreshold</b><br>Test class: com.city.service.UtilityMonitoringServiceTest</td>
<td><div><pre>com.city.exception.InvalidInputException: Threshold value cannot be negative
	at com.city.service.UtilityMonitoringService.detectAnomalies(UtilityMonitoringService.java:87)
	at com.city.service.UtilityMonitoringServiceTest.testDetectAnomaliesWithNegativeThreshold(UtilityMonitoringServiceTest.java:165)
	at java.base/java.util.ArrayList.forEach(ArrayList.java:1604)
... Removed 30 stack frames</pre></div><a href='#' onClick='toggleBox("stack-trace1069716895", this, "Click to show all stack frames", "Click to hide stack frames")'>Click to show all stack frames</a>
<div class='stack-trace' id='stack-trace1069716895'><pre>com.city.exception.InvalidInputException: Threshold value cannot be negative
	at com.city.service.UtilityMonitoringService.detectAnomalies(UtilityMonitoringService.java:87)
	at com.city.service.UtilityMonitoringServiceTest.testDetectAnomaliesWithNegativeThreshold(UtilityMonitoringServiceTest.java:165)
	at java.base/jdk.internal.reflect.DirectMethodHandleAccessor.invoke(DirectMethodHandleAccessor.java:104)
	at java.base/java.lang.reflect.Method.invoke(Method.java:565)
	at org.testng.internal.invokers.MethodInvocationHelper.invokeMethod(MethodInvocationHelper.java:141)
	at org.testng.internal.invokers.TestInvoker.invokeMethod(TestInvoker.java:687)
	at org.testng.internal.invokers.TestInvoker.invokeTestMethod(TestInvoker.java:230)
	at org.testng.internal.invokers.MethodRunner.runInSequence(MethodRunner.java:63)
	at org.testng.internal.invokers.TestInvoker$MethodInvocationAgent.invoke(TestInvoker.java:995)
	at org.testng.internal.invokers.TestInvoker.invokeTestMethods(TestInvoker.java:203)
	at org.testng.internal.invokers.TestMethodWorker.invokeTestMethods(TestMethodWorker.java:154)
	at org.testng.internal.invokers.TestMethodWorker.run(TestMethodWorker.java:134)
	at java.base/java.util.ArrayList.forEach(ArrayList.java:1604)
	at org.testng.TestRunner.privateRun(TestRunner.java:741)
	at org.testng.TestRunner.run(TestRunner.java:616)
	at org.testng.SuiteRunner.runTest(SuiteRunner.java:421)
	at org.testng.SuiteRunner.runSequentially(SuiteRunner.java:413)
	at org.testng.SuiteRunner.privateRun(SuiteRunner.java:373)
	at org.testng.SuiteRunner.run(SuiteRunner.java:312)
	at org.testng.SuiteRunnerWorker.runSuite(SuiteRunnerWorker.java:52)
	at org.testng.SuiteRunnerWorker.run(SuiteRunnerWorker.java:95)
	at org.testng.TestNG.runSuitesSequentially(TestNG.java:1274)
	at org.testng.TestNG.runSuitesLocally(TestNG.java:1208)
	at org.testng.TestNG.runSuites(TestNG.java:1112)
	at org.testng.TestNG.run(TestNG.java:1079)
	at org.apache.maven.surefire.testng.TestNGExecutor.run(TestNGExecutor.java:155)
	at org.apache.maven.surefire.testng.TestNGDirectoryTestSuite.executeMulti(TestNGDirectoryTestSuite.java:169)
	at org.apache.maven.surefire.testng.TestNGDirectoryTestSuite.execute(TestNGDirectoryTestSuite.java:88)
	at org.apache.maven.surefire.testng.TestNGProvider.invoke(TestNGProvider.java:137)
	at org.apache.maven.surefire.booter.ForkedBooter.runSuitesInProcess(ForkedBooter.java:385)
	at org.apache.maven.surefire.booter.ForkedBooter.execute(ForkedBooter.java:162)
	at org.apache.maven.surefire.booter.ForkedBooter.run(ForkedBooter.java:507)
	at org.apache.maven.surefire.booter.ForkedBooter.main(ForkedBooter.java:495)
</pre></div></td>
<td>0</td>
<td>com.city.service.UtilityMonitoringServiceTest@1198b989</td></tr>
<tr>
<td title='com.city.service.EmergencyServiceTest.testRaiseEmergencyAlert_InvalidData_ThrowsException()'><b>testRaiseEmergencyAlert_InvalidData_ThrowsException</b><br>Test class: com.city.service.EmergencyServiceTest<br>Parameters: null, Location, HIGH</td>
<td><div><pre>com.city.exception.InvalidInputException: Emergency Alert Type cannot be null
	at com.city.service.EmergencyService.raiseEmergencyAlert(EmergencyService.java:26)
	at com.city.service.EmergencyServiceTest.testRaiseEmergencyAlert_InvalidData_ThrowsException(EmergencyServiceTest.java:81)
	at java.base/java.util.ArrayList.forEach(ArrayList.java:1604)
... Removed 30 stack frames</pre></div><a href='#' onClick='toggleBox("stack-trace1497845528", this, "Click to show all stack frames", "Click to hide stack frames")'>Click to show all stack frames</a>
<div class='stack-trace' id='stack-trace1497845528'><pre>com.city.exception.InvalidInputException: Emergency Alert Type cannot be null
	at com.city.service.EmergencyService.raiseEmergencyAlert(EmergencyService.java:26)
	at com.city.service.EmergencyServiceTest.testRaiseEmergencyAlert_InvalidData_ThrowsException(EmergencyServiceTest.java:81)
	at java.base/jdk.internal.reflect.DirectMethodHandleAccessor.invoke(DirectMethodHandleAccessor.java:104)
	at java.base/java.lang.reflect.Method.invoke(Method.java:565)
	at org.testng.internal.invokers.MethodInvocationHelper.invokeMethod(MethodInvocationHelper.java:141)
	at org.testng.internal.invokers.TestInvoker.invokeMethod(TestInvoker.java:687)
	at org.testng.internal.invokers.TestInvoker.invokeTestMethod(TestInvoker.java:230)
	at org.testng.internal.invokers.MethodRunner.runInSequence(MethodRunner.java:63)
	at org.testng.internal.invokers.TestInvoker$MethodInvocationAgent.invoke(TestInvoker.java:995)
	at org.testng.internal.invokers.TestInvoker.invokeTestMethods(TestInvoker.java:203)
	at org.testng.internal.invokers.TestMethodWorker.invokeTestMethods(TestMethodWorker.java:154)
	at org.testng.internal.invokers.TestMethodWorker.run(TestMethodWorker.java:134)
	at java.base/java.util.ArrayList.forEach(ArrayList.java:1604)
	at org.testng.TestRunner.privateRun(TestRunner.java:741)
	at org.testng.TestRunner.run(TestRunner.java:616)
	at org.testng.SuiteRunner.runTest(SuiteRunner.java:421)
	at org.testng.SuiteRunner.runSequentially(SuiteRunner.java:413)
	at org.testng.SuiteRunner.privateRun(SuiteRunner.java:373)
	at org.testng.SuiteRunner.run(SuiteRunner.java:312)
	at org.testng.SuiteRunnerWorker.runSuite(SuiteRunnerWorker.java:52)
	at org.testng.SuiteRunnerWorker.run(SuiteRunnerWorker.java:95)
	at org.testng.TestNG.runSuitesSequentially(TestNG.java:1274)
	at org.testng.TestNG.runSuitesLocally(TestNG.java:1208)
	at org.testng.TestNG.runSuites(TestNG.java:1112)
	at org.testng.TestNG.run(TestNG.java:1079)
	at org.apache.maven.surefire.testng.TestNGExecutor.run(TestNGExecutor.java:155)
	at org.apache.maven.surefire.testng.TestNGDirectoryTestSuite.executeMulti(TestNGDirectoryTestSuite.java:169)
	at org.apache.maven.surefire.testng.TestNGDirectoryTestSuite.execute(TestNGDirectoryTestSuite.java:88)
	at org.apache.maven.surefire.testng.TestNGProvider.invoke(TestNGProvider.java:137)
	at org.apache.maven.surefire.booter.ForkedBooter.runSuitesInProcess(ForkedBooter.java:385)
	at org.apache.maven.surefire.booter.ForkedBooter.execute(ForkedBooter.java:162)
	at org.apache.maven.surefire.booter.ForkedBooter.run(ForkedBooter.java:507)
	at org.apache.maven.surefire.booter.ForkedBooter.main(ForkedBooter.java:495)
</pre></div></td>
<td>0</td>
<td>com.city.service.EmergencyServiceTest@2cbb3d47</td></tr>
<tr>
<td title='com.city.service.ComplaintServiceTest.testUpdateComplaintStatus()'><b>testUpdateComplaintStatus</b><br>Test class: com.city.service.ComplaintServiceTest<br>Parameters: 0</td>
<td></td>
<td>0</td>
<td>com.city.service.ComplaintServiceTest@7fc229ab</td></tr>
<tr>
<td title='com.city.service.TrafficManagementServiceTest.testUpdateTrafficDensityWithNegativeDensity()'><b>testUpdateTrafficDensityWithNegativeDensity</b><br>Test class: com.city.service.TrafficManagementServiceTest</td>
<td><div><pre>com.city.exception.InvalidInputException: Traffic Density cannot be negative
	at com.city.service.TrafficManagementService.updateTrafficDensity(TrafficManagementService.java:28)
	at com.city.service.TrafficManagementServiceTest.testUpdateTrafficDensityWithNegativeDensity(TrafficManagementServiceTest.java:92)
	at java.base/java.util.ArrayList.forEach(ArrayList.java:1604)
... Removed 30 stack frames</pre></div><a href='#' onClick='toggleBox("stack-trace52908367", this, "Click to show all stack frames", "Click to hide stack frames")'>Click to show all stack frames</a>
<div class='stack-trace' id='stack-trace52908367'><pre>com.city.exception.InvalidInputException: Traffic Density cannot be negative
	at com.city.service.TrafficManagementService.updateTrafficDensity(TrafficManagementService.java:28)
	at com.city.service.TrafficManagementServiceTest.testUpdateTrafficDensityWithNegativeDensity(TrafficManagementServiceTest.java:92)
	at java.base/jdk.internal.reflect.DirectMethodHandleAccessor.invoke(DirectMethodHandleAccessor.java:104)
	at java.base/java.lang.reflect.Method.invoke(Method.java:565)
	at org.testng.internal.invokers.MethodInvocationHelper.invokeMethod(MethodInvocationHelper.java:141)
	at org.testng.internal.invokers.TestInvoker.invokeMethod(TestInvoker.java:687)
	at org.testng.internal.invokers.TestInvoker.invokeTestMethod(TestInvoker.java:230)
	at org.testng.internal.invokers.MethodRunner.runInSequence(MethodRunner.java:63)
	at org.testng.internal.invokers.TestInvoker$MethodInvocationAgent.invoke(TestInvoker.java:995)
	at org.testng.internal.invokers.TestInvoker.invokeTestMethods(TestInvoker.java:203)
	at org.testng.internal.invokers.TestMethodWorker.invokeTestMethods(TestMethodWorker.java:154)
	at org.testng.internal.invokers.TestMethodWorker.run(TestMethodWorker.java:134)
	at java.base/java.util.ArrayList.forEach(ArrayList.java:1604)
	at org.testng.TestRunner.privateRun(TestRunner.java:741)
	at org.testng.TestRunner.run(TestRunner.java:616)
	at org.testng.SuiteRunner.runTest(SuiteRunner.java:421)
	at org.testng.SuiteRunner.runSequentially(SuiteRunner.java:413)
	at org.testng.SuiteRunner.privateRun(SuiteRunner.java:373)
	at org.testng.SuiteRunner.run(SuiteRunner.java:312)
	at org.testng.SuiteRunnerWorker.runSuite(SuiteRunnerWorker.java:52)
	at org.testng.SuiteRunnerWorker.run(SuiteRunnerWorker.java:95)
	at org.testng.TestNG.runSuitesSequentially(TestNG.java:1274)
	at org.testng.TestNG.runSuitesLocally(TestNG.java:1208)
	at org.testng.TestNG.runSuites(TestNG.java:1112)
	at org.testng.TestNG.run(TestNG.java:1079)
	at org.apache.maven.surefire.testng.TestNGExecutor.run(TestNGExecutor.java:155)
	at org.apache.maven.surefire.testng.TestNGDirectoryTestSuite.executeMulti(TestNGDirectoryTestSuite.java:169)
	at org.apache.maven.surefire.testng.TestNGDirectoryTestSuite.execute(TestNGDirectoryTestSuite.java:88)
	at org.apache.maven.surefire.testng.TestNGProvider.invoke(TestNGProvider.java:137)
	at org.apache.maven.surefire.booter.ForkedBooter.runSuitesInProcess(ForkedBooter.java:385)
	at org.apache.maven.surefire.booter.ForkedBooter.execute(ForkedBooter.java:162)
	at org.apache.maven.surefire.booter.ForkedBooter.run(ForkedBooter.java:507)
	at org.apache.maven.surefire.booter.ForkedBooter.main(ForkedBooter.java:495)
</pre></div></td>
<td>0</td>
<td>com.city.service.TrafficManagementServiceTest@527e5409</td></tr>
<tr>
<td title='com.city.service.TrafficManagementServiceTest.testUpdateTrafficDensityWithDataProvider()'><b>testUpdateTrafficDensityWithDataProvider</b><br>Test class: com.city.service.TrafficManagementServiceTest<br>Parameters: TS003, 40</td>
<td></td>
<td>0</td>
<td>com.city.service.TrafficManagementServiceTest@527e5409</td></tr>
<tr>
<td title='com.city.service.EmergencyServiceTest.testRaiseEmergencyAlertForHighSeverityCapacityExceeded()'><b>testRaiseEmergencyAlertForHighSeverityCapacityExceeded</b><br>Test class: com.city.service.EmergencyServiceTest</td>
<td><div><pre>com.city.exception.EmergencyPriorityException: Cannot process more high severity Emergencies
	at com.city.service.EmergencyService.raiseEmergencyAlert(EmergencyService.java:38)
	at com.city.service.EmergencyServiceTest.testRaiseEmergencyAlertForHighSeverityCapacityExceeded(EmergencyServiceTest.java:118)
	at java.base/java.util.ArrayList.forEach(ArrayList.java:1604)
... Removed 30 stack frames</pre></div><a href='#' onClick='toggleBox("stack-trace129153987", this, "Click to show all stack frames", "Click to hide stack frames")'>Click to show all stack frames</a>
<div class='stack-trace' id='stack-trace129153987'><pre>com.city.exception.EmergencyPriorityException: Cannot process more high severity Emergencies
	at com.city.service.EmergencyService.raiseEmergencyAlert(EmergencyService.java:38)
	at com.city.service.EmergencyServiceTest.testRaiseEmergencyAlertForHighSeverityCapacityExceeded(EmergencyServiceTest.java:118)
	at java.base/jdk.internal.reflect.DirectMethodHandleAccessor.invoke(DirectMethodHandleAccessor.java:104)
	at java.base/java.lang.reflect.Method.invoke(Method.java:565)
	at org.testng.internal.invokers.MethodInvocationHelper.invokeMethod(MethodInvocationHelper.java:141)
	at org.testng.internal.invokers.TestInvoker.invokeMethod(TestInvoker.java:687)
	at org.testng.internal.invokers.TestInvoker.invokeTestMethod(TestInvoker.java:230)
	at org.testng.internal.invokers.MethodRunner.runInSequence(MethodRunner.java:63)
	at org.testng.internal.invokers.TestInvoker$MethodInvocationAgent.invoke(TestInvoker.java:995)
	at org.testng.internal.invokers.TestInvoker.invokeTestMethods(TestInvoker.java:203)
	at org.testng.internal.invokers.TestMethodWorker.invokeTestMethods(TestMethodWorker.java:154)
	at org.testng.internal.invokers.TestMethodWorker.run(TestMethodWorker.java:134)
	at java.base/java.util.ArrayList.forEach(ArrayList.java:1604)
	at org.testng.TestRunner.privateRun(TestRunner.java:741)
	at org.testng.TestRunner.run(TestRunner.java:616)
	at org.testng.SuiteRunner.runTest(SuiteRunner.java:421)
	at org.testng.SuiteRunner.runSequentially(SuiteRunner.java:413)
	at org.testng.SuiteRunner.privateRun(SuiteRunner.java:373)
	at org.testng.SuiteRunner.run(SuiteRunner.java:312)
	at org.testng.SuiteRunnerWorker.runSuite(SuiteRunnerWorker.java:52)
	at org.testng.SuiteRunnerWorker.run(SuiteRunnerWorker.java:95)
	at org.testng.TestNG.runSuitesSequentially(TestNG.java:1274)
	at org.testng.TestNG.runSuitesLocally(TestNG.java:1208)
	at org.testng.TestNG.runSuites(TestNG.java:1112)
	at org.testng.TestNG.run(TestNG.java:1079)
	at org.apache.maven.surefire.testng.TestNGExecutor.run(TestNGExecutor.java:155)
	at org.apache.maven.surefire.testng.TestNGDirectoryTestSuite.executeMulti(TestNGDirectoryTestSuite.java:169)
	at org.apache.maven.surefire.testng.TestNGDirectoryTestSuite.execute(TestNGDirectoryTestSuite.java:88)
	at org.apache.maven.surefire.testng.TestNGProvider.invoke(TestNGProvider.java:137)
	at org.apache.maven.surefire.booter.ForkedBooter.runSuitesInProcess(ForkedBooter.java:385)
	at org.apache.maven.surefire.booter.ForkedBooter.execute(ForkedBooter.java:162)
	at org.apache.maven.surefire.booter.ForkedBooter.run(ForkedBooter.java:507)
	at org.apache.maven.surefire.booter.ForkedBooter.main(ForkedBooter.java:495)
</pre></div></td>
<td>0</td>
<td>com.city.service.EmergencyServiceTest@2cbb3d47</td></tr>
<tr>
<td title='com.city.service.UtilityMonitoringServiceTest.testRecordUtilityConsumptionForInvalidData()'><b>testRecordUtilityConsumptionForInvalidData</b><br>Test class: com.city.service.UtilityMonitoringServiceTest<br>Parameters: null, 1000.0</td>
<td><div><pre>com.city.exception.InvalidInputException: Meter ID cannot be null or empty
	at com.city.service.UtilityMonitoringService.recordUtilityConsumption(UtilityMonitoringService.java:27)
	at com.city.service.UtilityMonitoringServiceTest.testRecordUtilityConsumptionForInvalidData(UtilityMonitoringServiceTest.java:170)
	at java.base/java.util.ArrayList.forEach(ArrayList.java:1604)
... Removed 30 stack frames</pre></div><a href='#' onClick='toggleBox("stack-trace1073763441", this, "Click to show all stack frames", "Click to hide stack frames")'>Click to show all stack frames</a>
<div class='stack-trace' id='stack-trace1073763441'><pre>com.city.exception.InvalidInputException: Meter ID cannot be null or empty
	at com.city.service.UtilityMonitoringService.recordUtilityConsumption(UtilityMonitoringService.java:27)
	at com.city.service.UtilityMonitoringServiceTest.testRecordUtilityConsumptionForInvalidData(UtilityMonitoringServiceTest.java:170)
	at java.base/jdk.internal.reflect.DirectMethodHandleAccessor.invoke(DirectMethodHandleAccessor.java:104)
	at java.base/java.lang.reflect.Method.invoke(Method.java:565)
	at org.testng.internal.invokers.MethodInvocationHelper.invokeMethod(MethodInvocationHelper.java:141)
	at org.testng.internal.invokers.TestInvoker.invokeMethod(TestInvoker.java:687)
	at org.testng.internal.invokers.TestInvoker.invokeTestMethod(TestInvoker.java:230)
	at org.testng.internal.invokers.MethodRunner.runInSequence(MethodRunner.java:63)
	at org.testng.internal.invokers.TestInvoker$MethodInvocationAgent.invoke(TestInvoker.java:995)
	at org.testng.internal.invokers.TestInvoker.invokeTestMethods(TestInvoker.java:203)
	at org.testng.internal.invokers.TestMethodWorker.invokeTestMethods(TestMethodWorker.java:154)
	at org.testng.internal.invokers.TestMethodWorker.run(TestMethodWorker.java:134)
	at java.base/java.util.ArrayList.forEach(ArrayList.java:1604)
	at org.testng.TestRunner.privateRun(TestRunner.java:741)
	at org.testng.TestRunner.run(TestRunner.java:616)
	at org.testng.SuiteRunner.runTest(SuiteRunner.java:421)
	at org.testng.SuiteRunner.runSequentially(SuiteRunner.java:413)
	at org.testng.SuiteRunner.privateRun(SuiteRunner.java:373)
	at org.testng.SuiteRunner.run(SuiteRunner.java:312)
	at org.testng.SuiteRunnerWorker.runSuite(SuiteRunnerWorker.java:52)
	at org.testng.SuiteRunnerWorker.run(SuiteRunnerWorker.java:95)
	at org.testng.TestNG.runSuitesSequentially(TestNG.java:1274)
	at org.testng.TestNG.runSuitesLocally(TestNG.java:1208)
	at org.testng.TestNG.runSuites(TestNG.java:1112)
	at org.testng.TestNG.run(TestNG.java:1079)
	at org.apache.maven.surefire.testng.TestNGExecutor.run(TestNGExecutor.java:155)
	at org.apache.maven.surefire.testng.TestNGDirectoryTestSuite.executeMulti(TestNGDirectoryTestSuite.java:169)
	at org.apache.maven.surefire.testng.TestNGDirectoryTestSuite.execute(TestNGDirectoryTestSuite.java:88)
	at org.apache.maven.surefire.testng.TestNGProvider.invoke(TestNGProvider.java:137)
	at org.apache.maven.surefire.booter.ForkedBooter.runSuitesInProcess(ForkedBooter.java:385)
	at org.apache.maven.surefire.booter.ForkedBooter.execute(ForkedBooter.java:162)
	at org.apache.maven.surefire.booter.ForkedBooter.run(ForkedBooter.java:507)
	at org.apache.maven.surefire.booter.ForkedBooter.main(ForkedBooter.java:495)
</pre></div></td>
<td>0</td>
<td>com.city.service.UtilityMonitoringServiceTest@1198b989</td></tr>
<tr>
<td title='com.city.service.UtilityMonitoringServiceTest.testGenerateBillWithNonExistentProperty()'><b>testGenerateBillWithNonExistentProperty</b><br>Test class: com.city.service.UtilityMonitoringServiceTest</td>
<td><div><pre>com.city.exception.ServiceUnavailableException: No utility meters found for property: NON_EXISTENT
	at com.city.service.UtilityMonitoringService.generateBill(UtilityMonitoringService.java:59)
	at com.city.service.UtilityMonitoringServiceTest.testGenerateBillWithNonExistentProperty(UtilityMonitoringServiceTest.java:141)
	at java.base/java.util.ArrayList.forEach(ArrayList.java:1604)
... Removed 30 stack frames</pre></div><a href='#' onClick='toggleBox("stack-trace116405378", this, "Click to show all stack frames", "Click to hide stack frames")'>Click to show all stack frames</a>
<div class='stack-trace' id='stack-trace116405378'><pre>com.city.exception.ServiceUnavailableException: No utility meters found for property: NON_EXISTENT
	at com.city.service.UtilityMonitoringService.generateBill(UtilityMonitoringService.java:59)
	at com.city.service.UtilityMonitoringServiceTest.testGenerateBillWithNonExistentProperty(UtilityMonitoringServiceTest.java:141)
	at java.base/jdk.internal.reflect.DirectMethodHandleAccessor.invoke(DirectMethodHandleAccessor.java:104)
	at java.base/java.lang.reflect.Method.invoke(Method.java:565)
	at org.testng.internal.invokers.MethodInvocationHelper.invokeMethod(MethodInvocationHelper.java:141)
	at org.testng.internal.invokers.TestInvoker.invokeMethod(TestInvoker.java:687)
	at org.testng.internal.invokers.TestInvoker.invokeTestMethod(TestInvoker.java:230)
	at org.testng.internal.invokers.MethodRunner.runInSequence(MethodRunner.java:63)
	at org.testng.internal.invokers.TestInvoker$MethodInvocationAgent.invoke(TestInvoker.java:995)
	at org.testng.internal.invokers.TestInvoker.invokeTestMethods(TestInvoker.java:203)
	at org.testng.internal.invokers.TestMethodWorker.invokeTestMethods(TestMethodWorker.java:154)
	at org.testng.internal.invokers.TestMethodWorker.run(TestMethodWorker.java:134)
	at java.base/java.util.ArrayList.forEach(ArrayList.java:1604)
	at org.testng.TestRunner.privateRun(TestRunner.java:741)
	at org.testng.TestRunner.run(TestRunner.java:616)
	at org.testng.SuiteRunner.runTest(SuiteRunner.java:421)
	at org.testng.SuiteRunner.runSequentially(SuiteRunner.java:413)
	at org.testng.SuiteRunner.privateRun(SuiteRunner.java:373)
	at org.testng.SuiteRunner.run(SuiteRunner.java:312)
	at org.testng.SuiteRunnerWorker.runSuite(SuiteRunnerWorker.java:52)
	at org.testng.SuiteRunnerWorker.run(SuiteRunnerWorker.java:95)
	at org.testng.TestNG.runSuitesSequentially(TestNG.java:1274)
	at org.testng.TestNG.runSuitesLocally(TestNG.java:1208)
	at org.testng.TestNG.runSuites(TestNG.java:1112)
	at org.testng.TestNG.run(TestNG.java:1079)
	at org.apache.maven.surefire.testng.TestNGExecutor.run(TestNGExecutor.java:155)
	at org.apache.maven.surefire.testng.TestNGDirectoryTestSuite.executeMulti(TestNGDirectoryTestSuite.java:169)
	at org.apache.maven.surefire.testng.TestNGDirectoryTestSuite.execute(TestNGDirectoryTestSuite.java:88)
	at org.apache.maven.surefire.testng.TestNGProvider.invoke(TestNGProvider.java:137)
	at org.apache.maven.surefire.booter.ForkedBooter.runSuitesInProcess(ForkedBooter.java:385)
	at org.apache.maven.surefire.booter.ForkedBooter.execute(ForkedBooter.java:162)
	at org.apache.maven.surefire.booter.ForkedBooter.run(ForkedBooter.java:507)
	at org.apache.maven.surefire.booter.ForkedBooter.main(ForkedBooter.java:495)
</pre></div></td>
<td>0</td>
<td>com.city.service.UtilityMonitoringServiceTest@1198b989</td></tr>
<tr>
<td title='com.city.service.ComplaintServiceTest.testUpdateComplaintStatusWithEmptyComplaintId()'><b>testUpdateComplaintStatusWithEmptyComplaintId</b><br>Test class: com.city.service.ComplaintServiceTest</td>
<td><div><pre>com.city.exception.InvalidInputException: Complaint ID cannot be null or empty
	at com.city.service.ComplaintService.updateComplaintStatus(ComplaintService.java:61)
	at com.city.service.ComplaintServiceTest.testUpdateComplaintStatusWithEmptyComplaintId(ComplaintServiceTest.java:187)
	at java.base/java.util.ArrayList.forEach(ArrayList.java:1604)
... Removed 30 stack frames</pre></div><a href='#' onClick='toggleBox("stack-trace902830499", this, "Click to show all stack frames", "Click to hide stack frames")'>Click to show all stack frames</a>
<div class='stack-trace' id='stack-trace902830499'><pre>com.city.exception.InvalidInputException: Complaint ID cannot be null or empty
	at com.city.service.ComplaintService.updateComplaintStatus(ComplaintService.java:61)
	at com.city.service.ComplaintServiceTest.testUpdateComplaintStatusWithEmptyComplaintId(ComplaintServiceTest.java:187)
	at java.base/jdk.internal.reflect.DirectMethodHandleAccessor.invoke(DirectMethodHandleAccessor.java:104)
	at java.base/java.lang.reflect.Method.invoke(Method.java:565)
	at org.testng.internal.invokers.MethodInvocationHelper.invokeMethod(MethodInvocationHelper.java:141)
	at org.testng.internal.invokers.TestInvoker.invokeMethod(TestInvoker.java:687)
	at org.testng.internal.invokers.TestInvoker.invokeTestMethod(TestInvoker.java:230)
	at org.testng.internal.invokers.MethodRunner.runInSequence(MethodRunner.java:63)
	at org.testng.internal.invokers.TestInvoker$MethodInvocationAgent.invoke(TestInvoker.java:995)
	at org.testng.internal.invokers.TestInvoker.invokeTestMethods(TestInvoker.java:203)
	at org.testng.internal.invokers.TestMethodWorker.invokeTestMethods(TestMethodWorker.java:154)
	at org.testng.internal.invokers.TestMethodWorker.run(TestMethodWorker.java:134)
	at java.base/java.util.ArrayList.forEach(ArrayList.java:1604)
	at org.testng.TestRunner.privateRun(TestRunner.java:741)
	at org.testng.TestRunner.run(TestRunner.java:616)
	at org.testng.SuiteRunner.runTest(SuiteRunner.java:421)
	at org.testng.SuiteRunner.runSequentially(SuiteRunner.java:413)
	at org.testng.SuiteRunner.privateRun(SuiteRunner.java:373)
	at org.testng.SuiteRunner.run(SuiteRunner.java:312)
	at org.testng.SuiteRunnerWorker.runSuite(SuiteRunnerWorker.java:52)
	at org.testng.SuiteRunnerWorker.run(SuiteRunnerWorker.java:95)
	at org.testng.TestNG.runSuitesSequentially(TestNG.java:1274)
	at org.testng.TestNG.runSuitesLocally(TestNG.java:1208)
	at org.testng.TestNG.runSuites(TestNG.java:1112)
	at org.testng.TestNG.run(TestNG.java:1079)
	at org.apache.maven.surefire.testng.TestNGExecutor.run(TestNGExecutor.java:155)
	at org.apache.maven.surefire.testng.TestNGDirectoryTestSuite.executeMulti(TestNGDirectoryTestSuite.java:169)
	at org.apache.maven.surefire.testng.TestNGDirectoryTestSuite.execute(TestNGDirectoryTestSuite.java:88)
	at org.apache.maven.surefire.testng.TestNGProvider.invoke(TestNGProvider.java:137)
	at org.apache.maven.surefire.booter.ForkedBooter.runSuitesInProcess(ForkedBooter.java:385)
	at org.apache.maven.surefire.booter.ForkedBooter.execute(ForkedBooter.java:162)
	at org.apache.maven.surefire.booter.ForkedBooter.run(ForkedBooter.java:507)
	at org.apache.maven.surefire.booter.ForkedBooter.main(ForkedBooter.java:495)
</pre></div></td>
<td>0</td>
<td>com.city.service.ComplaintServiceTest@7fc229ab</td></tr>
<tr>
<td title='com.city.service.UtilityMonitoringServiceTest.testRecordUtilityConsumptionForInvalidData()'><b>testRecordUtilityConsumptionForInvalidData</b><br>Test class: com.city.service.UtilityMonitoringServiceTest<br>Parameters: INVALID, 1000.0</td>
<td><div><pre>com.city.exception.ServiceUnavailableException: Meter with ID INVALID not found
	at com.city.service.UtilityMonitoringService.recordUtilityConsumption(UtilityMonitoringService.java:36)
	at com.city.service.UtilityMonitoringServiceTest.testRecordUtilityConsumptionForInvalidData(UtilityMonitoringServiceTest.java:170)
	at java.base/java.util.ArrayList.forEach(ArrayList.java:1604)
... Removed 30 stack frames</pre></div><a href='#' onClick='toggleBox("stack-trace484589713", this, "Click to show all stack frames", "Click to hide stack frames")'>Click to show all stack frames</a>
<div class='stack-trace' id='stack-trace484589713'><pre>com.city.exception.ServiceUnavailableException: Meter with ID INVALID not found
	at com.city.service.UtilityMonitoringService.recordUtilityConsumption(UtilityMonitoringService.java:36)
	at com.city.service.UtilityMonitoringServiceTest.testRecordUtilityConsumptionForInvalidData(UtilityMonitoringServiceTest.java:170)
	at java.base/jdk.internal.reflect.DirectMethodHandleAccessor.invoke(DirectMethodHandleAccessor.java:104)
	at java.base/java.lang.reflect.Method.invoke(Method.java:565)
	at org.testng.internal.invokers.MethodInvocationHelper.invokeMethod(MethodInvocationHelper.java:141)
	at org.testng.internal.invokers.TestInvoker.invokeMethod(TestInvoker.java:687)
	at org.testng.internal.invokers.TestInvoker.invokeTestMethod(TestInvoker.java:230)
	at org.testng.internal.invokers.MethodRunner.runInSequence(MethodRunner.java:63)
	at org.testng.internal.invokers.TestInvoker$MethodInvocationAgent.invoke(TestInvoker.java:995)
	at org.testng.internal.invokers.TestInvoker.invokeTestMethods(TestInvoker.java:203)
	at org.testng.internal.invokers.TestMethodWorker.invokeTestMethods(TestMethodWorker.java:154)
	at org.testng.internal.invokers.TestMethodWorker.run(TestMethodWorker.java:134)
	at java.base/java.util.ArrayList.forEach(ArrayList.java:1604)
	at org.testng.TestRunner.privateRun(TestRunner.java:741)
	at org.testng.TestRunner.run(TestRunner.java:616)
	at org.testng.SuiteRunner.runTest(SuiteRunner.java:421)
	at org.testng.SuiteRunner.runSequentially(SuiteRunner.java:413)
	at org.testng.SuiteRunner.privateRun(SuiteRunner.java:373)
	at org.testng.SuiteRunner.run(SuiteRunner.java:312)
	at org.testng.SuiteRunnerWorker.runSuite(SuiteRunnerWorker.java:52)
	at org.testng.SuiteRunnerWorker.run(SuiteRunnerWorker.java:95)
	at org.testng.TestNG.runSuitesSequentially(TestNG.java:1274)
	at org.testng.TestNG.runSuitesLocally(TestNG.java:1208)
	at org.testng.TestNG.runSuites(TestNG.java:1112)
	at org.testng.TestNG.run(TestNG.java:1079)
	at org.apache.maven.surefire.testng.TestNGExecutor.run(TestNGExecutor.java:155)
	at org.apache.maven.surefire.testng.TestNGDirectoryTestSuite.executeMulti(TestNGDirectoryTestSuite.java:169)
	at org.apache.maven.surefire.testng.TestNGDirectoryTestSuite.execute(TestNGDirectoryTestSuite.java:88)
	at org.apache.maven.surefire.testng.TestNGProvider.invoke(TestNGProvider.java:137)
	at org.apache.maven.surefire.booter.ForkedBooter.runSuitesInProcess(ForkedBooter.java:385)
	at org.apache.maven.surefire.booter.ForkedBooter.execute(ForkedBooter.java:162)
	at org.apache.maven.surefire.booter.ForkedBooter.run(ForkedBooter.java:507)
	at org.apache.maven.surefire.booter.ForkedBooter.main(ForkedBooter.java:495)
</pre></div></td>
<td>0</td>
<td>com.city.service.UtilityMonitoringServiceTest@1198b989</td></tr>
<tr>
<td title='com.city.service.ComplaintServiceTest.testRegisterComplaintWithEmptyCitizenId()'><b>testRegisterComplaintWithEmptyCitizenId</b><br>Test class: com.city.service.ComplaintServiceTest</td>
<td><div><pre>com.city.exception.InvalidInputException: Citizen ID cannot be null or empty
	at com.city.service.ComplaintService.registerComplaint(ComplaintService.java:34)
	at com.city.service.ComplaintServiceTest.testRegisterComplaintWithEmptyCitizenId(ComplaintServiceTest.java:131)
	at java.base/java.util.ArrayList.forEach(ArrayList.java:1604)
... Removed 30 stack frames</pre></div><a href='#' onClick='toggleBox("stack-trace283318938", this, "Click to show all stack frames", "Click to hide stack frames")'>Click to show all stack frames</a>
<div class='stack-trace' id='stack-trace283318938'><pre>com.city.exception.InvalidInputException: Citizen ID cannot be null or empty
	at com.city.service.ComplaintService.registerComplaint(ComplaintService.java:34)
	at com.city.service.ComplaintServiceTest.testRegisterComplaintWithEmptyCitizenId(ComplaintServiceTest.java:131)
	at java.base/jdk.internal.reflect.DirectMethodHandleAccessor.invoke(DirectMethodHandleAccessor.java:104)
	at java.base/java.lang.reflect.Method.invoke(Method.java:565)
	at org.testng.internal.invokers.MethodInvocationHelper.invokeMethod(MethodInvocationHelper.java:141)
	at org.testng.internal.invokers.TestInvoker.invokeMethod(TestInvoker.java:687)
	at org.testng.internal.invokers.TestInvoker.invokeTestMethod(TestInvoker.java:230)
	at org.testng.internal.invokers.MethodRunner.runInSequence(MethodRunner.java:63)
	at org.testng.internal.invokers.TestInvoker$MethodInvocationAgent.invoke(TestInvoker.java:995)
	at org.testng.internal.invokers.TestInvoker.invokeTestMethods(TestInvoker.java:203)
	at org.testng.internal.invokers.TestMethodWorker.invokeTestMethods(TestMethodWorker.java:154)
	at org.testng.internal.invokers.TestMethodWorker.run(TestMethodWorker.java:134)
	at java.base/java.util.ArrayList.forEach(ArrayList.java:1604)
	at org.testng.TestRunner.privateRun(TestRunner.java:741)
	at org.testng.TestRunner.run(TestRunner.java:616)
	at org.testng.SuiteRunner.runTest(SuiteRunner.java:421)
	at org.testng.SuiteRunner.runSequentially(SuiteRunner.java:413)
	at org.testng.SuiteRunner.privateRun(SuiteRunner.java:373)
	at org.testng.SuiteRunner.run(SuiteRunner.java:312)
	at org.testng.SuiteRunnerWorker.runSuite(SuiteRunnerWorker.java:52)
	at org.testng.SuiteRunnerWorker.run(SuiteRunnerWorker.java:95)
	at org.testng.TestNG.runSuitesSequentially(TestNG.java:1274)
	at org.testng.TestNG.runSuitesLocally(TestNG.java:1208)
	at org.testng.TestNG.runSuites(TestNG.java:1112)
	at org.testng.TestNG.run(TestNG.java:1079)
	at org.apache.maven.surefire.testng.TestNGExecutor.run(TestNGExecutor.java:155)
	at org.apache.maven.surefire.testng.TestNGDirectoryTestSuite.executeMulti(TestNGDirectoryTestSuite.java:169)
	at org.apache.maven.surefire.testng.TestNGDirectoryTestSuite.execute(TestNGDirectoryTestSuite.java:88)
	at org.apache.maven.surefire.testng.TestNGProvider.invoke(TestNGProvider.java:137)
	at org.apache.maven.surefire.booter.ForkedBooter.runSuitesInProcess(ForkedBooter.java:385)
	at org.apache.maven.surefire.booter.ForkedBooter.execute(ForkedBooter.java:162)
	at org.apache.maven.surefire.booter.ForkedBooter.run(ForkedBooter.java:507)
	at org.apache.maven.surefire.booter.ForkedBooter.main(ForkedBooter.java:495)
</pre></div></td>
<td>0</td>
<td>com.city.service.ComplaintServiceTest@7fc229ab</td></tr>
<tr>
<td title='com.city.service.ComplaintServiceTest.testUpdateComplaintStatus()'><b>testUpdateComplaintStatus</b><br>Test class: com.city.service.ComplaintServiceTest<br>Parameters: 9</td>
<td></td>
<td>0</td>
<td>com.city.service.ComplaintServiceTest@7fc229ab</td></tr>
<tr>
<td title='com.city.service.ComplaintServiceTest.testRegisterComplaintWithNullCitizenId()'><b>testRegisterComplaintWithNullCitizenId</b><br>Test class: com.city.service.ComplaintServiceTest</td>
<td><div><pre>com.city.exception.InvalidInputException: Citizen ID cannot be null or empty
	at com.city.service.ComplaintService.registerComplaint(ComplaintService.java:34)
	at com.city.service.ComplaintServiceTest.testRegisterComplaintWithNullCitizenId(ComplaintServiceTest.java:126)
	at java.base/java.util.ArrayList.forEach(ArrayList.java:1604)
... Removed 30 stack frames</pre></div><a href='#' onClick='toggleBox("stack-trace440938038", this, "Click to show all stack frames", "Click to hide stack frames")'>Click to show all stack frames</a>
<div class='stack-trace' id='stack-trace440938038'><pre>com.city.exception.InvalidInputException: Citizen ID cannot be null or empty
	at com.city.service.ComplaintService.registerComplaint(ComplaintService.java:34)
	at com.city.service.ComplaintServiceTest.testRegisterComplaintWithNullCitizenId(ComplaintServiceTest.java:126)
	at java.base/jdk.internal.reflect.DirectMethodHandleAccessor.invoke(DirectMethodHandleAccessor.java:104)
	at java.base/java.lang.reflect.Method.invoke(Method.java:565)
	at org.testng.internal.invokers.MethodInvocationHelper.invokeMethod(MethodInvocationHelper.java:141)
	at org.testng.internal.invokers.TestInvoker.invokeMethod(TestInvoker.java:687)
	at org.testng.internal.invokers.TestInvoker.invokeTestMethod(TestInvoker.java:230)
	at org.testng.internal.invokers.MethodRunner.runInSequence(MethodRunner.java:63)
	at org.testng.internal.invokers.TestInvoker$MethodInvocationAgent.invoke(TestInvoker.java:995)
	at org.testng.internal.invokers.TestInvoker.invokeTestMethods(TestInvoker.java:203)
	at org.testng.internal.invokers.TestMethodWorker.invokeTestMethods(TestMethodWorker.java:154)
	at org.testng.internal.invokers.TestMethodWorker.run(TestMethodWorker.java:134)
	at java.base/java.util.ArrayList.forEach(ArrayList.java:1604)
	at org.testng.TestRunner.privateRun(TestRunner.java:741)
	at org.testng.TestRunner.run(TestRunner.java:616)
	at org.testng.SuiteRunner.runTest(SuiteRunner.java:421)
	at org.testng.SuiteRunner.runSequentially(SuiteRunner.java:413)
	at org.testng.SuiteRunner.privateRun(SuiteRunner.java:373)
	at org.testng.SuiteRunner.run(SuiteRunner.java:312)
	at org.testng.SuiteRunnerWorker.runSuite(SuiteRunnerWorker.java:52)
	at org.testng.SuiteRunnerWorker.run(SuiteRunnerWorker.java:95)
	at org.testng.TestNG.runSuitesSequentially(TestNG.java:1274)
	at org.testng.TestNG.runSuitesLocally(TestNG.java:1208)
	at org.testng.TestNG.runSuites(TestNG.java:1112)
	at org.testng.TestNG.run(TestNG.java:1079)
	at org.apache.maven.surefire.testng.TestNGExecutor.run(TestNGExecutor.java:155)
	at org.apache.maven.surefire.testng.TestNGDirectoryTestSuite.executeMulti(TestNGDirectoryTestSuite.java:169)
	at org.apache.maven.surefire.testng.TestNGDirectoryTestSuite.execute(TestNGDirectoryTestSuite.java:88)
	at org.apache.maven.surefire.testng.TestNGProvider.invoke(TestNGProvider.java:137)
	at org.apache.maven.surefire.booter.ForkedBooter.runSuitesInProcess(ForkedBooter.java:385)
	at org.apache.maven.surefire.booter.ForkedBooter.execute(ForkedBooter.java:162)
	at org.apache.maven.surefire.booter.ForkedBooter.run(ForkedBooter.java:507)
	at org.apache.maven.surefire.booter.ForkedBooter.main(ForkedBooter.java:495)
</pre></div></td>
<td>0</td>
<td>com.city.service.ComplaintServiceTest@7fc229ab</td></tr>
<tr>
<td title='com.city.service.UtilityMonitoringServiceTest.testRecordUtilityConsumptionWithWrongMeter()'><b>testRecordUtilityConsumptionWithWrongMeter</b><br>Test class: com.city.service.UtilityMonitoringServiceTest</td>
<td><div><pre>com.city.exception.ServiceUnavailableException: Meter with ID WRONG_METER not found
	at com.city.service.UtilityMonitoringService.recordUtilityConsumption(UtilityMonitoringService.java:36)
	at com.city.service.UtilityMonitoringServiceTest.testRecordUtilityConsumptionWithWrongMeter(UtilityMonitoringServiceTest.java:97)
	at java.base/java.util.ArrayList.forEach(ArrayList.java:1604)
... Removed 30 stack frames</pre></div><a href='#' onClick='toggleBox("stack-trace690339675", this, "Click to show all stack frames", "Click to hide stack frames")'>Click to show all stack frames</a>
<div class='stack-trace' id='stack-trace690339675'><pre>com.city.exception.ServiceUnavailableException: Meter with ID WRONG_METER not found
	at com.city.service.UtilityMonitoringService.recordUtilityConsumption(UtilityMonitoringService.java:36)
	at com.city.service.UtilityMonitoringServiceTest.testRecordUtilityConsumptionWithWrongMeter(UtilityMonitoringServiceTest.java:97)
	at java.base/jdk.internal.reflect.DirectMethodHandleAccessor.invoke(DirectMethodHandleAccessor.java:104)
	at java.base/java.lang.reflect.Method.invoke(Method.java:565)
	at org.testng.internal.invokers.MethodInvocationHelper.invokeMethod(MethodInvocationHelper.java:141)
	at org.testng.internal.invokers.TestInvoker.invokeMethod(TestInvoker.java:687)
	at org.testng.internal.invokers.TestInvoker.invokeTestMethod(TestInvoker.java:230)
	at org.testng.internal.invokers.MethodRunner.runInSequence(MethodRunner.java:63)
	at org.testng.internal.invokers.TestInvoker$MethodInvocationAgent.invoke(TestInvoker.java:995)
	at org.testng.internal.invokers.TestInvoker.invokeTestMethods(TestInvoker.java:203)
	at org.testng.internal.invokers.TestMethodWorker.invokeTestMethods(TestMethodWorker.java:154)
	at org.testng.internal.invokers.TestMethodWorker.run(TestMethodWorker.java:134)
	at java.base/java.util.ArrayList.forEach(ArrayList.java:1604)
	at org.testng.TestRunner.privateRun(TestRunner.java:741)
	at org.testng.TestRunner.run(TestRunner.java:616)
	at org.testng.SuiteRunner.runTest(SuiteRunner.java:421)
	at org.testng.SuiteRunner.runSequentially(SuiteRunner.java:413)
	at org.testng.SuiteRunner.privateRun(SuiteRunner.java:373)
	at org.testng.SuiteRunner.run(SuiteRunner.java:312)
	at org.testng.SuiteRunnerWorker.runSuite(SuiteRunnerWorker.java:52)
	at org.testng.SuiteRunnerWorker.run(SuiteRunnerWorker.java:95)
	at org.testng.TestNG.runSuitesSequentially(TestNG.java:1274)
	at org.testng.TestNG.runSuitesLocally(TestNG.java:1208)
	at org.testng.TestNG.runSuites(TestNG.java:1112)
	at org.testng.TestNG.run(TestNG.java:1079)
	at org.apache.maven.surefire.testng.TestNGExecutor.run(TestNGExecutor.java:155)
	at org.apache.maven.surefire.testng.TestNGDirectoryTestSuite.executeMulti(TestNGDirectoryTestSuite.java:169)
	at org.apache.maven.surefire.testng.TestNGDirectoryTestSuite.execute(TestNGDirectoryTestSuite.java:88)
	at org.apache.maven.surefire.testng.TestNGProvider.invoke(TestNGProvider.java:137)
	at org.apache.maven.surefire.booter.ForkedBooter.runSuitesInProcess(ForkedBooter.java:385)
	at org.apache.maven.surefire.booter.ForkedBooter.execute(ForkedBooter.java:162)
	at org.apache.maven.surefire.booter.ForkedBooter.run(ForkedBooter.java:507)
	at org.apache.maven.surefire.booter.ForkedBooter.main(ForkedBooter.java:495)
</pre></div></td>
<td>0</td>
<td>com.city.service.UtilityMonitoringServiceTest@1198b989</td></tr>
<tr>
<td title='com.city.service.TrafficManagementServiceTest.testHighTrafficAreasForInactiveSensor()'><b>testHighTrafficAreasForInactiveSensor</b><br>Test class: com.city.service.TrafficManagementServiceTest</td>
<td></td>
<td>0</td>
<td>com.city.service.TrafficManagementServiceTest@527e5409</td></tr>
<tr>
<td title='com.city.service.ComplaintServiceTest.testRegisterComplaintWithInvalidData()'><b>testRegisterComplaintWithInvalidData</b><br>Test class: com.city.service.ComplaintServiceTest<br>Parameters: null, ROAD, Description, HIGH</td>
<td><div><pre>com.city.exception.InvalidInputException: Citizen ID cannot be null or empty
	at com.city.service.ComplaintService.registerComplaint(ComplaintService.java:34)
	at com.city.service.ComplaintServiceTest.testRegisterComplaintWithInvalidData(ComplaintServiceTest.java:108)
	at java.base/java.util.ArrayList.forEach(ArrayList.java:1604)
... Removed 30 stack frames</pre></div><a href='#' onClick='toggleBox("stack-trace2134607032", this, "Click to show all stack frames", "Click to hide stack frames")'>Click to show all stack frames</a>
<div class='stack-trace' id='stack-trace2134607032'><pre>com.city.exception.InvalidInputException: Citizen ID cannot be null or empty
	at com.city.service.ComplaintService.registerComplaint(ComplaintService.java:34)
	at com.city.service.ComplaintServiceTest.testRegisterComplaintWithInvalidData(ComplaintServiceTest.java:108)
	at java.base/jdk.internal.reflect.DirectMethodHandleAccessor.invoke(DirectMethodHandleAccessor.java:104)
	at java.base/java.lang.reflect.Method.invoke(Method.java:565)
	at org.testng.internal.invokers.MethodInvocationHelper.invokeMethod(MethodInvocationHelper.java:141)
	at org.testng.internal.invokers.TestInvoker.invokeMethod(TestInvoker.java:687)
	at org.testng.internal.invokers.TestInvoker.invokeTestMethod(TestInvoker.java:230)
	at org.testng.internal.invokers.MethodRunner.runInSequence(MethodRunner.java:63)
	at org.testng.internal.invokers.TestInvoker$MethodInvocationAgent.invoke(TestInvoker.java:995)
	at org.testng.internal.invokers.TestInvoker.invokeTestMethods(TestInvoker.java:203)
	at org.testng.internal.invokers.TestMethodWorker.invokeTestMethods(TestMethodWorker.java:154)
	at org.testng.internal.invokers.TestMethodWorker.run(TestMethodWorker.java:134)
	at java.base/java.util.ArrayList.forEach(ArrayList.java:1604)
	at org.testng.TestRunner.privateRun(TestRunner.java:741)
	at org.testng.TestRunner.run(TestRunner.java:616)
	at org.testng.SuiteRunner.runTest(SuiteRunner.java:421)
	at org.testng.SuiteRunner.runSequentially(SuiteRunner.java:413)
	at org.testng.SuiteRunner.privateRun(SuiteRunner.java:373)
	at org.testng.SuiteRunner.run(SuiteRunner.java:312)
	at org.testng.SuiteRunnerWorker.runSuite(SuiteRunnerWorker.java:52)
	at org.testng.SuiteRunnerWorker.run(SuiteRunnerWorker.java:95)
	at org.testng.TestNG.runSuitesSequentially(TestNG.java:1274)
	at org.testng.TestNG.runSuitesLocally(TestNG.java:1208)
	at org.testng.TestNG.runSuites(TestNG.java:1112)
	at org.testng.TestNG.run(TestNG.java:1079)
	at org.apache.maven.surefire.testng.TestNGExecutor.run(TestNGExecutor.java:155)
	at org.apache.maven.surefire.testng.TestNGDirectoryTestSuite.executeMulti(TestNGDirectoryTestSuite.java:169)
	at org.apache.maven.surefire.testng.TestNGDirectoryTestSuite.execute(TestNGDirectoryTestSuite.java:88)
	at org.apache.maven.surefire.testng.TestNGProvider.invoke(TestNGProvider.java:137)
	at org.apache.maven.surefire.booter.ForkedBooter.runSuitesInProcess(ForkedBooter.java:385)
	at org.apache.maven.surefire.booter.ForkedBooter.execute(ForkedBooter.java:162)
	at org.apache.maven.surefire.booter.ForkedBooter.run(ForkedBooter.java:507)
	at org.apache.maven.surefire.booter.ForkedBooter.main(ForkedBooter.java:495)
</pre></div></td>
<td>0</td>
<td>com.city.service.ComplaintServiceTest@7fc229ab</td></tr>
<tr>
<td title='com.city.service.ComplaintServiceTest.testUpdateComplaintStatus()'><b>testUpdateComplaintStatus</b><br>Test class: com.city.service.ComplaintServiceTest<br>Parameters: 2</td>
<td></td>
<td>0</td>
<td>com.city.service.ComplaintServiceTest@7fc229ab</td></tr>
<tr>
<td title='com.city.service.ComplaintServiceTest.testRegisterComplaint()'><b>testRegisterComplaint</b><br>Test class: com.city.service.ComplaintServiceTest<br>Parameters: C011, WATER, No water supply since yesterday, MEDIUM</td>
<td></td>
<td>0</td>
<td>com.city.service.ComplaintServiceTest@7fc229ab</td></tr>
<tr>
<td title='com.city.service.ComplaintServiceTest.testUpdateComplaintStatus()'><b>testUpdateComplaintStatus</b><br>Test class: com.city.service.ComplaintServiceTest<br>Parameters: 3</td>
<td></td>
<td>0</td>
<td>com.city.service.ComplaintServiceTest@7fc229ab</td></tr>
<tr>
<td title='com.city.service.UtilityMonitoringServiceTest.testRecordUtilityConsumptionWithNull()'><b>testRecordUtilityConsumptionWithNull</b><br>Test class: com.city.service.UtilityMonitoringServiceTest</td>
<td><div><pre>com.city.exception.InvalidInputException: Meter ID cannot be null or empty
	at com.city.service.UtilityMonitoringService.recordUtilityConsumption(UtilityMonitoringService.java:27)
	at com.city.service.UtilityMonitoringServiceTest.testRecordUtilityConsumptionWithNull(UtilityMonitoringServiceTest.java:92)
	at java.base/java.util.ArrayList.forEach(ArrayList.java:1604)
... Removed 30 stack frames</pre></div><a href='#' onClick='toggleBox("stack-trace1965237677", this, "Click to show all stack frames", "Click to hide stack frames")'>Click to show all stack frames</a>
<div class='stack-trace' id='stack-trace1965237677'><pre>com.city.exception.InvalidInputException: Meter ID cannot be null or empty
	at com.city.service.UtilityMonitoringService.recordUtilityConsumption(UtilityMonitoringService.java:27)
	at com.city.service.UtilityMonitoringServiceTest.testRecordUtilityConsumptionWithNull(UtilityMonitoringServiceTest.java:92)
	at java.base/jdk.internal.reflect.DirectMethodHandleAccessor.invoke(DirectMethodHandleAccessor.java:104)
	at java.base/java.lang.reflect.Method.invoke(Method.java:565)
	at org.testng.internal.invokers.MethodInvocationHelper.invokeMethod(MethodInvocationHelper.java:141)
	at org.testng.internal.invokers.TestInvoker.invokeMethod(TestInvoker.java:687)
	at org.testng.internal.invokers.TestInvoker.invokeTestMethod(TestInvoker.java:230)
	at org.testng.internal.invokers.MethodRunner.runInSequence(MethodRunner.java:63)
	at org.testng.internal.invokers.TestInvoker$MethodInvocationAgent.invoke(TestInvoker.java:995)
	at org.testng.internal.invokers.TestInvoker.invokeTestMethods(TestInvoker.java:203)
	at org.testng.internal.invokers.TestMethodWorker.invokeTestMethods(TestMethodWorker.java:154)
	at org.testng.internal.invokers.TestMethodWorker.run(TestMethodWorker.java:134)
	at java.base/java.util.ArrayList.forEach(ArrayList.java:1604)
	at org.testng.TestRunner.privateRun(TestRunner.java:741)
	at org.testng.TestRunner.run(TestRunner.java:616)
	at org.testng.SuiteRunner.runTest(SuiteRunner.java:421)
	at org.testng.SuiteRunner.runSequentially(SuiteRunner.java:413)
	at org.testng.SuiteRunner.privateRun(SuiteRunner.java:373)
	at org.testng.SuiteRunner.run(SuiteRunner.java:312)
	at org.testng.SuiteRunnerWorker.runSuite(SuiteRunnerWorker.java:52)
	at org.testng.SuiteRunnerWorker.run(SuiteRunnerWorker.java:95)
	at org.testng.TestNG.runSuitesSequentially(TestNG.java:1274)
	at org.testng.TestNG.runSuitesLocally(TestNG.java:1208)
	at org.testng.TestNG.runSuites(TestNG.java:1112)
	at org.testng.TestNG.run(TestNG.java:1079)
	at org.apache.maven.surefire.testng.TestNGExecutor.run(TestNGExecutor.java:155)
	at org.apache.maven.surefire.testng.TestNGDirectoryTestSuite.executeMulti(TestNGDirectoryTestSuite.java:169)
	at org.apache.maven.surefire.testng.TestNGDirectoryTestSuite.execute(TestNGDirectoryTestSuite.java:88)
	at org.apache.maven.surefire.testng.TestNGProvider.invoke(TestNGProvider.java:137)
	at org.apache.maven.surefire.booter.ForkedBooter.runSuitesInProcess(ForkedBooter.java:385)
	at org.apache.maven.surefire.booter.ForkedBooter.execute(ForkedBooter.java:162)
	at org.apache.maven.surefire.booter.ForkedBooter.run(ForkedBooter.java:507)
	at org.apache.maven.surefire.booter.ForkedBooter.main(ForkedBooter.java:495)
</pre></div></td>
<td>0</td>
<td>com.city.service.UtilityMonitoringServiceTest@1198b989</td></tr>
<tr>
<td title='com.city.service.UtilityMonitoringServiceTest.testGenerateBill()'><b>testGenerateBill</b><br>Test class: com.city.service.UtilityMonitoringServiceTest<br>Parameters: PROP005, WATER</td>
<td></td>
<td>0</td>
<td>com.city.service.UtilityMonitoringServiceTest@1198b989</td></tr>
<tr>
<td title='com.city.service.UtilityMonitoringServiceTest.testRecordUtilityConsumption()'><b>testRecordUtilityConsumption</b><br>Test class: com.city.service.UtilityMonitoringServiceTest<br>Parameters: UM002, 1000.25</td>
<td></td>
<td>0</td>
<td>com.city.service.UtilityMonitoringServiceTest@1198b989</td></tr>
<tr>
<td title='com.city.service.ComplaintServiceTest.testUpdateComplaintStatus()'><b>testUpdateComplaintStatus</b><br>Test class: com.city.service.ComplaintServiceTest<br>Parameters: 8</td>
<td></td>
<td>0</td>
<td>com.city.service.ComplaintServiceTest@7fc229ab</td></tr>
<tr>
<td title='com.city.service.AnalyticsServiceTest.testGenerateUtilityConsumptionReportWithNoData()'><b>testGenerateUtilityConsumptionReportWithNoData</b><br>Test class: com.city.service.AnalyticsServiceTest</td>
<td></td>
<td>0</td>
<td>com.city.service.AnalyticsServiceTest@3ee0fea4</td></tr>
<tr>
<td title='com.city.service.ComplaintServiceTest.testRegisterComplaintWithInvalidData()'><b>testRegisterComplaintWithInvalidData</b><br>Test class: com.city.service.ComplaintServiceTest<br>Parameters: C001, ROAD, Description, null</td>
<td><div><pre>com.city.exception.InvalidInputException: Complaint Priority cannot be null
	at com.city.service.ComplaintService.registerComplaint(ComplaintService.java:43)
	at com.city.service.ComplaintServiceTest.testRegisterComplaintWithInvalidData(ComplaintServiceTest.java:108)
	at java.base/java.util.ArrayList.forEach(ArrayList.java:1604)
... Removed 30 stack frames</pre></div><a href='#' onClick='toggleBox("stack-trace573673894", this, "Click to show all stack frames", "Click to hide stack frames")'>Click to show all stack frames</a>
<div class='stack-trace' id='stack-trace573673894'><pre>com.city.exception.InvalidInputException: Complaint Priority cannot be null
	at com.city.service.ComplaintService.registerComplaint(ComplaintService.java:43)
	at com.city.service.ComplaintServiceTest.testRegisterComplaintWithInvalidData(ComplaintServiceTest.java:108)
	at java.base/jdk.internal.reflect.DirectMethodHandleAccessor.invoke(DirectMethodHandleAccessor.java:104)
	at java.base/java.lang.reflect.Method.invoke(Method.java:565)
	at org.testng.internal.invokers.MethodInvocationHelper.invokeMethod(MethodInvocationHelper.java:141)
	at org.testng.internal.invokers.TestInvoker.invokeMethod(TestInvoker.java:687)
	at org.testng.internal.invokers.TestInvoker.invokeTestMethod(TestInvoker.java:230)
	at org.testng.internal.invokers.MethodRunner.runInSequence(MethodRunner.java:63)
	at org.testng.internal.invokers.TestInvoker$MethodInvocationAgent.invoke(TestInvoker.java:995)
	at org.testng.internal.invokers.TestInvoker.invokeTestMethods(TestInvoker.java:203)
	at org.testng.internal.invokers.TestMethodWorker.invokeTestMethods(TestMethodWorker.java:154)
	at org.testng.internal.invokers.TestMethodWorker.run(TestMethodWorker.java:134)
	at java.base/java.util.ArrayList.forEach(ArrayList.java:1604)
	at org.testng.TestRunner.privateRun(TestRunner.java:741)
	at org.testng.TestRunner.run(TestRunner.java:616)
	at org.testng.SuiteRunner.runTest(SuiteRunner.java:421)
	at org.testng.SuiteRunner.runSequentially(SuiteRunner.java:413)
	at org.testng.SuiteRunner.privateRun(SuiteRunner.java:373)
	at org.testng.SuiteRunner.run(SuiteRunner.java:312)
	at org.testng.SuiteRunnerWorker.runSuite(SuiteRunnerWorker.java:52)
	at org.testng.SuiteRunnerWorker.run(SuiteRunnerWorker.java:95)
	at org.testng.TestNG.runSuitesSequentially(TestNG.java:1274)
	at org.testng.TestNG.runSuitesLocally(TestNG.java:1208)
	at org.testng.TestNG.runSuites(TestNG.java:1112)
	at org.testng.TestNG.run(TestNG.java:1079)
	at org.apache.maven.surefire.testng.TestNGExecutor.run(TestNGExecutor.java:155)
	at org.apache.maven.surefire.testng.TestNGDirectoryTestSuite.executeMulti(TestNGDirectoryTestSuite.java:169)
	at org.apache.maven.surefire.testng.TestNGDirectoryTestSuite.execute(TestNGDirectoryTestSuite.java:88)
	at org.apache.maven.surefire.testng.TestNGProvider.invoke(TestNGProvider.java:137)
	at org.apache.maven.surefire.booter.ForkedBooter.runSuitesInProcess(ForkedBooter.java:385)
	at org.apache.maven.surefire.booter.ForkedBooter.execute(ForkedBooter.java:162)
	at org.apache.maven.surefire.booter.ForkedBooter.run(ForkedBooter.java:507)
	at org.apache.maven.surefire.booter.ForkedBooter.main(ForkedBooter.java:495)
</pre></div></td>
<td>0</td>
<td>com.city.service.ComplaintServiceTest@7fc229ab</td></tr>
<tr>
<td title='com.city.service.EmergencyServiceTest.testGetEmergenciesByStatus()'><b>testGetEmergenciesByStatus</b><br>Test class: com.city.service.EmergencyServiceTest</td>
<td></td>
<td>0</td>
<td>com.city.service.EmergencyServiceTest@2cbb3d47</td></tr>
<tr>
<td title='com.city.service.ComplaintServiceTest.testRegisterComplaintWithInvalidData()'><b>testRegisterComplaintWithInvalidData</b><br>Test class: com.city.service.ComplaintServiceTest<br>Parameters: C001, null, Description, HIGH</td>
<td><div><pre>com.city.exception.InvalidInputException: Complaint Category cannot be null
	at com.city.service.ComplaintService.registerComplaint(ComplaintService.java:37)
	at com.city.service.ComplaintServiceTest.testRegisterComplaintWithInvalidData(ComplaintServiceTest.java:108)
	at java.base/java.util.ArrayList.forEach(ArrayList.java:1604)
... Removed 30 stack frames</pre></div><a href='#' onClick='toggleBox("stack-trace1546908073", this, "Click to show all stack frames", "Click to hide stack frames")'>Click to show all stack frames</a>
<div class='stack-trace' id='stack-trace1546908073'><pre>com.city.exception.InvalidInputException: Complaint Category cannot be null
	at com.city.service.ComplaintService.registerComplaint(ComplaintService.java:37)
	at com.city.service.ComplaintServiceTest.testRegisterComplaintWithInvalidData(ComplaintServiceTest.java:108)
	at java.base/jdk.internal.reflect.DirectMethodHandleAccessor.invoke(DirectMethodHandleAccessor.java:104)
	at java.base/java.lang.reflect.Method.invoke(Method.java:565)
	at org.testng.internal.invokers.MethodInvocationHelper.invokeMethod(MethodInvocationHelper.java:141)
	at org.testng.internal.invokers.TestInvoker.invokeMethod(TestInvoker.java:687)
	at org.testng.internal.invokers.TestInvoker.invokeTestMethod(TestInvoker.java:230)
	at org.testng.internal.invokers.MethodRunner.runInSequence(MethodRunner.java:63)
	at org.testng.internal.invokers.TestInvoker$MethodInvocationAgent.invoke(TestInvoker.java:995)
	at org.testng.internal.invokers.TestInvoker.invokeTestMethods(TestInvoker.java:203)
	at org.testng.internal.invokers.TestMethodWorker.invokeTestMethods(TestMethodWorker.java:154)
	at org.testng.internal.invokers.TestMethodWorker.run(TestMethodWorker.java:134)
	at java.base/java.util.ArrayList.forEach(ArrayList.java:1604)
	at org.testng.TestRunner.privateRun(TestRunner.java:741)
	at org.testng.TestRunner.run(TestRunner.java:616)
	at org.testng.SuiteRunner.runTest(SuiteRunner.java:421)
	at org.testng.SuiteRunner.runSequentially(SuiteRunner.java:413)
	at org.testng.SuiteRunner.privateRun(SuiteRunner.java:373)
	at org.testng.SuiteRunner.run(SuiteRunner.java:312)
	at org.testng.SuiteRunnerWorker.runSuite(SuiteRunnerWorker.java:52)
	at org.testng.SuiteRunnerWorker.run(SuiteRunnerWorker.java:95)
	at org.testng.TestNG.runSuitesSequentially(TestNG.java:1274)
	at org.testng.TestNG.runSuitesLocally(TestNG.java:1208)
	at org.testng.TestNG.runSuites(TestNG.java:1112)
	at org.testng.TestNG.run(TestNG.java:1079)
	at org.apache.maven.surefire.testng.TestNGExecutor.run(TestNGExecutor.java:155)
	at org.apache.maven.surefire.testng.TestNGDirectoryTestSuite.executeMulti(TestNGDirectoryTestSuite.java:169)
	at org.apache.maven.surefire.testng.TestNGDirectoryTestSuite.execute(TestNGDirectoryTestSuite.java:88)
	at org.apache.maven.surefire.testng.TestNGProvider.invoke(TestNGProvider.java:137)
	at org.apache.maven.surefire.booter.ForkedBooter.runSuitesInProcess(ForkedBooter.java:385)
	at org.apache.maven.surefire.booter.ForkedBooter.execute(ForkedBooter.java:162)
	at org.apache.maven.surefire.booter.ForkedBooter.run(ForkedBooter.java:507)
	at org.apache.maven.surefire.booter.ForkedBooter.main(ForkedBooter.java:495)
</pre></div></td>
<td>0</td>
<td>com.city.service.ComplaintServiceTest@7fc229ab</td></tr>
<tr>
<td title='com.city.service.TrafficManagementServiceTest.testOptimizeTrafficSignal()'><b>testOptimizeTrafficSignal</b><br>Test class: com.city.service.TrafficManagementServiceTest</td>
<td></td>
<td>0</td>
<td>com.city.service.TrafficManagementServiceTest@527e5409</td></tr>
<tr>
<td title='com.city.service.TrafficManagementServiceTest.testOptimizeTrafficSignalWithEmptyString()'><b>testOptimizeTrafficSignalWithEmptyString</b><br>Test class: com.city.service.TrafficManagementServiceTest</td>
<td><div><pre>com.city.exception.InvalidInputException: Area cannot be null or empty
	at com.city.service.TrafficManagementService.optimizeTrafficSignals(TrafficManagementService.java:67)
	at com.city.service.TrafficManagementServiceTest.testOptimizeTrafficSignalWithEmptyString(TrafficManagementServiceTest.java:144)
	at java.base/java.util.ArrayList.forEach(ArrayList.java:1604)
... Removed 30 stack frames</pre></div><a href='#' onClick='toggleBox("stack-trace922511709", this, "Click to show all stack frames", "Click to hide stack frames")'>Click to show all stack frames</a>
<div class='stack-trace' id='stack-trace922511709'><pre>com.city.exception.InvalidInputException: Area cannot be null or empty
	at com.city.service.TrafficManagementService.optimizeTrafficSignals(TrafficManagementService.java:67)
	at com.city.service.TrafficManagementServiceTest.testOptimizeTrafficSignalWithEmptyString(TrafficManagementServiceTest.java:144)
	at java.base/jdk.internal.reflect.DirectMethodHandleAccessor.invoke(DirectMethodHandleAccessor.java:104)
	at java.base/java.lang.reflect.Method.invoke(Method.java:565)
	at org.testng.internal.invokers.MethodInvocationHelper.invokeMethod(MethodInvocationHelper.java:141)
	at org.testng.internal.invokers.TestInvoker.invokeMethod(TestInvoker.java:687)
	at org.testng.internal.invokers.TestInvoker.invokeTestMethod(TestInvoker.java:230)
	at org.testng.internal.invokers.MethodRunner.runInSequence(MethodRunner.java:63)
	at org.testng.internal.invokers.TestInvoker$MethodInvocationAgent.invoke(TestInvoker.java:995)
	at org.testng.internal.invokers.TestInvoker.invokeTestMethods(TestInvoker.java:203)
	at org.testng.internal.invokers.TestMethodWorker.invokeTestMethods(TestMethodWorker.java:154)
	at org.testng.internal.invokers.TestMethodWorker.run(TestMethodWorker.java:134)
	at java.base/java.util.ArrayList.forEach(ArrayList.java:1604)
	at org.testng.TestRunner.privateRun(TestRunner.java:741)
	at org.testng.TestRunner.run(TestRunner.java:616)
	at org.testng.SuiteRunner.runTest(SuiteRunner.java:421)
	at org.testng.SuiteRunner.runSequentially(SuiteRunner.java:413)
	at org.testng.SuiteRunner.privateRun(SuiteRunner.java:373)
	at org.testng.SuiteRunner.run(SuiteRunner.java:312)
	at org.testng.SuiteRunnerWorker.runSuite(SuiteRunnerWorker.java:52)
	at org.testng.SuiteRunnerWorker.run(SuiteRunnerWorker.java:95)
	at org.testng.TestNG.runSuitesSequentially(TestNG.java:1274)
	at org.testng.TestNG.runSuitesLocally(TestNG.java:1208)
	at org.testng.TestNG.runSuites(TestNG.java:1112)
	at org.testng.TestNG.run(TestNG.java:1079)
	at org.apache.maven.surefire.testng.TestNGExecutor.run(TestNGExecutor.java:155)
	at org.apache.maven.surefire.testng.TestNGDirectoryTestSuite.executeMulti(TestNGDirectoryTestSuite.java:169)
	at org.apache.maven.surefire.testng.TestNGDirectoryTestSuite.execute(TestNGDirectoryTestSuite.java:88)
	at org.apache.maven.surefire.testng.TestNGProvider.invoke(TestNGProvider.java:137)
	at org.apache.maven.surefire.booter.ForkedBooter.runSuitesInProcess(ForkedBooter.java:385)
	at org.apache.maven.surefire.booter.ForkedBooter.execute(ForkedBooter.java:162)
	at org.apache.maven.surefire.booter.ForkedBooter.run(ForkedBooter.java:507)
	at org.apache.maven.surefire.booter.ForkedBooter.main(ForkedBooter.java:495)
</pre></div></td>
<td>0</td>
<td>com.city.service.TrafficManagementServiceTest@527e5409</td></tr>
<tr>
<td title='com.city.service.UtilityMonitoringServiceTest.testGenerateBill()'><b>testGenerateBill</b><br>Test class: com.city.service.UtilityMonitoringServiceTest<br>Parameters: PROP005, ELECTRICITY</td>
<td></td>
<td>0</td>
<td>com.city.service.UtilityMonitoringServiceTest@1198b989</td></tr>
<tr>
<td title='com.city.service.ComplaintServiceTest.testRegisterComplaint()'><b>testRegisterComplaint</b><br>Test class: com.city.service.ComplaintServiceTest<br>Parameters: C010, ROAD, Cracked pavement causing accidents, HIGH</td>
<td></td>
<td>0</td>
<td>com.city.service.ComplaintServiceTest@7fc229ab</td></tr>
<tr>
<td title='com.city.service.AnalyticsServiceTest.testGenerateTrafficReportWithNoData()'><b>testGenerateTrafficReportWithNoData</b><br>Test class: com.city.service.AnalyticsServiceTest</td>
<td></td>
<td>0</td>
<td>com.city.service.AnalyticsServiceTest@3ee0fea4</td></tr>
<tr>
<td title='com.city.service.UtilityMonitoringServiceTest.testRecordUtilityConsumption()'><b>testRecordUtilityConsumption</b><br>Test class: com.city.service.UtilityMonitoringServiceTest<br>Parameters: UM007, 821.08</td>
<td></td>
<td>0</td>
<td>com.city.service.UtilityMonitoringServiceTest@1198b989</td></tr>
<tr>
<td title='com.city.service.UtilityMonitoringServiceTest.testGenerateBillWithNullUtilityType()'><b>testGenerateBillWithNullUtilityType</b><br>Test class: com.city.service.UtilityMonitoringServiceTest</td>
<td><div><pre>com.city.exception.InvalidInputException: Utility type cannot be null
	at com.city.service.UtilityMonitoringService.generateBill(UtilityMonitoringService.java:54)
	at com.city.service.UtilityMonitoringServiceTest.testGenerateBillWithNullUtilityType(UtilityMonitoringServiceTest.java:136)
	at java.base/java.util.ArrayList.forEach(ArrayList.java:1604)
... Removed 30 stack frames</pre></div><a href='#' onClick='toggleBox("stack-trace1020520290", this, "Click to show all stack frames", "Click to hide stack frames")'>Click to show all stack frames</a>
<div class='stack-trace' id='stack-trace1020520290'><pre>com.city.exception.InvalidInputException: Utility type cannot be null
	at com.city.service.UtilityMonitoringService.generateBill(UtilityMonitoringService.java:54)
	at com.city.service.UtilityMonitoringServiceTest.testGenerateBillWithNullUtilityType(UtilityMonitoringServiceTest.java:136)
	at java.base/jdk.internal.reflect.DirectMethodHandleAccessor.invoke(DirectMethodHandleAccessor.java:104)
	at java.base/java.lang.reflect.Method.invoke(Method.java:565)
	at org.testng.internal.invokers.MethodInvocationHelper.invokeMethod(MethodInvocationHelper.java:141)
	at org.testng.internal.invokers.TestInvoker.invokeMethod(TestInvoker.java:687)
	at org.testng.internal.invokers.TestInvoker.invokeTestMethod(TestInvoker.java:230)
	at org.testng.internal.invokers.MethodRunner.runInSequence(MethodRunner.java:63)
	at org.testng.internal.invokers.TestInvoker$MethodInvocationAgent.invoke(TestInvoker.java:995)
	at org.testng.internal.invokers.TestInvoker.invokeTestMethods(TestInvoker.java:203)
	at org.testng.internal.invokers.TestMethodWorker.invokeTestMethods(TestMethodWorker.java:154)
	at org.testng.internal.invokers.TestMethodWorker.run(TestMethodWorker.java:134)
	at java.base/java.util.ArrayList.forEach(ArrayList.java:1604)
	at org.testng.TestRunner.privateRun(TestRunner.java:741)
	at org.testng.TestRunner.run(TestRunner.java:616)
	at org.testng.SuiteRunner.runTest(SuiteRunner.java:421)
	at org.testng.SuiteRunner.runSequentially(SuiteRunner.java:413)
	at org.testng.SuiteRunner.privateRun(SuiteRunner.java:373)
	at org.testng.SuiteRunner.run(SuiteRunner.java:312)
	at org.testng.SuiteRunnerWorker.runSuite(SuiteRunnerWorker.java:52)
	at org.testng.SuiteRunnerWorker.run(SuiteRunnerWorker.java:95)
	at org.testng.TestNG.runSuitesSequentially(TestNG.java:1274)
	at org.testng.TestNG.runSuitesLocally(TestNG.java:1208)
	at org.testng.TestNG.runSuites(TestNG.java:1112)
	at org.testng.TestNG.run(TestNG.java:1079)
	at org.apache.maven.surefire.testng.TestNGExecutor.run(TestNGExecutor.java:155)
	at org.apache.maven.surefire.testng.TestNGDirectoryTestSuite.executeMulti(TestNGDirectoryTestSuite.java:169)
	at org.apache.maven.surefire.testng.TestNGDirectoryTestSuite.execute(TestNGDirectoryTestSuite.java:88)
	at org.apache.maven.surefire.testng.TestNGProvider.invoke(TestNGProvider.java:137)
	at org.apache.maven.surefire.booter.ForkedBooter.runSuitesInProcess(ForkedBooter.java:385)
	at org.apache.maven.surefire.booter.ForkedBooter.execute(ForkedBooter.java:162)
	at org.apache.maven.surefire.booter.ForkedBooter.run(ForkedBooter.java:507)
	at org.apache.maven.surefire.booter.ForkedBooter.main(ForkedBooter.java:495)
</pre></div></td>
<td>0</td>
<td>com.city.service.UtilityMonitoringServiceTest@1198b989</td></tr>
<tr>
<td title='com.city.service.EmergencyServiceTest.testRaiseEmergencyAlertWithEmptyLocation()'><b>testRaiseEmergencyAlertWithEmptyLocation</b><br>Test class: com.city.service.EmergencyServiceTest</td>
<td><div><pre>com.city.exception.InvalidInputException: Emergency Location cannot be null or empty
	at com.city.service.EmergencyService.raiseEmergencyAlert(EmergencyService.java:29)
	at com.city.service.EmergencyServiceTest.testRaiseEmergencyAlertWithEmptyLocation(EmergencyServiceTest.java:106)
	at java.base/java.util.ArrayList.forEach(ArrayList.java:1604)
... Removed 30 stack frames</pre></div><a href='#' onClick='toggleBox("stack-trace447718425", this, "Click to show all stack frames", "Click to hide stack frames")'>Click to show all stack frames</a>
<div class='stack-trace' id='stack-trace447718425'><pre>com.city.exception.InvalidInputException: Emergency Location cannot be null or empty
	at com.city.service.EmergencyService.raiseEmergencyAlert(EmergencyService.java:29)
	at com.city.service.EmergencyServiceTest.testRaiseEmergencyAlertWithEmptyLocation(EmergencyServiceTest.java:106)
	at java.base/jdk.internal.reflect.DirectMethodHandleAccessor.invoke(DirectMethodHandleAccessor.java:104)
	at java.base/java.lang.reflect.Method.invoke(Method.java:565)
	at org.testng.internal.invokers.MethodInvocationHelper.invokeMethod(MethodInvocationHelper.java:141)
	at org.testng.internal.invokers.TestInvoker.invokeMethod(TestInvoker.java:687)
	at org.testng.internal.invokers.TestInvoker.invokeTestMethod(TestInvoker.java:230)
	at org.testng.internal.invokers.MethodRunner.runInSequence(MethodRunner.java:63)
	at org.testng.internal.invokers.TestInvoker$MethodInvocationAgent.invoke(TestInvoker.java:995)
	at org.testng.internal.invokers.TestInvoker.invokeTestMethods(TestInvoker.java:203)
	at org.testng.internal.invokers.TestMethodWorker.invokeTestMethods(TestMethodWorker.java:154)
	at org.testng.internal.invokers.TestMethodWorker.run(TestMethodWorker.java:134)
	at java.base/java.util.ArrayList.forEach(ArrayList.java:1604)
	at org.testng.TestRunner.privateRun(TestRunner.java:741)
	at org.testng.TestRunner.run(TestRunner.java:616)
	at org.testng.SuiteRunner.runTest(SuiteRunner.java:421)
	at org.testng.SuiteRunner.runSequentially(SuiteRunner.java:413)
	at org.testng.SuiteRunner.privateRun(SuiteRunner.java:373)
	at org.testng.SuiteRunner.run(SuiteRunner.java:312)
	at org.testng.SuiteRunnerWorker.runSuite(SuiteRunnerWorker.java:52)
	at org.testng.SuiteRunnerWorker.run(SuiteRunnerWorker.java:95)
	at org.testng.TestNG.runSuitesSequentially(TestNG.java:1274)
	at org.testng.TestNG.runSuitesLocally(TestNG.java:1208)
	at org.testng.TestNG.runSuites(TestNG.java:1112)
	at org.testng.TestNG.run(TestNG.java:1079)
	at org.apache.maven.surefire.testng.TestNGExecutor.run(TestNGExecutor.java:155)
	at org.apache.maven.surefire.testng.TestNGDirectoryTestSuite.executeMulti(TestNGDirectoryTestSuite.java:169)
	at org.apache.maven.surefire.testng.TestNGDirectoryTestSuite.execute(TestNGDirectoryTestSuite.java:88)
	at org.apache.maven.surefire.testng.TestNGProvider.invoke(TestNGProvider.java:137)
	at org.apache.maven.surefire.booter.ForkedBooter.runSuitesInProcess(ForkedBooter.java:385)
	at org.apache.maven.surefire.booter.ForkedBooter.execute(ForkedBooter.java:162)
	at org.apache.maven.surefire.booter.ForkedBooter.run(ForkedBooter.java:507)
	at org.apache.maven.surefire.booter.ForkedBooter.main(ForkedBooter.java:495)
</pre></div></td>
<td>0</td>
<td>com.city.service.EmergencyServiceTest@2cbb3d47</td></tr>
<tr>
<td title='com.city.service.TrafficManagementServiceTest.testUpdateTrafficDensityWithEmptyString()'><b>testUpdateTrafficDensityWithEmptyString</b><br>Test class: com.city.service.TrafficManagementServiceTest</td>
<td><div><pre>com.city.exception.InvalidInputException: Sensor ID cannot be null or empty
	at com.city.service.TrafficManagementService.updateTrafficDensity(TrafficManagementService.java:25)
	at com.city.service.TrafficManagementServiceTest.testUpdateTrafficDensityWithEmptyString(TrafficManagementServiceTest.java:87)
	at java.base/java.util.ArrayList.forEach(ArrayList.java:1604)
... Removed 30 stack frames</pre></div><a href='#' onClick='toggleBox("stack-trace587153993", this, "Click to show all stack frames", "Click to hide stack frames")'>Click to show all stack frames</a>
<div class='stack-trace' id='stack-trace587153993'><pre>com.city.exception.InvalidInputException: Sensor ID cannot be null or empty
	at com.city.service.TrafficManagementService.updateTrafficDensity(TrafficManagementService.java:25)
	at com.city.service.TrafficManagementServiceTest.testUpdateTrafficDensityWithEmptyString(TrafficManagementServiceTest.java:87)
	at java.base/jdk.internal.reflect.DirectMethodHandleAccessor.invoke(DirectMethodHandleAccessor.java:104)
	at java.base/java.lang.reflect.Method.invoke(Method.java:565)
	at org.testng.internal.invokers.MethodInvocationHelper.invokeMethod(MethodInvocationHelper.java:141)
	at org.testng.internal.invokers.TestInvoker.invokeMethod(TestInvoker.java:687)
	at org.testng.internal.invokers.TestInvoker.invokeTestMethod(TestInvoker.java:230)
	at org.testng.internal.invokers.MethodRunner.runInSequence(MethodRunner.java:63)
	at org.testng.internal.invokers.TestInvoker$MethodInvocationAgent.invoke(TestInvoker.java:995)
	at org.testng.internal.invokers.TestInvoker.invokeTestMethods(TestInvoker.java:203)
	at org.testng.internal.invokers.TestMethodWorker.invokeTestMethods(TestMethodWorker.java:154)
	at org.testng.internal.invokers.TestMethodWorker.run(TestMethodWorker.java:134)
	at java.base/java.util.ArrayList.forEach(ArrayList.java:1604)
	at org.testng.TestRunner.privateRun(TestRunner.java:741)
	at org.testng.TestRunner.run(TestRunner.java:616)
	at org.testng.SuiteRunner.runTest(SuiteRunner.java:421)
	at org.testng.SuiteRunner.runSequentially(SuiteRunner.java:413)
	at org.testng.SuiteRunner.privateRun(SuiteRunner.java:373)
	at org.testng.SuiteRunner.run(SuiteRunner.java:312)
	at org.testng.SuiteRunnerWorker.runSuite(SuiteRunnerWorker.java:52)
	at org.testng.SuiteRunnerWorker.run(SuiteRunnerWorker.java:95)
	at org.testng.TestNG.runSuitesSequentially(TestNG.java:1274)
	at org.testng.TestNG.runSuitesLocally(TestNG.java:1208)
	at org.testng.TestNG.runSuites(TestNG.java:1112)
	at org.testng.TestNG.run(TestNG.java:1079)
	at org.apache.maven.surefire.testng.TestNGExecutor.run(TestNGExecutor.java:155)
	at org.apache.maven.surefire.testng.TestNGDirectoryTestSuite.executeMulti(TestNGDirectoryTestSuite.java:169)
	at org.apache.maven.surefire.testng.TestNGDirectoryTestSuite.execute(TestNGDirectoryTestSuite.java:88)
	at org.apache.maven.surefire.testng.TestNGProvider.invoke(TestNGProvider.java:137)
	at org.apache.maven.surefire.booter.ForkedBooter.runSuitesInProcess(ForkedBooter.java:385)
	at org.apache.maven.surefire.booter.ForkedBooter.execute(ForkedBooter.java:162)
	at org.apache.maven.surefire.booter.ForkedBooter.run(ForkedBooter.java:507)
	at org.apache.maven.surefire.booter.ForkedBooter.main(ForkedBooter.java:495)
</pre></div></td>
<td>0</td>
<td>com.city.service.TrafficManagementServiceTest@527e5409</td></tr>
<tr>
<td title='com.city.service.TrafficManagementServiceTest.testOptimizeTrafficSignalForInactiveArea()'><b>testOptimizeTrafficSignalForInactiveArea</b><br>Test class: com.city.service.TrafficManagementServiceTest</td>
<td><div><pre>com.city.exception.ServiceUnavailableException: No Active Sensors in area: West Expressway
	at com.city.service.TrafficManagementService.optimizeTrafficSignals(TrafficManagementService.java:86)
	at com.city.service.TrafficManagementServiceTest.testOptimizeTrafficSignalForInactiveArea(TrafficManagementServiceTest.java:154)
	at java.base/java.util.ArrayList.forEach(ArrayList.java:1604)
... Removed 30 stack frames</pre></div><a href='#' onClick='toggleBox("stack-trace1798219673", this, "Click to show all stack frames", "Click to hide stack frames")'>Click to show all stack frames</a>
<div class='stack-trace' id='stack-trace1798219673'><pre>com.city.exception.ServiceUnavailableException: No Active Sensors in area: West Expressway
	at com.city.service.TrafficManagementService.optimizeTrafficSignals(TrafficManagementService.java:86)
	at com.city.service.TrafficManagementServiceTest.testOptimizeTrafficSignalForInactiveArea(TrafficManagementServiceTest.java:154)
	at java.base/jdk.internal.reflect.DirectMethodHandleAccessor.invoke(DirectMethodHandleAccessor.java:104)
	at java.base/java.lang.reflect.Method.invoke(Method.java:565)
	at org.testng.internal.invokers.MethodInvocationHelper.invokeMethod(MethodInvocationHelper.java:141)
	at org.testng.internal.invokers.TestInvoker.invokeMethod(TestInvoker.java:687)
	at org.testng.internal.invokers.TestInvoker.invokeTestMethod(TestInvoker.java:230)
	at org.testng.internal.invokers.MethodRunner.runInSequence(MethodRunner.java:63)
	at org.testng.internal.invokers.TestInvoker$MethodInvocationAgent.invoke(TestInvoker.java:995)
	at org.testng.internal.invokers.TestInvoker.invokeTestMethods(TestInvoker.java:203)
	at org.testng.internal.invokers.TestMethodWorker.invokeTestMethods(TestMethodWorker.java:154)
	at org.testng.internal.invokers.TestMethodWorker.run(TestMethodWorker.java:134)
	at java.base/java.util.ArrayList.forEach(ArrayList.java:1604)
	at org.testng.TestRunner.privateRun(TestRunner.java:741)
	at org.testng.TestRunner.run(TestRunner.java:616)
	at org.testng.SuiteRunner.runTest(SuiteRunner.java:421)
	at org.testng.SuiteRunner.runSequentially(SuiteRunner.java:413)
	at org.testng.SuiteRunner.privateRun(SuiteRunner.java:373)
	at org.testng.SuiteRunner.run(SuiteRunner.java:312)
	at org.testng.SuiteRunnerWorker.runSuite(SuiteRunnerWorker.java:52)
	at org.testng.SuiteRunnerWorker.run(SuiteRunnerWorker.java:95)
	at org.testng.TestNG.runSuitesSequentially(TestNG.java:1274)
	at org.testng.TestNG.runSuitesLocally(TestNG.java:1208)
	at org.testng.TestNG.runSuites(TestNG.java:1112)
	at org.testng.TestNG.run(TestNG.java:1079)
	at org.apache.maven.surefire.testng.TestNGExecutor.run(TestNGExecutor.java:155)
	at org.apache.maven.surefire.testng.TestNGDirectoryTestSuite.executeMulti(TestNGDirectoryTestSuite.java:169)
	at org.apache.maven.surefire.testng.TestNGDirectoryTestSuite.execute(TestNGDirectoryTestSuite.java:88)
	at org.apache.maven.surefire.testng.TestNGProvider.invoke(TestNGProvider.java:137)
	at org.apache.maven.surefire.booter.ForkedBooter.runSuitesInProcess(ForkedBooter.java:385)
	at org.apache.maven.surefire.booter.ForkedBooter.execute(ForkedBooter.java:162)
	at org.apache.maven.surefire.booter.ForkedBooter.run(ForkedBooter.java:507)
	at org.apache.maven.surefire.booter.ForkedBooter.main(ForkedBooter.java:495)
</pre></div></td>
<td>0</td>
<td>com.city.service.TrafficManagementServiceTest@527e5409</td></tr>
<tr>
<td title='com.city.service.ComplaintServiceTest.testUpdateComplaintStatus()'><b>testUpdateComplaintStatus</b><br>Test class: com.city.service.ComplaintServiceTest<br>Parameters: 6</td>
<td></td>
<td>0</td>
<td>com.city.service.ComplaintServiceTest@7fc229ab</td></tr>
<tr>
<td title='com.city.service.ComplaintServiceTest.testRegisterComplaint()'><b>testRegisterComplaint</b><br>Test class: com.city.service.ComplaintServiceTest<br>Parameters: C012, ELECTRICITY, Electrical wiring exposed on pole, LOW</td>
<td></td>
<td>0</td>
<td>com.city.service.ComplaintServiceTest@7fc229ab</td></tr>
<tr>
<td title='com.city.service.UtilityMonitoringServiceTest.testRecordUtilityConsumption()'><b>testRecordUtilityConsumption</b><br>Test class: com.city.service.UtilityMonitoringServiceTest<br>Parameters: UM011, 381.17</td>
<td></td>
<td>0</td>
<td>com.city.service.UtilityMonitoringServiceTest@1198b989</td></tr>
<tr>
<td title='com.city.service.ComplaintServiceTest.testUpdateComplaintStatus()'><b>testUpdateComplaintStatus</b><br>Test class: com.city.service.ComplaintServiceTest<br>Parameters: 7</td>
<td></td>
<td>0</td>
<td>com.city.service.ComplaintServiceTest@7fc229ab</td></tr>
<tr>
<td title='com.city.service.EmergencyServiceTest.testRaiseEmergencyAlert_InvalidData_ThrowsException()'><b>testRaiseEmergencyAlert_InvalidData_ThrowsException</b><br>Test class: com.city.service.EmergencyServiceTest<br>Parameters: FIRE, Location, null</td>
<td><div><pre>com.city.exception.InvalidInputException: Emergency Severity cannot be null
	at com.city.service.EmergencyService.raiseEmergencyAlert(EmergencyService.java:32)
	at com.city.service.EmergencyServiceTest.testRaiseEmergencyAlert_InvalidData_ThrowsException(EmergencyServiceTest.java:81)
	at java.base/java.util.ArrayList.forEach(ArrayList.java:1604)
... Removed 30 stack frames</pre></div><a href='#' onClick='toggleBox("stack-trace898694235", this, "Click to show all stack frames", "Click to hide stack frames")'>Click to show all stack frames</a>
<div class='stack-trace' id='stack-trace898694235'><pre>com.city.exception.InvalidInputException: Emergency Severity cannot be null
	at com.city.service.EmergencyService.raiseEmergencyAlert(EmergencyService.java:32)
	at com.city.service.EmergencyServiceTest.testRaiseEmergencyAlert_InvalidData_ThrowsException(EmergencyServiceTest.java:81)
	at java.base/jdk.internal.reflect.DirectMethodHandleAccessor.invoke(DirectMethodHandleAccessor.java:104)
	at java.base/java.lang.reflect.Method.invoke(Method.java:565)
	at org.testng.internal.invokers.MethodInvocationHelper.invokeMethod(MethodInvocationHelper.java:141)
	at org.testng.internal.invokers.TestInvoker.invokeMethod(TestInvoker.java:687)
	at org.testng.internal.invokers.TestInvoker.invokeTestMethod(TestInvoker.java:230)
	at org.testng.internal.invokers.MethodRunner.runInSequence(MethodRunner.java:63)
	at org.testng.internal.invokers.TestInvoker$MethodInvocationAgent.invoke(TestInvoker.java:995)
	at org.testng.internal.invokers.TestInvoker.invokeTestMethods(TestInvoker.java:203)
	at org.testng.internal.invokers.TestMethodWorker.invokeTestMethods(TestMethodWorker.java:154)
	at org.testng.internal.invokers.TestMethodWorker.run(TestMethodWorker.java:134)
	at java.base/java.util.ArrayList.forEach(ArrayList.java:1604)
	at org.testng.TestRunner.privateRun(TestRunner.java:741)
	at org.testng.TestRunner.run(TestRunner.java:616)
	at org.testng.SuiteRunner.runTest(SuiteRunner.java:421)
	at org.testng.SuiteRunner.runSequentially(SuiteRunner.java:413)
	at org.testng.SuiteRunner.privateRun(SuiteRunner.java:373)
	at org.testng.SuiteRunner.run(SuiteRunner.java:312)
	at org.testng.SuiteRunnerWorker.runSuite(SuiteRunnerWorker.java:52)
	at org.testng.SuiteRunnerWorker.run(SuiteRunnerWorker.java:95)
	at org.testng.TestNG.runSuitesSequentially(TestNG.java:1274)
	at org.testng.TestNG.runSuitesLocally(TestNG.java:1208)
	at org.testng.TestNG.runSuites(TestNG.java:1112)
	at org.testng.TestNG.run(TestNG.java:1079)
	at org.apache.maven.surefire.testng.TestNGExecutor.run(TestNGExecutor.java:155)
	at org.apache.maven.surefire.testng.TestNGDirectoryTestSuite.executeMulti(TestNGDirectoryTestSuite.java:169)
	at org.apache.maven.surefire.testng.TestNGDirectoryTestSuite.execute(TestNGDirectoryTestSuite.java:88)
	at org.apache.maven.surefire.testng.TestNGProvider.invoke(TestNGProvider.java:137)
	at org.apache.maven.surefire.booter.ForkedBooter.runSuitesInProcess(ForkedBooter.java:385)
	at org.apache.maven.surefire.booter.ForkedBooter.execute(ForkedBooter.java:162)
	at org.apache.maven.surefire.booter.ForkedBooter.run(ForkedBooter.java:507)
	at org.apache.maven.surefire.booter.ForkedBooter.main(ForkedBooter.java:495)
</pre></div></td>
<td>0</td>
<td>com.city.service.EmergencyServiceTest@2cbb3d47</td></tr>
<tr>
<td title='com.city.service.UtilityMonitoringServiceTest.testGenerateBillWithNullPropertyId()'><b>testGenerateBillWithNullPropertyId</b><br>Test class: com.city.service.UtilityMonitoringServiceTest</td>
<td><div><pre>com.city.exception.InvalidInputException: Property ID cannot be null or empty
	at com.city.service.UtilityMonitoringService.generateBill(UtilityMonitoringService.java:50)
	at com.city.service.UtilityMonitoringServiceTest.testGenerateBillWithNullPropertyId(UtilityMonitoringServiceTest.java:126)
	at java.base/java.util.ArrayList.forEach(ArrayList.java:1604)
... Removed 30 stack frames</pre></div><a href='#' onClick='toggleBox("stack-trace396283472", this, "Click to show all stack frames", "Click to hide stack frames")'>Click to show all stack frames</a>
<div class='stack-trace' id='stack-trace396283472'><pre>com.city.exception.InvalidInputException: Property ID cannot be null or empty
	at com.city.service.UtilityMonitoringService.generateBill(UtilityMonitoringService.java:50)
	at com.city.service.UtilityMonitoringServiceTest.testGenerateBillWithNullPropertyId(UtilityMonitoringServiceTest.java:126)
	at java.base/jdk.internal.reflect.DirectMethodHandleAccessor.invoke(DirectMethodHandleAccessor.java:104)
	at java.base/java.lang.reflect.Method.invoke(Method.java:565)
	at org.testng.internal.invokers.MethodInvocationHelper.invokeMethod(MethodInvocationHelper.java:141)
	at org.testng.internal.invokers.TestInvoker.invokeMethod(TestInvoker.java:687)
	at org.testng.internal.invokers.TestInvoker.invokeTestMethod(TestInvoker.java:230)
	at org.testng.internal.invokers.MethodRunner.runInSequence(MethodRunner.java:63)
	at org.testng.internal.invokers.TestInvoker$MethodInvocationAgent.invoke(TestInvoker.java:995)
	at org.testng.internal.invokers.TestInvoker.invokeTestMethods(TestInvoker.java:203)
	at org.testng.internal.invokers.TestMethodWorker.invokeTestMethods(TestMethodWorker.java:154)
	at org.testng.internal.invokers.TestMethodWorker.run(TestMethodWorker.java:134)
	at java.base/java.util.ArrayList.forEach(ArrayList.java:1604)
	at org.testng.TestRunner.privateRun(TestRunner.java:741)
	at org.testng.TestRunner.run(TestRunner.java:616)
	at org.testng.SuiteRunner.runTest(SuiteRunner.java:421)
	at org.testng.SuiteRunner.runSequentially(SuiteRunner.java:413)
	at org.testng.SuiteRunner.privateRun(SuiteRunner.java:373)
	at org.testng.SuiteRunner.run(SuiteRunner.java:312)
	at org.testng.SuiteRunnerWorker.runSuite(SuiteRunnerWorker.java:52)
	at org.testng.SuiteRunnerWorker.run(SuiteRunnerWorker.java:95)
	at org.testng.TestNG.runSuitesSequentially(TestNG.java:1274)
	at org.testng.TestNG.runSuitesLocally(TestNG.java:1208)
	at org.testng.TestNG.runSuites(TestNG.java:1112)
	at org.testng.TestNG.run(TestNG.java:1079)
	at org.apache.maven.surefire.testng.TestNGExecutor.run(TestNGExecutor.java:155)
	at org.apache.maven.surefire.testng.TestNGDirectoryTestSuite.executeMulti(TestNGDirectoryTestSuite.java:169)
	at org.apache.maven.surefire.testng.TestNGDirectoryTestSuite.execute(TestNGDirectoryTestSuite.java:88)
	at org.apache.maven.surefire.testng.TestNGProvider.invoke(TestNGProvider.java:137)
	at org.apache.maven.surefire.booter.ForkedBooter.runSuitesInProcess(ForkedBooter.java:385)
	at org.apache.maven.surefire.booter.ForkedBooter.execute(ForkedBooter.java:162)
	at org.apache.maven.surefire.booter.ForkedBooter.run(ForkedBooter.java:507)
	at org.apache.maven.surefire.booter.ForkedBooter.main(ForkedBooter.java:495)
</pre></div></td>
<td>0</td>
<td>com.city.service.UtilityMonitoringServiceTest@1198b989</td></tr>
<tr>
<td title='com.city.service.ComplaintServiceTest.testGetComplaintsByPriorityWithNullPriority()'><b>testGetComplaintsByPriorityWithNullPriority</b><br>Test class: com.city.service.ComplaintServiceTest</td>
<td><div><pre>com.city.exception.InvalidInputException: Priority cannot be null
	at com.city.repository.ComplaintRepository.getComplaintsByPriority(ComplaintRepository.java:86)
	at com.city.service.ComplaintService.getComplaintsByPriority(ComplaintService.java:91)
	at com.city.service.ComplaintServiceTest.testGetComplaintsByPriorityWithNullPriority(ComplaintServiceTest.java:212)
	at java.base/java.util.ArrayList.forEach(ArrayList.java:1604)
... Removed 30 stack frames</pre></div><a href='#' onClick='toggleBox("stack-trace1741979653", this, "Click to show all stack frames", "Click to hide stack frames")'>Click to show all stack frames</a>
<div class='stack-trace' id='stack-trace1741979653'><pre>com.city.exception.InvalidInputException: Priority cannot be null
	at com.city.repository.ComplaintRepository.getComplaintsByPriority(ComplaintRepository.java:86)
	at com.city.service.ComplaintService.getComplaintsByPriority(ComplaintService.java:91)
	at com.city.service.ComplaintServiceTest.testGetComplaintsByPriorityWithNullPriority(ComplaintServiceTest.java:212)
	at java.base/jdk.internal.reflect.DirectMethodHandleAccessor.invoke(DirectMethodHandleAccessor.java:104)
	at java.base/java.lang.reflect.Method.invoke(Method.java:565)
	at org.testng.internal.invokers.MethodInvocationHelper.invokeMethod(MethodInvocationHelper.java:141)
	at org.testng.internal.invokers.TestInvoker.invokeMethod(TestInvoker.java:687)
	at org.testng.internal.invokers.TestInvoker.invokeTestMethod(TestInvoker.java:230)
	at org.testng.internal.invokers.MethodRunner.runInSequence(MethodRunner.java:63)
	at org.testng.internal.invokers.TestInvoker$MethodInvocationAgent.invoke(TestInvoker.java:995)
	at org.testng.internal.invokers.TestInvoker.invokeTestMethods(TestInvoker.java:203)
	at org.testng.internal.invokers.TestMethodWorker.invokeTestMethods(TestMethodWorker.java:154)
	at org.testng.internal.invokers.TestMethodWorker.run(TestMethodWorker.java:134)
	at java.base/java.util.ArrayList.forEach(ArrayList.java:1604)
	at org.testng.TestRunner.privateRun(TestRunner.java:741)
	at org.testng.TestRunner.run(TestRunner.java:616)
	at org.testng.SuiteRunner.runTest(SuiteRunner.java:421)
	at org.testng.SuiteRunner.runSequentially(SuiteRunner.java:413)
	at org.testng.SuiteRunner.privateRun(SuiteRunner.java:373)
	at org.testng.SuiteRunner.run(SuiteRunner.java:312)
	at org.testng.SuiteRunnerWorker.runSuite(SuiteRunnerWorker.java:52)
	at org.testng.SuiteRunnerWorker.run(SuiteRunnerWorker.java:95)
	at org.testng.TestNG.runSuitesSequentially(TestNG.java:1274)
	at org.testng.TestNG.runSuitesLocally(TestNG.java:1208)
	at org.testng.TestNG.runSuites(TestNG.java:1112)
	at org.testng.TestNG.run(TestNG.java:1079)
	at org.apache.maven.surefire.testng.TestNGExecutor.run(TestNGExecutor.java:155)
	at org.apache.maven.surefire.testng.TestNGDirectoryTestSuite.executeMulti(TestNGDirectoryTestSuite.java:169)
	at org.apache.maven.surefire.testng.TestNGDirectoryTestSuite.execute(TestNGDirectoryTestSuite.java:88)
	at org.apache.maven.surefire.testng.TestNGProvider.invoke(TestNGProvider.java:137)
	at org.apache.maven.surefire.booter.ForkedBooter.runSuitesInProcess(ForkedBooter.java:385)
	at org.apache.maven.surefire.booter.ForkedBooter.execute(ForkedBooter.java:162)
	at org.apache.maven.surefire.booter.ForkedBooter.run(ForkedBooter.java:507)
	at org.apache.maven.surefire.booter.ForkedBooter.main(ForkedBooter.java:495)
</pre></div></td>
<td>0</td>
<td>com.city.service.ComplaintServiceTest@7fc229ab</td></tr>
<tr>
<td title='com.city.service.ComplaintServiceTest.testRegisterComplaintWithNullCategory()'><b>testRegisterComplaintWithNullCategory</b><br>Test class: com.city.service.ComplaintServiceTest</td>
<td><div><pre>com.city.exception.InvalidInputException: Complaint Category cannot be null
	at com.city.service.ComplaintService.registerComplaint(ComplaintService.java:37)
	at com.city.service.ComplaintServiceTest.testRegisterComplaintWithNullCategory(ComplaintServiceTest.java:136)
	at java.base/java.util.ArrayList.forEach(ArrayList.java:1604)
... Removed 30 stack frames</pre></div><a href='#' onClick='toggleBox("stack-trace2012993836", this, "Click to show all stack frames", "Click to hide stack frames")'>Click to show all stack frames</a>
<div class='stack-trace' id='stack-trace2012993836'><pre>com.city.exception.InvalidInputException: Complaint Category cannot be null
	at com.city.service.ComplaintService.registerComplaint(ComplaintService.java:37)
	at com.city.service.ComplaintServiceTest.testRegisterComplaintWithNullCategory(ComplaintServiceTest.java:136)
	at java.base/jdk.internal.reflect.DirectMethodHandleAccessor.invoke(DirectMethodHandleAccessor.java:104)
	at java.base/java.lang.reflect.Method.invoke(Method.java:565)
	at org.testng.internal.invokers.MethodInvocationHelper.invokeMethod(MethodInvocationHelper.java:141)
	at org.testng.internal.invokers.TestInvoker.invokeMethod(TestInvoker.java:687)
	at org.testng.internal.invokers.TestInvoker.invokeTestMethod(TestInvoker.java:230)
	at org.testng.internal.invokers.MethodRunner.runInSequence(MethodRunner.java:63)
	at org.testng.internal.invokers.TestInvoker$MethodInvocationAgent.invoke(TestInvoker.java:995)
	at org.testng.internal.invokers.TestInvoker.invokeTestMethods(TestInvoker.java:203)
	at org.testng.internal.invokers.TestMethodWorker.invokeTestMethods(TestMethodWorker.java:154)
	at org.testng.internal.invokers.TestMethodWorker.run(TestMethodWorker.java:134)
	at java.base/java.util.ArrayList.forEach(ArrayList.java:1604)
	at org.testng.TestRunner.privateRun(TestRunner.java:741)
	at org.testng.TestRunner.run(TestRunner.java:616)
	at org.testng.SuiteRunner.runTest(SuiteRunner.java:421)
	at org.testng.SuiteRunner.runSequentially(SuiteRunner.java:413)
	at org.testng.SuiteRunner.privateRun(SuiteRunner.java:373)
	at org.testng.SuiteRunner.run(SuiteRunner.java:312)
	at org.testng.SuiteRunnerWorker.runSuite(SuiteRunnerWorker.java:52)
	at org.testng.SuiteRunnerWorker.run(SuiteRunnerWorker.java:95)
	at org.testng.TestNG.runSuitesSequentially(TestNG.java:1274)
	at org.testng.TestNG.runSuitesLocally(TestNG.java:1208)
	at org.testng.TestNG.runSuites(TestNG.java:1112)
	at org.testng.TestNG.run(TestNG.java:1079)
	at org.apache.maven.surefire.testng.TestNGExecutor.run(TestNGExecutor.java:155)
	at org.apache.maven.surefire.testng.TestNGDirectoryTestSuite.executeMulti(TestNGDirectoryTestSuite.java:169)
	at org.apache.maven.surefire.testng.TestNGDirectoryTestSuite.execute(TestNGDirectoryTestSuite.java:88)
	at org.apache.maven.surefire.testng.TestNGProvider.invoke(TestNGProvider.java:137)
	at org.apache.maven.surefire.booter.ForkedBooter.runSuitesInProcess(ForkedBooter.java:385)
	at org.apache.maven.surefire.booter.ForkedBooter.execute(ForkedBooter.java:162)
	at org.apache.maven.surefire.booter.ForkedBooter.run(ForkedBooter.java:507)
	at org.apache.maven.surefire.booter.ForkedBooter.main(ForkedBooter.java:495)
</pre></div></td>
<td>0</td>
<td>com.city.service.ComplaintServiceTest@7fc229ab</td></tr>
<tr>
<td title='com.city.service.ComplaintServiceTest.testUpdateComplaintStatus()'><b>testUpdateComplaintStatus</b><br>Test class: com.city.service.ComplaintServiceTest<br>Parameters: 5</td>
<td></td>
<td>0</td>
<td>com.city.service.ComplaintServiceTest@7fc229ab</td></tr>
<tr>
<td title='com.city.service.UtilityMonitoringServiceTest.testDetectAnomalies()'><b>testDetectAnomalies</b><br>Test class: com.city.service.UtilityMonitoringServiceTest</td>
<td></td>
<td>0</td>
<td>com.city.service.UtilityMonitoringServiceTest@1198b989</td></tr>
<tr>
<td title='com.city.service.EmergencyServiceTest.testDispatchEmergencyServiceWithEmptyAlertId()'><b>testDispatchEmergencyServiceWithEmptyAlertId</b><br>Test class: com.city.service.EmergencyServiceTest</td>
<td><div><pre>com.city.exception.InvalidInputException: Alert ID cannot be null or empty
	at com.city.service.EmergencyService.dispatchEmergencyService(EmergencyService.java:51)
	at com.city.service.EmergencyServiceTest.testDispatchEmergencyServiceWithEmptyAlertId(EmergencyServiceTest.java:142)
	at java.base/java.util.ArrayList.forEach(ArrayList.java:1604)
... Removed 30 stack frames</pre></div><a href='#' onClick='toggleBox("stack-trace1864230087", this, "Click to show all stack frames", "Click to hide stack frames")'>Click to show all stack frames</a>
<div class='stack-trace' id='stack-trace1864230087'><pre>com.city.exception.InvalidInputException: Alert ID cannot be null or empty
	at com.city.service.EmergencyService.dispatchEmergencyService(EmergencyService.java:51)
	at com.city.service.EmergencyServiceTest.testDispatchEmergencyServiceWithEmptyAlertId(EmergencyServiceTest.java:142)
	at java.base/jdk.internal.reflect.DirectMethodHandleAccessor.invoke(DirectMethodHandleAccessor.java:104)
	at java.base/java.lang.reflect.Method.invoke(Method.java:565)
	at org.testng.internal.invokers.MethodInvocationHelper.invokeMethod(MethodInvocationHelper.java:141)
	at org.testng.internal.invokers.TestInvoker.invokeMethod(TestInvoker.java:687)
	at org.testng.internal.invokers.TestInvoker.invokeTestMethod(TestInvoker.java:230)
	at org.testng.internal.invokers.MethodRunner.runInSequence(MethodRunner.java:63)
	at org.testng.internal.invokers.TestInvoker$MethodInvocationAgent.invoke(TestInvoker.java:995)
	at org.testng.internal.invokers.TestInvoker.invokeTestMethods(TestInvoker.java:203)
	at org.testng.internal.invokers.TestMethodWorker.invokeTestMethods(TestMethodWorker.java:154)
	at org.testng.internal.invokers.TestMethodWorker.run(TestMethodWorker.java:134)
	at java.base/java.util.ArrayList.forEach(ArrayList.java:1604)
	at org.testng.TestRunner.privateRun(TestRunner.java:741)
	at org.testng.TestRunner.run(TestRunner.java:616)
	at org.testng.SuiteRunner.runTest(SuiteRunner.java:421)
	at org.testng.SuiteRunner.runSequentially(SuiteRunner.java:413)
	at org.testng.SuiteRunner.privateRun(SuiteRunner.java:373)
	at org.testng.SuiteRunner.run(SuiteRunner.java:312)
	at org.testng.SuiteRunnerWorker.runSuite(SuiteRunnerWorker.java:52)
	at org.testng.SuiteRunnerWorker.run(SuiteRunnerWorker.java:95)
	at org.testng.TestNG.runSuitesSequentially(TestNG.java:1274)
	at org.testng.TestNG.runSuitesLocally(TestNG.java:1208)
	at org.testng.TestNG.runSuites(TestNG.java:1112)
	at org.testng.TestNG.run(TestNG.java:1079)
	at org.apache.maven.surefire.testng.TestNGExecutor.run(TestNGExecutor.java:155)
	at org.apache.maven.surefire.testng.TestNGDirectoryTestSuite.executeMulti(TestNGDirectoryTestSuite.java:169)
	at org.apache.maven.surefire.testng.TestNGDirectoryTestSuite.execute(TestNGDirectoryTestSuite.java:88)
	at org.apache.maven.surefire.testng.TestNGProvider.invoke(TestNGProvider.java:137)
	at org.apache.maven.surefire.booter.ForkedBooter.runSuitesInProcess(ForkedBooter.java:385)
	at org.apache.maven.surefire.booter.ForkedBooter.execute(ForkedBooter.java:162)
	at org.apache.maven.surefire.booter.ForkedBooter.run(ForkedBooter.java:507)
	at org.apache.maven.surefire.booter.ForkedBooter.main(ForkedBooter.java:495)
</pre></div></td>
<td>0</td>
<td>com.city.service.EmergencyServiceTest@2cbb3d47</td></tr>
<tr>
<td title='com.city.service.AnalyticsServiceTest.testGenerateUtilityConsumptionReport()'><b>testGenerateUtilityConsumptionReport</b><br>Test class: com.city.service.AnalyticsServiceTest</td>
<td></td>
<td>0</td>
<td>com.city.service.AnalyticsServiceTest@3ee0fea4</td></tr>
<tr>
<td title='com.city.service.EmergencyServiceTest.testRaiseEmergencyAlertWithNullSeverity()'><b>testRaiseEmergencyAlertWithNullSeverity</b><br>Test class: com.city.service.EmergencyServiceTest</td>
<td><div><pre>com.city.exception.InvalidInputException: Emergency Severity cannot be null
	at com.city.service.EmergencyService.raiseEmergencyAlert(EmergencyService.java:32)
	at com.city.service.EmergencyServiceTest.testRaiseEmergencyAlertWithNullSeverity(EmergencyServiceTest.java:111)
	at java.base/java.util.ArrayList.forEach(ArrayList.java:1604)
... Removed 30 stack frames</pre></div><a href='#' onClick='toggleBox("stack-trace846254484", this, "Click to show all stack frames", "Click to hide stack frames")'>Click to show all stack frames</a>
<div class='stack-trace' id='stack-trace846254484'><pre>com.city.exception.InvalidInputException: Emergency Severity cannot be null
	at com.city.service.EmergencyService.raiseEmergencyAlert(EmergencyService.java:32)
	at com.city.service.EmergencyServiceTest.testRaiseEmergencyAlertWithNullSeverity(EmergencyServiceTest.java:111)
	at java.base/jdk.internal.reflect.DirectMethodHandleAccessor.invoke(DirectMethodHandleAccessor.java:104)
	at java.base/java.lang.reflect.Method.invoke(Method.java:565)
	at org.testng.internal.invokers.MethodInvocationHelper.invokeMethod(MethodInvocationHelper.java:141)
	at org.testng.internal.invokers.TestInvoker.invokeMethod(TestInvoker.java:687)
	at org.testng.internal.invokers.TestInvoker.invokeTestMethod(TestInvoker.java:230)
	at org.testng.internal.invokers.MethodRunner.runInSequence(MethodRunner.java:63)
	at org.testng.internal.invokers.TestInvoker$MethodInvocationAgent.invoke(TestInvoker.java:995)
	at org.testng.internal.invokers.TestInvoker.invokeTestMethods(TestInvoker.java:203)
	at org.testng.internal.invokers.TestMethodWorker.invokeTestMethods(TestMethodWorker.java:154)
	at org.testng.internal.invokers.TestMethodWorker.run(TestMethodWorker.java:134)
	at java.base/java.util.ArrayList.forEach(ArrayList.java:1604)
	at org.testng.TestRunner.privateRun(TestRunner.java:741)
	at org.testng.TestRunner.run(TestRunner.java:616)
	at org.testng.SuiteRunner.runTest(SuiteRunner.java:421)
	at org.testng.SuiteRunner.runSequentially(SuiteRunner.java:413)
	at org.testng.SuiteRunner.privateRun(SuiteRunner.java:373)
	at org.testng.SuiteRunner.run(SuiteRunner.java:312)
	at org.testng.SuiteRunnerWorker.runSuite(SuiteRunnerWorker.java:52)
	at org.testng.SuiteRunnerWorker.run(SuiteRunnerWorker.java:95)
	at org.testng.TestNG.runSuitesSequentially(TestNG.java:1274)
	at org.testng.TestNG.runSuitesLocally(TestNG.java:1208)
	at org.testng.TestNG.runSuites(TestNG.java:1112)
	at org.testng.TestNG.run(TestNG.java:1079)
	at org.apache.maven.surefire.testng.TestNGExecutor.run(TestNGExecutor.java:155)
	at org.apache.maven.surefire.testng.TestNGDirectoryTestSuite.executeMulti(TestNGDirectoryTestSuite.java:169)
	at org.apache.maven.surefire.testng.TestNGDirectoryTestSuite.execute(TestNGDirectoryTestSuite.java:88)
	at org.apache.maven.surefire.testng.TestNGProvider.invoke(TestNGProvider.java:137)
	at org.apache.maven.surefire.booter.ForkedBooter.runSuitesInProcess(ForkedBooter.java:385)
	at org.apache.maven.surefire.booter.ForkedBooter.execute(ForkedBooter.java:162)
	at org.apache.maven.surefire.booter.ForkedBooter.run(ForkedBooter.java:507)
	at org.apache.maven.surefire.booter.ForkedBooter.main(ForkedBooter.java:495)
</pre></div></td>
<td>0</td>
<td>com.city.service.EmergencyServiceTest@2cbb3d47</td></tr>
<tr>
<td title='com.city.service.AnalyticsServiceTest.testGenerateEmergencyReport_NoData()'><b>testGenerateEmergencyReport_NoData</b><br>Test class: com.city.service.AnalyticsServiceTest</td>
<td></td>
<td>0</td>
<td>com.city.service.AnalyticsServiceTest@3ee0fea4</td></tr>
<tr>
<td title='com.city.service.ComplaintServiceTest.testUpdateComplaintStatusWithNonExistentComplaint()'><b>testUpdateComplaintStatusWithNonExistentComplaint</b><br>Test class: com.city.service.ComplaintServiceTest</td>
<td><div><pre>com.city.exception.ServiceUnavailableException: Complaint with ID NON_EXISTENT not found
	at com.city.service.ComplaintService.updateComplaintStatus(ComplaintService.java:69)
	at com.city.service.ComplaintServiceTest.testUpdateComplaintStatusWithNonExistentComplaint(ComplaintServiceTest.java:197)
	at java.base/java.util.ArrayList.forEach(ArrayList.java:1604)
... Removed 30 stack frames</pre></div><a href='#' onClick='toggleBox("stack-trace403147759", this, "Click to show all stack frames", "Click to hide stack frames")'>Click to show all stack frames</a>
<div class='stack-trace' id='stack-trace403147759'><pre>com.city.exception.ServiceUnavailableException: Complaint with ID NON_EXISTENT not found
	at com.city.service.ComplaintService.updateComplaintStatus(ComplaintService.java:69)
	at com.city.service.ComplaintServiceTest.testUpdateComplaintStatusWithNonExistentComplaint(ComplaintServiceTest.java:197)
	at java.base/jdk.internal.reflect.DirectMethodHandleAccessor.invoke(DirectMethodHandleAccessor.java:104)
	at java.base/java.lang.reflect.Method.invoke(Method.java:565)
	at org.testng.internal.invokers.MethodInvocationHelper.invokeMethod(MethodInvocationHelper.java:141)
	at org.testng.internal.invokers.TestInvoker.invokeMethod(TestInvoker.java:687)
	at org.testng.internal.invokers.TestInvoker.invokeTestMethod(TestInvoker.java:230)
	at org.testng.internal.invokers.MethodRunner.runInSequence(MethodRunner.java:63)
	at org.testng.internal.invokers.TestInvoker$MethodInvocationAgent.invoke(TestInvoker.java:995)
	at org.testng.internal.invokers.TestInvoker.invokeTestMethods(TestInvoker.java:203)
	at org.testng.internal.invokers.TestMethodWorker.invokeTestMethods(TestMethodWorker.java:154)
	at org.testng.internal.invokers.TestMethodWorker.run(TestMethodWorker.java:134)
	at java.base/java.util.ArrayList.forEach(ArrayList.java:1604)
	at org.testng.TestRunner.privateRun(TestRunner.java:741)
	at org.testng.TestRunner.run(TestRunner.java:616)
	at org.testng.SuiteRunner.runTest(SuiteRunner.java:421)
	at org.testng.SuiteRunner.runSequentially(SuiteRunner.java:413)
	at org.testng.SuiteRunner.privateRun(SuiteRunner.java:373)
	at org.testng.SuiteRunner.run(SuiteRunner.java:312)
	at org.testng.SuiteRunnerWorker.runSuite(SuiteRunnerWorker.java:52)
	at org.testng.SuiteRunnerWorker.run(SuiteRunnerWorker.java:95)
	at org.testng.TestNG.runSuitesSequentially(TestNG.java:1274)
	at org.testng.TestNG.runSuitesLocally(TestNG.java:1208)
	at org.testng.TestNG.runSuites(TestNG.java:1112)
	at org.testng.TestNG.run(TestNG.java:1079)
	at org.apache.maven.surefire.testng.TestNGExecutor.run(TestNGExecutor.java:155)
	at org.apache.maven.surefire.testng.TestNGDirectoryTestSuite.executeMulti(TestNGDirectoryTestSuite.java:169)
	at org.apache.maven.surefire.testng.TestNGDirectoryTestSuite.execute(TestNGDirectoryTestSuite.java:88)
	at org.apache.maven.surefire.testng.TestNGProvider.invoke(TestNGProvider.java:137)
	at org.apache.maven.surefire.booter.ForkedBooter.runSuitesInProcess(ForkedBooter.java:385)
	at org.apache.maven.surefire.booter.ForkedBooter.execute(ForkedBooter.java:162)
	at org.apache.maven.surefire.booter.ForkedBooter.run(ForkedBooter.java:507)
	at org.apache.maven.surefire.booter.ForkedBooter.main(ForkedBooter.java:495)
</pre></div></td>
<td>0</td>
<td>com.city.service.ComplaintServiceTest@7fc229ab</td></tr>
<tr>
<td title='com.city.service.ComplaintServiceTest.testRegisterComplaintWithNullPriority()'><b>testRegisterComplaintWithNullPriority</b><br>Test class: com.city.service.ComplaintServiceTest</td>
<td><div><pre>com.city.exception.InvalidInputException: Complaint Priority cannot be null
	at com.city.service.ComplaintService.registerComplaint(ComplaintService.java:43)
	at com.city.service.ComplaintServiceTest.testRegisterComplaintWithNullPriority(ComplaintServiceTest.java:151)
	at java.base/java.util.ArrayList.forEach(ArrayList.java:1604)
... Removed 30 stack frames</pre></div><a href='#' onClick='toggleBox("stack-trace1954406292", this, "Click to show all stack frames", "Click to hide stack frames")'>Click to show all stack frames</a>
<div class='stack-trace' id='stack-trace1954406292'><pre>com.city.exception.InvalidInputException: Complaint Priority cannot be null
	at com.city.service.ComplaintService.registerComplaint(ComplaintService.java:43)
	at com.city.service.ComplaintServiceTest.testRegisterComplaintWithNullPriority(ComplaintServiceTest.java:151)
	at java.base/jdk.internal.reflect.DirectMethodHandleAccessor.invoke(DirectMethodHandleAccessor.java:104)
	at java.base/java.lang.reflect.Method.invoke(Method.java:565)
	at org.testng.internal.invokers.MethodInvocationHelper.invokeMethod(MethodInvocationHelper.java:141)
	at org.testng.internal.invokers.TestInvoker.invokeMethod(TestInvoker.java:687)
	at org.testng.internal.invokers.TestInvoker.invokeTestMethod(TestInvoker.java:230)
	at org.testng.internal.invokers.MethodRunner.runInSequence(MethodRunner.java:63)
	at org.testng.internal.invokers.TestInvoker$MethodInvocationAgent.invoke(TestInvoker.java:995)
	at org.testng.internal.invokers.TestInvoker.invokeTestMethods(TestInvoker.java:203)
	at org.testng.internal.invokers.TestMethodWorker.invokeTestMethods(TestMethodWorker.java:154)
	at org.testng.internal.invokers.TestMethodWorker.run(TestMethodWorker.java:134)
	at java.base/java.util.ArrayList.forEach(ArrayList.java:1604)
	at org.testng.TestRunner.privateRun(TestRunner.java:741)
	at org.testng.TestRunner.run(TestRunner.java:616)
	at org.testng.SuiteRunner.runTest(SuiteRunner.java:421)
	at org.testng.SuiteRunner.runSequentially(SuiteRunner.java:413)
	at org.testng.SuiteRunner.privateRun(SuiteRunner.java:373)
	at org.testng.SuiteRunner.run(SuiteRunner.java:312)
	at org.testng.SuiteRunnerWorker.runSuite(SuiteRunnerWorker.java:52)
	at org.testng.SuiteRunnerWorker.run(SuiteRunnerWorker.java:95)
	at org.testng.TestNG.runSuitesSequentially(TestNG.java:1274)
	at org.testng.TestNG.runSuitesLocally(TestNG.java:1208)
	at org.testng.TestNG.runSuites(TestNG.java:1112)
	at org.testng.TestNG.run(TestNG.java:1079)
	at org.apache.maven.surefire.testng.TestNGExecutor.run(TestNGExecutor.java:155)
	at org.apache.maven.surefire.testng.TestNGDirectoryTestSuite.executeMulti(TestNGDirectoryTestSuite.java:169)
	at org.apache.maven.surefire.testng.TestNGDirectoryTestSuite.execute(TestNGDirectoryTestSuite.java:88)
	at org.apache.maven.surefire.testng.TestNGProvider.invoke(TestNGProvider.java:137)
	at org.apache.maven.surefire.booter.ForkedBooter.runSuitesInProcess(ForkedBooter.java:385)
	at org.apache.maven.surefire.booter.ForkedBooter.execute(ForkedBooter.java:162)
	at org.apache.maven.surefire.booter.ForkedBooter.run(ForkedBooter.java:507)
	at org.apache.maven.surefire.booter.ForkedBooter.main(ForkedBooter.java:495)
</pre></div></td>
<td>0</td>
<td>com.city.service.ComplaintServiceTest@7fc229ab</td></tr>
<tr>
<td title='com.city.service.ComplaintServiceTest.testUpdateComplaintStatus()'><b>testUpdateComplaintStatus</b><br>Test class: com.city.service.ComplaintServiceTest<br>Parameters: 1</td>
<td></td>
<td>0</td>
<td>com.city.service.ComplaintServiceTest@7fc229ab</td></tr>
<tr>
<td title='com.city.service.TrafficManagementServiceTest.testOptimizeTrafficSignalWithNull()'><b>testOptimizeTrafficSignalWithNull</b><br>Test class: com.city.service.TrafficManagementServiceTest</td>
<td><div><pre>com.city.exception.InvalidInputException: Area cannot be null or empty
	at com.city.service.TrafficManagementService.optimizeTrafficSignals(TrafficManagementService.java:67)
	at com.city.service.TrafficManagementServiceTest.testOptimizeTrafficSignalWithNull(TrafficManagementServiceTest.java:139)
	at java.base/java.util.ArrayList.forEach(ArrayList.java:1604)
... Removed 30 stack frames</pre></div><a href='#' onClick='toggleBox("stack-trace928294079", this, "Click to show all stack frames", "Click to hide stack frames")'>Click to show all stack frames</a>
<div class='stack-trace' id='stack-trace928294079'><pre>com.city.exception.InvalidInputException: Area cannot be null or empty
	at com.city.service.TrafficManagementService.optimizeTrafficSignals(TrafficManagementService.java:67)
	at com.city.service.TrafficManagementServiceTest.testOptimizeTrafficSignalWithNull(TrafficManagementServiceTest.java:139)
	at java.base/jdk.internal.reflect.DirectMethodHandleAccessor.invoke(DirectMethodHandleAccessor.java:104)
	at java.base/java.lang.reflect.Method.invoke(Method.java:565)
	at org.testng.internal.invokers.MethodInvocationHelper.invokeMethod(MethodInvocationHelper.java:141)
	at org.testng.internal.invokers.TestInvoker.invokeMethod(TestInvoker.java:687)
	at org.testng.internal.invokers.TestInvoker.invokeTestMethod(TestInvoker.java:230)
	at org.testng.internal.invokers.MethodRunner.runInSequence(MethodRunner.java:63)
	at org.testng.internal.invokers.TestInvoker$MethodInvocationAgent.invoke(TestInvoker.java:995)
	at org.testng.internal.invokers.TestInvoker.invokeTestMethods(TestInvoker.java:203)
	at org.testng.internal.invokers.TestMethodWorker.invokeTestMethods(TestMethodWorker.java:154)
	at org.testng.internal.invokers.TestMethodWorker.run(TestMethodWorker.java:134)
	at java.base/java.util.ArrayList.forEach(ArrayList.java:1604)
	at org.testng.TestRunner.privateRun(TestRunner.java:741)
	at org.testng.TestRunner.run(TestRunner.java:616)
	at org.testng.SuiteRunner.runTest(SuiteRunner.java:421)
	at org.testng.SuiteRunner.runSequentially(SuiteRunner.java:413)
	at org.testng.SuiteRunner.privateRun(SuiteRunner.java:373)
	at org.testng.SuiteRunner.run(SuiteRunner.java:312)
	at org.testng.SuiteRunnerWorker.runSuite(SuiteRunnerWorker.java:52)
	at org.testng.SuiteRunnerWorker.run(SuiteRunnerWorker.java:95)
	at org.testng.TestNG.runSuitesSequentially(TestNG.java:1274)
	at org.testng.TestNG.runSuitesLocally(TestNG.java:1208)
	at org.testng.TestNG.runSuites(TestNG.java:1112)
	at org.testng.TestNG.run(TestNG.java:1079)
	at org.apache.maven.surefire.testng.TestNGExecutor.run(TestNGExecutor.java:155)
	at org.apache.maven.surefire.testng.TestNGDirectoryTestSuite.executeMulti(TestNGDirectoryTestSuite.java:169)
	at org.apache.maven.surefire.testng.TestNGDirectoryTestSuite.execute(TestNGDirectoryTestSuite.java:88)
	at org.apache.maven.surefire.testng.TestNGProvider.invoke(TestNGProvider.java:137)
	at org.apache.maven.surefire.booter.ForkedBooter.runSuitesInProcess(ForkedBooter.java:385)
	at org.apache.maven.surefire.booter.ForkedBooter.execute(ForkedBooter.java:162)
	at org.apache.maven.surefire.booter.ForkedBooter.run(ForkedBooter.java:507)
	at org.apache.maven.surefire.booter.ForkedBooter.main(ForkedBooter.java:495)
</pre></div></td>
<td>0</td>
<td>com.city.service.TrafficManagementServiceTest@527e5409</td></tr>
<tr>
<td title='com.city.service.UtilityMonitoringServiceTest.testRecordUtilityConsumptionWithNegativeReading()'><b>testRecordUtilityConsumptionWithNegativeReading</b><br>Test class: com.city.service.UtilityMonitoringServiceTest</td>
<td><div><pre>com.city.exception.InvalidInputException: Meter Reading cannot be negative
	at com.city.service.UtilityMonitoringService.recordUtilityConsumption(UtilityMonitoringService.java:31)
	at com.city.service.UtilityMonitoringServiceTest.testRecordUtilityConsumptionWithNegativeReading(UtilityMonitoringServiceTest.java:82)
	at java.base/java.util.ArrayList.forEach(ArrayList.java:1604)
... Removed 30 stack frames</pre></div><a href='#' onClick='toggleBox("stack-trace978508707", this, "Click to show all stack frames", "Click to hide stack frames")'>Click to show all stack frames</a>
<div class='stack-trace' id='stack-trace978508707'><pre>com.city.exception.InvalidInputException: Meter Reading cannot be negative
	at com.city.service.UtilityMonitoringService.recordUtilityConsumption(UtilityMonitoringService.java:31)
	at com.city.service.UtilityMonitoringServiceTest.testRecordUtilityConsumptionWithNegativeReading(UtilityMonitoringServiceTest.java:82)
	at java.base/jdk.internal.reflect.DirectMethodHandleAccessor.invoke(DirectMethodHandleAccessor.java:104)
	at java.base/java.lang.reflect.Method.invoke(Method.java:565)
	at org.testng.internal.invokers.MethodInvocationHelper.invokeMethod(MethodInvocationHelper.java:141)
	at org.testng.internal.invokers.TestInvoker.invokeMethod(TestInvoker.java:687)
	at org.testng.internal.invokers.TestInvoker.invokeTestMethod(TestInvoker.java:230)
	at org.testng.internal.invokers.MethodRunner.runInSequence(MethodRunner.java:63)
	at org.testng.internal.invokers.TestInvoker$MethodInvocationAgent.invoke(TestInvoker.java:995)
	at org.testng.internal.invokers.TestInvoker.invokeTestMethods(TestInvoker.java:203)
	at org.testng.internal.invokers.TestMethodWorker.invokeTestMethods(TestMethodWorker.java:154)
	at org.testng.internal.invokers.TestMethodWorker.run(TestMethodWorker.java:134)
	at java.base/java.util.ArrayList.forEach(ArrayList.java:1604)
	at org.testng.TestRunner.privateRun(TestRunner.java:741)
	at org.testng.TestRunner.run(TestRunner.java:616)
	at org.testng.SuiteRunner.runTest(SuiteRunner.java:421)
	at org.testng.SuiteRunner.runSequentially(SuiteRunner.java:413)
	at org.testng.SuiteRunner.privateRun(SuiteRunner.java:373)
	at org.testng.SuiteRunner.run(SuiteRunner.java:312)
	at org.testng.SuiteRunnerWorker.runSuite(SuiteRunnerWorker.java:52)
	at org.testng.SuiteRunnerWorker.run(SuiteRunnerWorker.java:95)
	at org.testng.TestNG.runSuitesSequentially(TestNG.java:1274)
	at org.testng.TestNG.runSuitesLocally(TestNG.java:1208)
	at org.testng.TestNG.runSuites(TestNG.java:1112)
	at org.testng.TestNG.run(TestNG.java:1079)
	at org.apache.maven.surefire.testng.TestNGExecutor.run(TestNGExecutor.java:155)
	at org.apache.maven.surefire.testng.TestNGDirectoryTestSuite.executeMulti(TestNGDirectoryTestSuite.java:169)
	at org.apache.maven.surefire.testng.TestNGDirectoryTestSuite.execute(TestNGDirectoryTestSuite.java:88)
	at org.apache.maven.surefire.testng.TestNGProvider.invoke(TestNGProvider.java:137)
	at org.apache.maven.surefire.booter.ForkedBooter.runSuitesInProcess(ForkedBooter.java:385)
	at org.apache.maven.surefire.booter.ForkedBooter.execute(ForkedBooter.java:162)
	at org.apache.maven.surefire.booter.ForkedBooter.run(ForkedBooter.java:507)
	at org.apache.maven.surefire.booter.ForkedBooter.main(ForkedBooter.java:495)
</pre></div></td>
<td>0</td>
<td>com.city.service.UtilityMonitoringServiceTest@1198b989</td></tr>
<tr>
<td title='com.city.service.UtilityMonitoringServiceTest.testDetectAnomaliesWhereNoAnomalies()'><b>testDetectAnomaliesWhereNoAnomalies</b><br>Test class: com.city.service.UtilityMonitoringServiceTest</td>
<td></td>
<td>0</td>
<td>com.city.service.UtilityMonitoringServiceTest@1198b989</td></tr>
<tr>
<td title='com.city.service.EmergencyServiceTest.testRaiseEmergencyAlertWithNullLocation()'><b>testRaiseEmergencyAlertWithNullLocation</b><br>Test class: com.city.service.EmergencyServiceTest</td>
<td><div><pre>com.city.exception.InvalidInputException: Emergency Location cannot be null or empty
	at com.city.service.EmergencyService.raiseEmergencyAlert(EmergencyService.java:29)
	at com.city.service.EmergencyServiceTest.testRaiseEmergencyAlertWithNullLocation(EmergencyServiceTest.java:101)
	at java.base/java.util.ArrayList.forEach(ArrayList.java:1604)
... Removed 30 stack frames</pre></div><a href='#' onClick='toggleBox("stack-trace1427381743", this, "Click to show all stack frames", "Click to hide stack frames")'>Click to show all stack frames</a>
<div class='stack-trace' id='stack-trace1427381743'><pre>com.city.exception.InvalidInputException: Emergency Location cannot be null or empty
	at com.city.service.EmergencyService.raiseEmergencyAlert(EmergencyService.java:29)
	at com.city.service.EmergencyServiceTest.testRaiseEmergencyAlertWithNullLocation(EmergencyServiceTest.java:101)
	at java.base/jdk.internal.reflect.DirectMethodHandleAccessor.invoke(DirectMethodHandleAccessor.java:104)
	at java.base/java.lang.reflect.Method.invoke(Method.java:565)
	at org.testng.internal.invokers.MethodInvocationHelper.invokeMethod(MethodInvocationHelper.java:141)
	at org.testng.internal.invokers.TestInvoker.invokeMethod(TestInvoker.java:687)
	at org.testng.internal.invokers.TestInvoker.invokeTestMethod(TestInvoker.java:230)
	at org.testng.internal.invokers.MethodRunner.runInSequence(MethodRunner.java:63)
	at org.testng.internal.invokers.TestInvoker$MethodInvocationAgent.invoke(TestInvoker.java:995)
	at org.testng.internal.invokers.TestInvoker.invokeTestMethods(TestInvoker.java:203)
	at org.testng.internal.invokers.TestMethodWorker.invokeTestMethods(TestMethodWorker.java:154)
	at org.testng.internal.invokers.TestMethodWorker.run(TestMethodWorker.java:134)
	at java.base/java.util.ArrayList.forEach(ArrayList.java:1604)
	at org.testng.TestRunner.privateRun(TestRunner.java:741)
	at org.testng.TestRunner.run(TestRunner.java:616)
	at org.testng.SuiteRunner.runTest(SuiteRunner.java:421)
	at org.testng.SuiteRunner.runSequentially(SuiteRunner.java:413)
	at org.testng.SuiteRunner.privateRun(SuiteRunner.java:373)
	at org.testng.SuiteRunner.run(SuiteRunner.java:312)
	at org.testng.SuiteRunnerWorker.runSuite(SuiteRunnerWorker.java:52)
	at org.testng.SuiteRunnerWorker.run(SuiteRunnerWorker.java:95)
	at org.testng.TestNG.runSuitesSequentially(TestNG.java:1274)
	at org.testng.TestNG.runSuitesLocally(TestNG.java:1208)
	at org.testng.TestNG.runSuites(TestNG.java:1112)
	at org.testng.TestNG.run(TestNG.java:1079)
	at org.apache.maven.surefire.testng.TestNGExecutor.run(TestNGExecutor.java:155)
	at org.apache.maven.surefire.testng.TestNGDirectoryTestSuite.executeMulti(TestNGDirectoryTestSuite.java:169)
	at org.apache.maven.surefire.testng.TestNGDirectoryTestSuite.execute(TestNGDirectoryTestSuite.java:88)
	at org.apache.maven.surefire.testng.TestNGProvider.invoke(TestNGProvider.java:137)
	at org.apache.maven.surefire.booter.ForkedBooter.runSuitesInProcess(ForkedBooter.java:385)
	at org.apache.maven.surefire.booter.ForkedBooter.execute(ForkedBooter.java:162)
	at org.apache.maven.surefire.booter.ForkedBooter.run(ForkedBooter.java:507)
	at org.apache.maven.surefire.booter.ForkedBooter.main(ForkedBooter.java:495)
</pre></div></td>
<td>0</td>
<td>com.city.service.EmergencyServiceTest@2cbb3d47</td></tr>
</table><p>
</body>
</html>