<?xml version="1.0" encoding="UTF-8"?>
<!-- Generated by org.testng.reporters.JUnitXMLReporter -->
<testsuite ignored="0" hostname="DESKTOP-TO96F33" failures="1" tests="13" name="Cart Tests" time="3.467" errors="0" timestamp="2025-10-07T23:02:02 IST">
  <testcase classname="tests.CheckoutTest" name="@BeforeMethod setup" time="2.174">
    <failure type="java.lang.IllegalArgumentException" message="Item not found: Flat White">
      <![CDATA[java.lang.IllegalArgumentException: Item not found: Flat White
at pages.MenuPage.addItemToCart(MenuPage.java:39)
at tests.CheckoutTest.setup(CheckoutTest.java:40)
at java.base/java.util.ArrayList.forEach(ArrayList.java:1596)
at java.base/java.util.concurrent.FutureTask.run(FutureTask.java:317)
at java.base/java.util.concurrent.ThreadPoolExecutor.runWorker(ThreadPoolExecutor.java:1144)
at java.base/java.util.concurrent.ThreadPoolExecutor$Worker.run(ThreadPoolExecutor.java:642)
at java.base/java.lang.Thread.run(Thread.java:1583)
... Removed 19 stack frames]]>
    </failure>
  </testcase> <!-- @BeforeMethod setup -->
  <testcase classname="tests.CheckoutTest" name="@AfterMethod tearDown" time="0.0">
    <skipped/>
  </testcase> <!-- @AfterMethod tearDown -->
  <testcase classname="tests.CheckoutTest" name="@BeforeMethod setup" time="0.0">
    <skipped/>
  </testcase> <!-- @BeforeMethod setup -->
  <testcase classname="tests.CheckoutTest" name="@AfterMethod tearDown" time="0.0">
    <skipped/>
  </testcase> <!-- @AfterMethod tearDown -->
  <testcase classname="tests.CheckoutTest" name="@BeforeMethod setup" time="0.0">
    <skipped/>
  </testcase> <!-- @BeforeMethod setup -->
  <testcase classname="tests.CheckoutTest" name="@AfterMethod tearDown" time="0.0">
    <skipped/>
  </testcase> <!-- @AfterMethod tearDown -->
  <testcase classname="tests.CheckoutTest" name="@BeforeMethod setup" time="0.0">
    <skipped/>
  </testcase> <!-- @BeforeMethod setup -->
  <testcase classname="tests.CheckoutTest" name="@AfterMethod tearDown" time="0.0">
    <skipped/>
  </testcase> <!-- @AfterMethod tearDown -->
  <testcase classname="tests.CheckoutTest" name="@BeforeMethod setup" time="0.0">
    <skipped/>
  </testcase> <!-- @BeforeMethod setup -->
  <testcase classname="tests.CheckoutTest" name="@AfterMethod tearDown" time="0.0">
    <skipped/>
  </testcase> <!-- @AfterMethod tearDown -->
  <testcase classname="tests.CheckoutTest" name="@BeforeMethod setup" time="0.0">
    <skipped/>
  </testcase> <!-- @BeforeMethod setup -->
  <testcase classname="tests.CheckoutTest" name="@AfterMethod tearDown" time="0.0">
    <skipped/>
  </testcase> <!-- @AfterMethod tearDown -->
  <testcase classname="tests.CartTests" name="verifyCheckoutButtonNavigatesToCheckoutPage" time="0.029">
    <failure type="java.lang.IllegalArgumentException" message="Item not found: Cafe Latte">
      <![CDATA[java.lang.IllegalArgumentException: Item not found: Cafe Latte
at pages.MenuPage.addItemToCart(MenuPage.java:39)
at tests.CartTests.verifyCheckoutButtonNavigatesToCheckoutPage(CartTests.java:145)
at java.base/java.util.ArrayList.forEach(ArrayList.java:1596)
at java.base/java.util.concurrent.FutureTask.run(FutureTask.java:317)
at java.base/java.util.concurrent.ThreadPoolExecutor.runWorker(ThreadPoolExecutor.java:1144)
at java.base/java.util.concurrent.ThreadPoolExecutor$Worker.run(ThreadPoolExecutor.java:642)
at java.base/java.lang.Thread.run(Thread.java:1583)
... Removed 15 stack frames]]>
    </failure>
  </testcase> <!-- verifyCheckoutButtonNavigatesToCheckoutPage -->
  <testcase classname="tests.CartTests" name="verifyDecreasingItemQuantity" time="0.0">
    <skipped/>
  </testcase> <!-- verifyDecreasingItemQuantity -->
  <testcase classname="tests.CartTests" name="verifyIncreasingItemQuantity" time="0.0">
    <skipped/>
  </testcase> <!-- verifyIncreasingItemQuantity -->
  <testcase classname="tests.CartTests" name="verifyInitialEmptyCart" time="0.0">
    <skipped/>
  </testcase> <!-- verifyInitialEmptyCart -->
  <testcase classname="tests.CartTests" name="verifyItemIsRemovedWhenQuantityIsZero" time="0.0">
    <skipped/>
  </testcase> <!-- verifyItemIsRemovedWhenQuantityIsZero -->
  <testcase classname="tests.CartTests" name="verifyItemPresenceInCart" time="0.0">
    <skipped/>
  </testcase> <!-- verifyItemPresenceInCart -->
  <testcase classname="tests.CartTests" name="verifyItemPresenceInCart" time="0.0">
    <skipped/>
  </testcase> <!-- verifyItemPresenceInCart -->
  <testcase classname="tests.CartTests" name="verifyItemPresenceInCart" time="0.0">
    <skipped/>
  </testcase> <!-- verifyItemPresenceInCart -->
  <testcase classname="tests.CartTests" name="verifyItemPresenceInCart" time="0.0">
    <skipped/>
  </testcase> <!-- verifyItemPresenceInCart -->
  <testcase classname="tests.CartTests" name="verifyItemPresenceInCart" time="0.0">
    <skipped/>
  </testcase> <!-- verifyItemPresenceInCart -->
  <testcase classname="tests.CartTests" name="verifyMultipleItemsArePresent" time="0.0">
    <skipped/>
  </testcase> <!-- verifyMultipleItemsArePresent -->
  <testcase classname="tests.CartTests" name="verifySingleItemTotalPrice" time="0.0">
    <skipped/>
  </testcase> <!-- verifySingleItemTotalPrice -->
  <testcase classname="tests.CartTests" name="verifyTotalCartPriceWithMultipleItems" time="0.0">
    <skipped/>
  </testcase> <!-- verifyTotalCartPriceWithMultipleItems -->
</testsuite> <!-- Cart Tests -->
