<?xml version="1.0" encoding="UTF-8"?>
<!-- Generated by org.testng.reporters.JUnitXMLReporter -->
<testsuite ignored="0" hostname="DESKTOP-TO96F33" failures="1" tests="9" name="Firefox Tests" time="7.009" errors="0" timestamp="2025-10-07T23:05:44 IST">
  <testcase classname="tests.MenuTests" name="@BeforeMethod setup" time="2.674">
    <failure type="io.github.bonigarcia.wdm.config.WebDriverManagerException" message="io.github.bonigarcia.wdm.config.WebDriverManagerException: java.lang.IllegalArgumentException: URI is not absolute">
      <![CDATA[io.github.bonigarcia.wdm.config.WebDriverManagerException: io.github.bonigarcia.wdm.config.WebDriverManagerException: java.lang.IllegalArgumentException: URI is not absolute
at io.github.bonigarcia.wdm.WebDriverManager.handleException(WebDriverManager.java:1461)
at io.github.bonigarcia.wdm.WebDriverManager.manage(WebDriverManager.java:1224)
at io.github.bonigarcia.wdm.WebDriverManager.fallback(WebDriverManager.java:1477)
at io.github.bonigarcia.wdm.WebDriverManager.handleException(WebDriverManager.java:1455)
at io.github.bonigarcia.wdm.WebDriverManager.manage(WebDriverManager.java:1224)
at io.github.bonigarcia.wdm.WebDriverManager.setup(WebDriverManager.java:429)
at managers.DriverManager.initializeDriver(DriverManager.java:54)
at managers.DriverManager.getDriver(DriverManager.java:30)
at tests.MenuTests.setup(MenuTests.java:27)
at java.base/java.util.ArrayList.forEach(ArrayList.java:1596)
at java.base/java.util.concurrent.FutureTask.run(FutureTask.java:317)
at java.base/java.util.concurrent.ThreadPoolExecutor.runWorker(ThreadPoolExecutor.java:1144)
at java.base/java.util.concurrent.ThreadPoolExecutor$Worker.run(ThreadPoolExecutor.java:642)
at java.base/java.lang.Thread.run(Thread.java:1583)
Caused by: io.github.bonigarcia.wdm.config.WebDriverManagerException: java.lang.IllegalArgumentException: URI is not absolute
at io.github.bonigarcia.wdm.managers.EdgeDriverManager.getDriversFromXml(EdgeDriverManager.java:308)
at io.github.bonigarcia.wdm.managers.EdgeDriverManager.getDriverUrls(EdgeDriverManager.java:138)
at io.github.bonigarcia.wdm.WebDriverManager.createUrlHandler(WebDriverManager.java:1482)
at io.github.bonigarcia.wdm.WebDriverManager.download(WebDriverManager.java:1312)
at io.github.bonigarcia.wdm.WebDriverManager.manage(WebDriverManager.java:1218)
... 31 more
Caused by: java.lang.IllegalArgumentException: URI is not absolute
at java.base/java.net.URL.of(URL.java:862)
at java.base/java.net.URI.toURL(URI.java:1172)
at io.github.bonigarcia.wdm.managers.EdgeDriverManager.getDriversFromXml(EdgeDriverManager.java:300)
... 35 more
... Removed 19 stack frames]]>
    </failure>
  </testcase> <!-- @BeforeMethod setup -->
  <testcase classname="tests.MenuTests" name="@AfterMethod tearDown" time="0.0">
    <skipped/>
  </testcase> <!-- @AfterMethod tearDown -->
  <testcase classname="tests.MenuTests" name="@BeforeMethod setup" time="0.0">
    <skipped/>
  </testcase> <!-- @BeforeMethod setup -->
  <testcase classname="tests.MenuTests" name="@AfterMethod tearDown" time="0.0">
    <skipped/>
  </testcase> <!-- @AfterMethod tearDown -->
  <testcase classname="tests.MenuTests" name="@BeforeMethod setup" time="0.0">
    <skipped/>
  </testcase> <!-- @BeforeMethod setup -->
  <testcase classname="tests.MenuTests" name="@AfterMethod tearDown" time="0.0">
    <skipped/>
  </testcase> <!-- @AfterMethod tearDown -->
  <testcase classname="tests.MenuTests" name="@BeforeMethod setup" time="0.0">
    <skipped/>
  </testcase> <!-- @BeforeMethod setup -->
  <testcase classname="tests.MenuTests" name="@AfterMethod tearDown" time="0.0">
    <skipped/>
  </testcase> <!-- @AfterMethod tearDown -->
  <testcase classname="tests.MenuTests" name="@BeforeMethod setup" time="0.0">
    <skipped/>
  </testcase> <!-- @BeforeMethod setup -->
  <testcase classname="tests.MenuTests" name="@AfterMethod tearDown" time="0.0">
    <skipped/>
  </testcase> <!-- @AfterMethod tearDown -->
  <testcase classname="tests.MenuTests" name="@BeforeMethod setup" time="0.0">
    <skipped/>
  </testcase> <!-- @BeforeMethod setup -->
  <testcase classname="tests.MenuTests" name="@AfterMethod tearDown" time="0.0">
    <skipped/>
  </testcase> <!-- @AfterMethod tearDown -->
  <testcase classname="tests.MenuTests" name="@BeforeMethod setup" time="0.0">
    <skipped/>
  </testcase> <!-- @BeforeMethod setup -->
  <testcase classname="tests.MenuTests" name="@AfterMethod tearDown" time="0.0">
    <skipped/>
  </testcase> <!-- @AfterMethod tearDown -->
  <testcase classname="tests.MenuTests" name="@BeforeMethod setup" time="0.0">
    <skipped/>
  </testcase> <!-- @BeforeMethod setup -->
  <testcase classname="tests.MenuTests" name="@AfterMethod tearDown" time="0.0">
    <skipped/>
  </testcase> <!-- @AfterMethod tearDown -->
  <testcase classname="tests.MenuTests" name="verifyAddingSameItemsIncreaseQuantity" time="0.465">
    <failure type="java.lang.IllegalArgumentException" message="Item not found: Espresso Con Panna">
      <![CDATA[java.lang.IllegalArgumentException: Item not found: Espresso Con Panna
at pages.MenuPage.addItemToCart(MenuPage.java:39)
at tests.MenuTests.verifyAddingSameItemsIncreaseQuantity(MenuTests.java:50)
at java.base/java.util.ArrayList.forEach(ArrayList.java:1596)
at java.base/java.util.concurrent.FutureTask.run(FutureTask.java:317)
at java.base/java.util.concurrent.ThreadPoolExecutor.runWorker(ThreadPoolExecutor.java:1144)
at java.base/java.util.concurrent.ThreadPoolExecutor$Worker.run(ThreadPoolExecutor.java:642)
at java.base/java.lang.Thread.run(Thread.java:1583)
... Removed 15 stack frames]]>
    </failure>
  </testcase> <!-- verifyAddingSameItemsIncreaseQuantity -->
  <testcase classname="tests.MenuTests" name="verifyAllItemsPrices" time="0.0">
    <skipped/>
  </testcase> <!-- verifyAllItemsPrices -->
  <testcase classname="tests.MenuTests" name="verifyCartIconNavigation" time="0.0">
    <skipped/>
  </testcase> <!-- verifyCartIconNavigation -->
  <testcase classname="tests.MenuTests" name="verifyCorrectPriceDisplayed" time="0.001">
    <skipped/>
  </testcase> <!-- verifyCorrectPriceDisplayed -->
  <testcase classname="tests.MenuTests" name="verifyCorrectPriceDisplayed" time="0.0">
    <skipped/>
  </testcase> <!-- verifyCorrectPriceDisplayed -->
  <testcase classname="tests.MenuTests" name="verifyCorrectPriceDisplayed" time="0.0">
    <skipped/>
  </testcase> <!-- verifyCorrectPriceDisplayed -->
  <testcase classname="tests.MenuTests" name="verifyCorrectPriceDisplayed" time="0.0">
    <skipped/>
  </testcase> <!-- verifyCorrectPriceDisplayed -->
  <testcase classname="tests.MenuTests" name="verifyInvalidItemsCannotBeAdded" time="0.0">
    <skipped/>
  </testcase> <!-- verifyInvalidItemsCannotBeAdded -->
  <testcase classname="tests.MenuTests" name="verifyItemCanBeAddedToCart" time="0.002">
    <skipped/>
  </testcase> <!-- verifyItemCanBeAddedToCart -->
</testsuite> <!-- Firefox Tests -->
