<?xml version="1.0" encoding="UTF-8"?>
<!-- Generated by org.testng.reporters.JUnitXMLReporter -->
<testsuite ignored="0" hostname="DESKTOP-TO96F33" failures="1" tests="9" name="Edge Tests" time="6.855" errors="0" timestamp="2025-10-07T23:03:29 IST">
  <testcase classname="tests.MenuTests" name="verifyAddingSameItemsIncreaseQuantity" time="0.024">
    <failure type="java.lang.IllegalArgumentException" message="Item not found: Espresso Con Panna">
      <![CDATA[java.lang.IllegalArgumentException: Item not found: Espresso Con Panna
at pages.MenuPage.addItemToCart(MenuPage.java:39)
at tests.MenuTests.verifyAddingSameItemsIncreaseQuantity(MenuTests.java:50)
at java.base/java.util.ArrayList.forEach(ArrayList.java:1596)
at java.base/java.util.concurrent.FutureTask.run(FutureTask.java:317)
at java.base/java.util.concurrent.ThreadPoolExecutor.runWorker(ThreadPoolExecutor.java:1144)
at java.base/java.util.concurrent.ThreadPoolExecutor$Worker.run(ThreadPoolExecutor.java:642)
at java.base/java.lang.Thread.run(Thread.java:1583)
... Removed 15 stack frames]]>
    </failure>
  </testcase> <!-- verifyAddingSameItemsIncreaseQuantity -->
  <testcase classname="tests.MenuTests" name="verifyAllItemsPrices" time="0.0">
    <skipped/>
  </testcase> <!-- verifyAllItemsPrices -->
  <testcase classname="tests.MenuTests" name="verifyCartIconNavigation" time="0.001">
    <skipped/>
  </testcase> <!-- verifyCartIconNavigation -->
  <testcase classname="tests.MenuTests" name="verifyCorrectPriceDisplayed" time="0.0">
    <skipped/>
  </testcase> <!-- verifyCorrectPriceDisplayed -->
  <testcase classname="tests.MenuTests" name="verifyCorrectPriceDisplayed" time="0.0">
    <skipped/>
  </testcase> <!-- verifyCorrectPriceDisplayed -->
  <testcase classname="tests.MenuTests" name="verifyCorrectPriceDisplayed" time="0.0">
    <skipped/>
  </testcase> <!-- verifyCorrectPriceDisplayed -->
  <testcase classname="tests.MenuTests" name="verifyCorrectPriceDisplayed" time="0.0">
    <skipped/>
  </testcase> <!-- verifyCorrectPriceDisplayed -->
  <testcase classname="tests.MenuTests" name="verifyInvalidItemsCannotBeAdded" time="0.0">
    <skipped/>
  </testcase> <!-- verifyInvalidItemsCannotBeAdded -->
  <testcase classname="tests.MenuTests" name="verifyItemCanBeAddedToCart" time="0.0">
    <skipped/>
  </testcase> <!-- verifyItemCanBeAddedToCart -->
</testsuite> <!-- Edge Tests -->
